{
  "uid" : "f70f8a12935df339",
  "name" : "simpleSelect",
  "fullName" : "testPackage01.Test_SelectedValue.simpleSelect",
  "historyId" : "36df61c5fa16064939f2168a752af02b",
  "time" : {
    "start" : 1627091853232,
    "stop" : 1627091879132,
    "duration" : 25900
  },
  "status" : "failed",
  "statusMessage" : "Element Action [IdentifyUniqueElement] failed. With the following test data [zero elements found matching this locator \"By.tagName: select\".].",
  "statusTrace" : "java.lang.AssertionError: Element Action [IdentifyUniqueElement] failed. With the following test data [zero elements found matching this locator \"By.tagName: select\".].\n\tat org.testng.Assert.fail(Assert.java:99)\n\tat com.shaft.gui.element.WebDriverElementActions.failAction(WebDriverElementActions.java:1442)\n\tat com.shaft.gui.element.WebDriverElementActions.failAction(WebDriverElementActions.java:1296)\n\tat com.shaft.gui.element.WebDriverElementActions.identifyUniqueElement(WebDriverElementActions.java:1511)\n\tat com.shaft.gui.element.WebDriverElementActions.identifyUniqueElement(WebDriverElementActions.java:1305)\n\tat com.shaft.gui.element.WebDriverElementActions.select(WebDriverElementActions.java:943)\n\tat com.shaft.gui.element.ElementActions.select(ElementActions.java:459)\n\tat testPackage01.Test_SelectedValue.simpleSelect(Test_SelectedValue.java:19)\n\tat java.base/jdk.internal.reflect.NativeMethodAccessorImpl.invoke0(Native Method)\n\tat java.base/jdk.internal.reflect.NativeMethodAccessorImpl.invoke(NativeMethodAccessorImpl.java:64)\n\tat java.base/jdk.internal.reflect.DelegatingMethodAccessorImpl.invoke(DelegatingMethodAccessorImpl.java:43)\n\tat java.base/java.lang.reflect.Method.invoke(Method.java:564)\n\tat org.testng.internal.MethodInvocationHelper.invokeMethod(MethodInvocationHelper.java:133)\n\tat org.testng.internal.TestInvoker.invokeMethod(TestInvoker.java:598)\n\tat org.testng.internal.TestInvoker.invokeTestMethod(TestInvoker.java:173)\n\tat org.testng.internal.MethodRunner.runInSequence(MethodRunner.java:46)\n\tat org.testng.internal.TestInvoker$MethodInvocationAgent.invoke(TestInvoker.java:824)\n\tat org.testng.internal.TestInvoker.invokeTestMethods(TestInvoker.java:146)\n\tat org.testng.internal.TestMethodWorker.invokeTestMethods(TestMethodWorker.java:146)\n\tat org.testng.internal.TestMethodWorker.run(TestMethodWorker.java:128)\n\tat java.base/java.util.ArrayList.forEach(ArrayList.java:1511)\n\tat org.testng.TestRunner.privateRun(TestRunner.java:794)\n\tat org.testng.TestRunner.run(TestRunner.java:596)\n\tat org.testng.SuiteRunner.runTest(SuiteRunner.java:377)\n\tat org.testng.SuiteRunner.runSequentially(SuiteRunner.java:371)\n\tat org.testng.SuiteRunner.privateRun(SuiteRunner.java:332)\n\tat org.testng.SuiteRunner.run(SuiteRunner.java:276)\n\tat org.testng.SuiteRunnerWorker.runSuite(SuiteRunnerWorker.java:53)\n\tat org.testng.SuiteRunnerWorker.run(SuiteRunnerWorker.java:96)\n\tat org.testng.TestNG.runSuitesSequentially(TestNG.java:1212)\n\tat org.testng.TestNG.runSuitesLocally(TestNG.java:1134)\n\tat org.testng.TestNG.runSuites(TestNG.java:1063)\n\tat org.testng.TestNG.run(TestNG.java:1031)\n\tat org.apache.maven.surefire.testng.TestNGExecutor.run(TestNGExecutor.java:136)\n\tat org.apache.maven.surefire.testng.TestNGDirectoryTestSuite.executeMulti(TestNGDirectoryTestSuite.java:193)\n\tat org.apache.maven.surefire.testng.TestNGDirectoryTestSuite.execute(TestNGDirectoryTestSuite.java:94)\n\tat org.apache.maven.surefire.testng.TestNGProvider.invoke(TestNGProvider.java:145)\n\tat org.apache.maven.surefire.booter.ForkedBooter.runSuitesInProcess(ForkedBooter.java:428)\n\tat org.apache.maven.surefire.booter.ForkedBooter.execute(ForkedBooter.java:162)\n\tat org.apache.maven.surefire.booter.ForkedBooter.run(ForkedBooter.java:562)\n\tat org.apache.maven.surefire.booter.ForkedBooter.main(ForkedBooter.java:548)\n",
  "flaky" : false,
  "newFailed" : false,
  "beforeStages" : [ ],
  "testStage" : {
    "status" : "failed",
    "statusMessage" : "Element Action [IdentifyUniqueElement] failed. With the following test data [zero elements found matching this locator \"By.tagName: select\".].",
    "statusTrace" : "java.lang.AssertionError: Element Action [IdentifyUniqueElement] failed. With the following test data [zero elements found matching this locator \"By.tagName: select\".].\n\tat org.testng.Assert.fail(Assert.java:99)\n\tat com.shaft.gui.element.WebDriverElementActions.failAction(WebDriverElementActions.java:1442)\n\tat com.shaft.gui.element.WebDriverElementActions.failAction(WebDriverElementActions.java:1296)\n\tat com.shaft.gui.element.WebDriverElementActions.identifyUniqueElement(WebDriverElementActions.java:1511)\n\tat com.shaft.gui.element.WebDriverElementActions.identifyUniqueElement(WebDriverElementActions.java:1305)\n\tat com.shaft.gui.element.WebDriverElementActions.select(WebDriverElementActions.java:943)\n\tat com.shaft.gui.element.ElementActions.select(ElementActions.java:459)\n\tat testPackage01.Test_SelectedValue.simpleSelect(Test_SelectedValue.java:19)\n\tat java.base/jdk.internal.reflect.NativeMethodAccessorImpl.invoke0(Native Method)\n\tat java.base/jdk.internal.reflect.NativeMethodAccessorImpl.invoke(NativeMethodAccessorImpl.java:64)\n\tat java.base/jdk.internal.reflect.DelegatingMethodAccessorImpl.invoke(DelegatingMethodAccessorImpl.java:43)\n\tat java.base/java.lang.reflect.Method.invoke(Method.java:564)\n\tat org.testng.internal.MethodInvocationHelper.invokeMethod(MethodInvocationHelper.java:133)\n\tat org.testng.internal.TestInvoker.invokeMethod(TestInvoker.java:598)\n\tat org.testng.internal.TestInvoker.invokeTestMethod(TestInvoker.java:173)\n\tat org.testng.internal.MethodRunner.runInSequence(MethodRunner.java:46)\n\tat org.testng.internal.TestInvoker$MethodInvocationAgent.invoke(TestInvoker.java:824)\n\tat org.testng.internal.TestInvoker.invokeTestMethods(TestInvoker.java:146)\n\tat org.testng.internal.TestMethodWorker.invokeTestMethods(TestMethodWorker.java:146)\n\tat org.testng.internal.TestMethodWorker.run(TestMethodWorker.java:128)\n\tat java.base/java.util.ArrayList.forEach(ArrayList.java:1511)\n\tat org.testng.TestRunner.privateRun(TestRunner.java:794)\n\tat org.testng.TestRunner.run(TestRunner.java:596)\n\tat org.testng.SuiteRunner.runTest(SuiteRunner.java:377)\n\tat org.testng.SuiteRunner.runSequentially(SuiteRunner.java:371)\n\tat org.testng.SuiteRunner.privateRun(SuiteRunner.java:332)\n\tat org.testng.SuiteRunner.run(SuiteRunner.java:276)\n\tat org.testng.SuiteRunnerWorker.runSuite(SuiteRunnerWorker.java:53)\n\tat org.testng.SuiteRunnerWorker.run(SuiteRunnerWorker.java:96)\n\tat org.testng.TestNG.runSuitesSequentially(TestNG.java:1212)\n\tat org.testng.TestNG.runSuitesLocally(TestNG.java:1134)\n\tat org.testng.TestNG.runSuites(TestNG.java:1063)\n\tat org.testng.TestNG.run(TestNG.java:1031)\n\tat org.apache.maven.surefire.testng.TestNGExecutor.run(TestNGExecutor.java:136)\n\tat org.apache.maven.surefire.testng.TestNGDirectoryTestSuite.executeMulti(TestNGDirectoryTestSuite.java:193)\n\tat org.apache.maven.surefire.testng.TestNGDirectoryTestSuite.execute(TestNGDirectoryTestSuite.java:94)\n\tat org.apache.maven.surefire.testng.TestNGProvider.invoke(TestNGProvider.java:145)\n\tat org.apache.maven.surefire.booter.ForkedBooter.runSuitesInProcess(ForkedBooter.java:428)\n\tat org.apache.maven.surefire.booter.ForkedBooter.execute(ForkedBooter.java:162)\n\tat org.apache.maven.surefire.booter.ForkedBooter.run(ForkedBooter.java:562)\n\tat org.apache.maven.surefire.booter.ForkedBooter.main(ForkedBooter.java:548)\n",
    "steps" : [ {
      "name" : "Attempting to run remotely on: [Linux-64], [GoogleChrome], [http://localhost:4444/wd/hub], Headless Execution.",
      "time" : {
        "start" : 1627091853233,
        "stop" : 1627091853233,
        "duration" : 0
      },
      "status" : "passed",
      "steps" : [ ],
      "attachments" : [ ],
      "parameters" : [ {
        "name" : "actionCounter",
        "value" : "460"
      }, {
        "name" : "logText",
        "value" : "Attempting to run remotely on: [Linux-64], [GoogleChrome], [http://localhost:4444/wd/hub], Headless Execution."
      } ],
      "stepsCount" : 0,
      "attachmentsCount" : 0,
      "shouldDisplayMessage" : false,
      "hasContent" : true
    }, {
      "name" : "Successfully Opened [GoogleChrome].",
      "time" : {
        "start" : 1627091853450,
        "stop" : 1627091853450,
        "duration" : 0
      },
      "status" : "passed",
      "steps" : [ ],
      "attachments" : [ ],
      "parameters" : [ {
        "name" : "actionCounter",
        "value" : "461"
      }, {
        "name" : "logText",
        "value" : "Successfully Opened [GoogleChrome]."
      } ],
      "stepsCount" : 0,
      "attachmentsCount" : 0,
      "shouldDisplayMessage" : false,
      "hasContent" : true
    }, {
      "name" : "Browser Action [NavigateToURL] successfully performed. With the following test data [https://mdn.mozillademos.org/en-US/docs/Web/HTML/Element/select$samples/Basic_select?revision=1612304].",
      "time" : {
        "start" : 1627091853733,
        "stop" : 1627091853733,
        "duration" : 0
      },
      "status" : "passed",
      "steps" : [ ],
      "attachments" : [ ],
      "parameters" : [ {
        "name" : "actionCounter",
        "value" : "462"
      }, {
        "name" : "logText",
        "value" : "Browser Action [NavigateToURL] successfully performed. With the following test data [https://mdn.mozillademos.org/en-US/docs/Web/HTML/Element/select$samples/Basic_select?revision=1612304]."
      }, {
        "name" : "attachments",
        "value" : "[null]"
      } ],
      "stepsCount" : 0,
      "attachmentsCount" : 0,
      "shouldDisplayMessage" : false,
      "hasContent" : true
    }, {
      "name" : "Element Action [IdentifyUniqueElement] failed. With the following test data [zero elements found matching this locator \"By.tagName: select\".].",
      "time" : {
        "start" : 1627091879131,
        "stop" : 1627091879131,
        "duration" : 0
      },
      "status" : "passed",
      "steps" : [ ],
      "attachments" : [ ],
      "parameters" : [ {
        "name" : "actionCounter",
        "value" : "463"
      }, {
        "name" : "logText",
        "value" : "Element Action [IdentifyUniqueElement] failed. With the following test data [zero elements found matching this locator \"By.tagName: select\".]."
      } ],
      "stepsCount" : 0,
      "attachmentsCount" : 0,
      "shouldDisplayMessage" : false,
      "hasContent" : true
    } ],
    "attachments" : [ {
      "uid" : "5db345cd57be76f4",
      "name" : "Attachment: SHAFT Engine Logs - Current Method log: simpleSelect",
      "source" : "5db345cd57be76f4.txt",
      "type" : "text/plain",
      "size" : 1486
    } ],
    "parameters" : [ ],
    "stepsCount" : 4,
    "attachmentsCount" : 1,
    "shouldDisplayMessage" : true,
    "hasContent" : true
  },
  "afterStages" : [ {
    "name" : "closureActivities",
    "time" : {
      "start" : 1627091902646,
      "stop" : 1627091903956,
      "duration" : 1310
    },
    "description" : "",
    "status" : "passed",
    "steps" : [ {
      "name" : "Successfully Closed All Drivers.",
      "time" : {
        "start" : 1627091903422,
        "stop" : 1627091903422,
        "duration" : 0
      },
      "status" : "passed",
      "steps" : [ ],
      "attachments" : [ ],
      "parameters" : [ {
        "name" : "actionCounter",
        "value" : "512"
      }, {
        "name" : "logText",
        "value" : "Successfully Closed All Drivers."
      } ],
      "stepsCount" : 0,
      "attachmentsCount" : 0,
      "shouldDisplayMessage" : false,
      "hasContent" : true
    }, {
      "name" : "Issue Summary: Total Issues = 13, New issues for Failed Tests = 11, Open issues for Passed Tests = 2, Open issues for Failed Tests = 0. Kindly check the attached Issue details.",
      "time" : {
        "start" : 1627091903433,
        "stop" : 1627091903433,
        "duration" : 0
      },
      "status" : "passed",
      "steps" : [ ],
      "attachments" : [ {
        "uid" : "4bc55bf81a7056c3",
        "name" : "Attachment: SHAFT Engine Logs - Issues log CSV: 20210724-015823",
        "source" : "4bc55bf81a7056c3.csv",
        "type" : "text/csv",
        "size" : 1782
      } ],
      "parameters" : [ {
        "name" : "actionCounter",
        "value" : "513"
      }, {
        "name" : "logText",
        "value" : "Issue Summary: Total Issues = 13, New issues for Failed Tests = 11, Open issues for Passed Tests = 2, Open issues for Failed Tests = 0. Kindly check the attached Issue details."
      }, {
        "name" : "attachments",
        "value" : "[[SHAFT Engine Logs, Issues log CSV: 20210724-015823, java.io.ByteArrayInputStream@4ff33674]]"
      } ],
      "stepsCount" : 0,
      "attachmentsCount" : 1,
      "shouldDisplayMessage" : false,
      "hasContent" : true
    } ],
    "attachments" : [ {
      "uid" : "49601c9c56ec3a07",
      "name" : "Attachment: Selenium WebDriver Logs - server",
      "source" : "49601c9c56ec3a07.txt",
      "type" : "text/plain",
      "size" : 1288
    }, {
      "uid" : "b8c06e219f5fe430",
      "name" : "Attachment: Selenium WebDriver Logs - performance",
      "source" : "b8c06e219f5fe430.txt",
      "type" : "text/plain",
      "size" : 7816
    }, {
      "uid" : "c0c53af7d179610f",
      "name" : "Attachment: Selenium WebDriver Logs - driver",
      "source" : "c0c53af7d179610f.txt",
      "type" : "text/plain",
      "size" : 148028
    }, {
      "uid" : "3efb1885999bd414",
      "name" : "Attachment: Selenium WebDriver Logs - server",
      "source" : "3efb1885999bd414.txt",
      "type" : "text/plain",
      "size" : 1288
    }, {
      "uid" : "bfe196910afd2aa3",
      "name" : "Attachment: Selenium WebDriver Logs - performance",
      "source" : "bfe196910afd2aa3.txt",
      "type" : "text/plain",
      "size" : 800575
    }, {
      "uid" : "36e4958f99877cd9",
      "name" : "Attachment: Selenium WebDriver Logs - browser",
      "source" : "36e4958f99877cd9.txt",
      "type" : "text/plain",
      "size" : 460
    }, {
      "uid" : "d526c6b2857753be",
      "name" : "Attachment: Selenium WebDriver Logs - driver",
      "source" : "d526c6b2857753be.txt",
      "type" : "text/plain",
      "size" : 843370
    }, {
      "uid" : "cea1b107f955c7a4",
      "name" : "Attachment: Selenium WebDriver Logs - server",
      "source" : "cea1b107f955c7a4.txt",
      "type" : "text/plain",
      "size" : 1288
    }, {
      "uid" : "3018443db29502e1",
      "name" : "Attachment: Selenium WebDriver Logs - performance",
      "source" : "3018443db29502e1.txt",
      "type" : "text/plain",
      "size" : 7649
    }, {
      "uid" : "8e42a6450cbb77ad",
      "name" : "Attachment: Selenium WebDriver Logs - driver",
      "source" : "8e42a6450cbb77ad.txt",
      "type" : "text/plain",
      "size" : 145585
    }, {
      "uid" : "7dd72b1661b45b05",
      "name" : "Attachment: SHAFT Engine Logs - Execution log: 20210724-015823",
      "source" : "7dd72b1661b45b05.txt",
      "type" : "text/plain",
      "size" : 251858
    }, {
      "uid" : "5a47962d6dc90cd7",
      "name" : "Attachment: HTML - Extent Emailable Execution Report",
      "source" : "5a47962d6dc90cd7.html",
      "type" : "text/html",
      "size" : 7018575
    } ],
    "parameters" : [ ],
    "stepsCount" : 2,
    "attachmentsCount" : 13,
    "shouldDisplayMessage" : false,
    "hasContent" : true
  } ],
  "labels" : [ {
    "name" : "package",
    "value" : "testPackage01.Test_SelectedValue"
  }, {
    "name" : "testClass",
    "value" : "testPackage01.Test_SelectedValue"
  }, {
    "name" : "testMethod",
    "value" : "simpleSelect"
  }, {
    "name" : "parentSuite",
    "value" : "SHAFT: Custom Suite"
  }, {
    "name" : "suite",
    "value" : "SHAFT: Custom Test"
  }, {
    "name" : "subSuite",
    "value" : "testPackage01.Test_SelectedValue"
  }, {
    "name" : "host",
    "value" : "fv-az292-508"
  }, {
    "name" : "thread",
    "value" : "3778@fv-az292-508.main(1)"
  }, {
    "name" : "framework",
    "value" : "testng"
  }, {
    "name" : "language",
    "value" : "java"
  }, {
    "name" : "resultFormat",
    "value" : "allure2"
  } ],
  "parameters" : [ ],
  "links" : [ ],
  "hidden" : false,
  "retry" : false,
  "extra" : {
    "severity" : "normal",
    "retries" : [ ],
    "categories" : [ {
      "name" : "Product defects",
      "matchedStatuses" : [ ],
      "flaky" : false
    } ],
    "history" : {
      "statistic" : {
        "failed" : 17,
        "broken" : 1,
        "skipped" : 0,
        "passed" : 79,
        "unknown" : 0,
        "total" : 97
      },
      "items" : [ {
        "uid" : "67b68f60b2279d4",
        "reportUrl" : "https://MohabMohie.github.io/SHAFT_ENGINE/allure/594//#testresult/67b68f60b2279d4",
        "status" : "failed",
        "statusDetails" : "Element Action [IdentifyUniqueElement] failed. With the following test data [zero elements found matching this locator \"By.tagName: select\".].",
        "time" : {
          "start" : 1627005595753,
          "stop" : 1627005621819,
          "duration" : 26066
        }
      }, {
        "uid" : "ecbdd86169b8b680",
        "reportUrl" : "https://MohabMohie.github.io/SHAFT_ENGINE/allure/592//#testresult/ecbdd86169b8b680",
        "status" : "failed",
        "statusDetails" : "Element Action [IdentifyUniqueElement] failed. With the following test data [zero elements found matching this locator \"By.tagName: select\".].",
        "time" : {
          "start" : 1626919337088,
          "stop" : 1626919363039,
          "duration" : 25951
        }
      }, {
        "uid" : "ff3d908444006a88",
        "reportUrl" : "https://MohabMohie.github.io/SHAFT_ENGINE/allure/590//#testresult/ff3d908444006a88",
        "status" : "failed",
        "statusDetails" : "Element Action [IdentifyUniqueElement] failed. With the following test data [zero elements found matching this locator \"By.tagName: select\".].",
        "time" : {
          "start" : 1626832852204,
          "stop" : 1626832878176,
          "duration" : 25972
        }
      }, {
        "uid" : "7ce3cd15197ba182",
        "reportUrl" : "https://MohabMohie.github.io/SHAFT_ENGINE/allure/588//#testresult/7ce3cd15197ba182",
        "status" : "failed",
        "statusDetails" : "Element Action [IdentifyUniqueElement] failed. With the following test data [zero elements found matching this locator \"By.tagName: select\".].",
        "time" : {
          "start" : 1626746564569,
          "stop" : 1626746590750,
          "duration" : 26181
        }
      }, {
        "uid" : "b77c0d2710022b0e",
        "reportUrl" : "https://MohabMohie.github.io/SHAFT_ENGINE/allure/587//#testresult/b77c0d2710022b0e",
        "status" : "failed",
        "statusDetails" : "Element Action [IdentifyUniqueElement] failed. With the following test data [zero elements found matching this locator \"By.tagName: select\".].",
        "time" : {
          "start" : 1626659891893,
          "stop" : 1626659918085,
          "duration" : 26192
        }
      }, {
        "uid" : "213e9db5a19202d4",
        "reportUrl" : "https://MohabMohie.github.io/SHAFT_ENGINE/allure/586//#testresult/213e9db5a19202d4",
        "status" : "failed",
        "statusDetails" : "Element Action [IdentifyUniqueElement] failed. With the following test data [zero elements found matching this locator \"By.tagName: select\".].",
        "time" : {
          "start" : 1626573429459,
          "stop" : 1626573455391,
          "duration" : 25932
        }
      }, {
        "uid" : "993d75540671f38b",
        "reportUrl" : "https://MohabMohie.github.io/SHAFT_ENGINE/allure/585//#testresult/993d75540671f38b",
        "status" : "failed",
        "statusDetails" : "Element Action [IdentifyUniqueElement] failed. With the following test data [zero elements found matching this locator \"By.tagName: select\".].",
        "time" : {
          "start" : 1626486814847,
          "stop" : 1626486840692,
          "duration" : 25845
        }
      }, {
        "uid" : "6b281b704716d988",
        "reportUrl" : "https://MohabMohie.github.io/SHAFT_ENGINE/allure/584//#testresult/6b281b704716d988",
        "status" : "failed",
        "statusDetails" : "Element Action [IdentifyUniqueElement] failed. With the following test data [zero elements found matching this locator \"By.tagName: select\".].",
        "time" : {
          "start" : 1626400776493,
          "stop" : 1626400802448,
          "duration" : 25955
        }
      }, {
        "uid" : "1db1e620329fd740",
        "reportUrl" : "https://MohabMohie.github.io/SHAFT_ENGINE/allure/583//#testresult/1db1e620329fd740",
        "status" : "failed",
        "statusDetails" : "Element Action [IdentifyUniqueElement] failed. With the following test data [zero elements found matching this locator \"By.tagName: select\".].",
        "time" : {
          "start" : 1626314281663,
          "stop" : 1626314307524,
          "duration" : 25861
        }
      }, {
        "uid" : "addc86e3b7386d6e",
        "reportUrl" : "https://MohabMohie.github.io/SHAFT_ENGINE/allure/582//#testresult/addc86e3b7386d6e",
        "status" : "failed",
        "statusDetails" : "Element Action [IdentifyUniqueElement] failed. With the following test data [zero elements found matching this locator \"By.tagName: select\".].",
        "time" : {
          "start" : 1626227535813,
          "stop" : 1626227561927,
          "duration" : 26114
        }
      }, {
        "uid" : "6e038a129228d92c",
        "reportUrl" : "https://MohabMohie.github.io/SHAFT_ENGINE/allure/581//#testresult/6e038a129228d92c",
        "status" : "failed",
        "statusDetails" : "Element Action [IdentifyUniqueElement] failed. With the following test data [zero elements found matching this locator \"By.tagName: select\".].",
        "time" : {
          "start" : 1626141541520,
          "stop" : 1626141567883,
          "duration" : 26363
        }
      }, {
        "uid" : "dec9deac36d54e00",
        "reportUrl" : "https://MohabMohie.github.io/SHAFT_ENGINE/allure/580//#testresult/dec9deac36d54e00",
        "status" : "failed",
        "statusDetails" : "Element Action [IdentifyUniqueElement] failed. With the following test data [zero elements found matching this locator \"By.tagName: select\".].",
        "time" : {
          "start" : 1626054905157,
          "stop" : 1626054931061,
          "duration" : 25904
        }
      }, {
        "uid" : "6a737d52c17d1561",
        "reportUrl" : "https://MohabMohie.github.io/SHAFT_ENGINE/allure/579//#testresult/6a737d52c17d1561",
        "status" : "failed",
        "statusDetails" : "Element Action [IdentifyUniqueElement] failed. With the following test data [zero elements found matching this locator \"By.tagName: select\".].",
        "time" : {
          "start" : 1625968793018,
          "stop" : 1625968818836,
          "duration" : 25818
        }
      }, {
        "uid" : "aeff54ac4a20d379",
        "reportUrl" : "https://MohabMohie.github.io/SHAFT_ENGINE/allure/578//#testresult/aeff54ac4a20d379",
        "status" : "failed",
        "statusDetails" : "Element Action [IdentifyUniqueElement] failed. With the following test data [zero elements found matching this locator \"By.tagName: select\".].",
        "time" : {
          "start" : 1625881871142,
          "stop" : 1625881896894,
          "duration" : 25752
        }
      }, {
        "uid" : "8c3fcf65ae9ddbc3",
        "reportUrl" : "https://MohabMohie.github.io/SHAFT_ENGINE/allure/577//#testresult/8c3fcf65ae9ddbc3",
        "status" : "failed",
        "statusDetails" : "Element Action [IdentifyUniqueElement] failed. With the following test data [zero elements found matching this locator \"By.tagName: select\".].",
        "time" : {
          "start" : 1625795880267,
          "stop" : 1625795906157,
          "duration" : 25890
        }
      }, {
        "uid" : "9e8943339a483b5e",
        "reportUrl" : "https://MohabMohie.github.io/SHAFT_ENGINE/allure/576//#testresult/9e8943339a483b5e",
        "status" : "failed",
        "statusDetails" : "Element Action [IdentifyUniqueElement] failed. With the following test data [zero elements found matching this locator \"By.tagName: select\".].",
        "time" : {
          "start" : 1625709446184,
          "stop" : 1625709472266,
          "duration" : 26082
        }
      }, {
        "uid" : "b11a17837b466327",
        "reportUrl" : "https://MohabMohie.github.io/SHAFT_ENGINE/allure/575//#testresult/b11a17837b466327",
        "status" : "passed",
        "time" : {
          "start" : 1625622972930,
          "stop" : 1625622974650,
          "duration" : 1720
        }
      }, {
        "uid" : "a61e4cb3fb7caa06",
        "reportUrl" : "https://MohabMohie.github.io/SHAFT_ENGINE/allure/574//#testresult/a61e4cb3fb7caa06",
        "status" : "passed",
        "time" : {
          "start" : 1625536695660,
          "stop" : 1625536697212,
          "duration" : 1552
        }
      }, {
        "uid" : "86256c5c0cb131a3",
        "reportUrl" : "https://MohabMohie.github.io/SHAFT_ENGINE/allure/573//#testresult/86256c5c0cb131a3",
        "status" : "passed",
        "time" : {
          "start" : 1625450044743,
          "stop" : 1625450046002,
          "duration" : 1259
        }
      }, {
        "uid" : "efc297cd2d5fb432",
        "reportUrl" : "https://MohabMohie.github.io/SHAFT_ENGINE/allure/572//#testresult/efc297cd2d5fb432",
        "status" : "passed",
        "time" : {
          "start" : 1625363706045,
          "stop" : 1625363707678,
          "duration" : 1633
        }
      } ]
    },
    "tags" : [ ]
  },
  "source" : "f70f8a12935df339.json",
  "parameterValues" : [ ]
}