{
  "uid" : "3f8fa4339b63e2c7",
  "name" : "multipleSelect",
  "fullName" : "testPackage01.Test_SelectedValue.multipleSelect",
  "historyId" : "81dccf0fa5dda2c07b8a2e38642301d4",
  "time" : {
    "start" : 1627610679281,
    "stop" : 1627610705558,
    "duration" : 26277
  },
  "status" : "failed",
  "statusMessage" : "Element Action [IdentifyUniqueElement] failed. With the following test data [zero elements found matching this locator \"By.tagName: select\".].",
  "statusTrace" : "java.lang.AssertionError: Element Action [IdentifyUniqueElement] failed. With the following test data [zero elements found matching this locator \"By.tagName: select\".].\n\tat org.testng.Assert.fail(Assert.java:99)\n\tat com.shaft.gui.element.WebDriverElementActions.failAction(WebDriverElementActions.java:1442)\n\tat com.shaft.gui.element.WebDriverElementActions.failAction(WebDriverElementActions.java:1296)\n\tat com.shaft.gui.element.WebDriverElementActions.identifyUniqueElement(WebDriverElementActions.java:1511)\n\tat com.shaft.gui.element.WebDriverElementActions.identifyUniqueElement(WebDriverElementActions.java:1305)\n\tat com.shaft.gui.element.WebDriverElementActions.select(WebDriverElementActions.java:943)\n\tat com.shaft.gui.element.ElementActions.select(ElementActions.java:459)\n\tat testPackage01.Test_SelectedValue.multipleSelect(Test_SelectedValue.java:30)\n\tat java.base/jdk.internal.reflect.NativeMethodAccessorImpl.invoke0(Native Method)\n\tat java.base/jdk.internal.reflect.NativeMethodAccessorImpl.invoke(NativeMethodAccessorImpl.java:64)\n\tat java.base/jdk.internal.reflect.DelegatingMethodAccessorImpl.invoke(DelegatingMethodAccessorImpl.java:43)\n\tat java.base/java.lang.reflect.Method.invoke(Method.java:564)\n\tat org.testng.internal.MethodInvocationHelper.invokeMethod(MethodInvocationHelper.java:133)\n\tat org.testng.internal.TestInvoker.invokeMethod(TestInvoker.java:598)\n\tat org.testng.internal.TestInvoker.invokeTestMethod(TestInvoker.java:173)\n\tat org.testng.internal.MethodRunner.runInSequence(MethodRunner.java:46)\n\tat org.testng.internal.TestInvoker$MethodInvocationAgent.invoke(TestInvoker.java:824)\n\tat org.testng.internal.TestInvoker.invokeTestMethods(TestInvoker.java:146)\n\tat org.testng.internal.TestMethodWorker.invokeTestMethods(TestMethodWorker.java:146)\n\tat org.testng.internal.TestMethodWorker.run(TestMethodWorker.java:128)\n\tat java.base/java.util.ArrayList.forEach(ArrayList.java:1511)\n\tat org.testng.TestRunner.privateRun(TestRunner.java:794)\n\tat org.testng.TestRunner.run(TestRunner.java:596)\n\tat org.testng.SuiteRunner.runTest(SuiteRunner.java:377)\n\tat org.testng.SuiteRunner.runSequentially(SuiteRunner.java:371)\n\tat org.testng.SuiteRunner.privateRun(SuiteRunner.java:332)\n\tat org.testng.SuiteRunner.run(SuiteRunner.java:276)\n\tat org.testng.SuiteRunnerWorker.runSuite(SuiteRunnerWorker.java:53)\n\tat org.testng.SuiteRunnerWorker.run(SuiteRunnerWorker.java:96)\n\tat org.testng.TestNG.runSuitesSequentially(TestNG.java:1212)\n\tat org.testng.TestNG.runSuitesLocally(TestNG.java:1134)\n\tat org.testng.TestNG.runSuites(TestNG.java:1063)\n\tat org.testng.TestNG.run(TestNG.java:1031)\n\tat org.apache.maven.surefire.testng.TestNGExecutor.run(TestNGExecutor.java:136)\n\tat org.apache.maven.surefire.testng.TestNGDirectoryTestSuite.executeMulti(TestNGDirectoryTestSuite.java:193)\n\tat org.apache.maven.surefire.testng.TestNGDirectoryTestSuite.execute(TestNGDirectoryTestSuite.java:94)\n\tat org.apache.maven.surefire.testng.TestNGProvider.invoke(TestNGProvider.java:145)\n\tat org.apache.maven.surefire.booter.ForkedBooter.runSuitesInProcess(ForkedBooter.java:428)\n\tat org.apache.maven.surefire.booter.ForkedBooter.execute(ForkedBooter.java:162)\n\tat org.apache.maven.surefire.booter.ForkedBooter.run(ForkedBooter.java:562)\n\tat org.apache.maven.surefire.booter.ForkedBooter.main(ForkedBooter.java:548)\n",
  "flaky" : false,
  "newFailed" : false,
  "beforeStages" : [ ],
  "testStage" : {
    "status" : "failed",
    "statusMessage" : "Element Action [IdentifyUniqueElement] failed. With the following test data [zero elements found matching this locator \"By.tagName: select\".].",
    "statusTrace" : "java.lang.AssertionError: Element Action [IdentifyUniqueElement] failed. With the following test data [zero elements found matching this locator \"By.tagName: select\".].\n\tat org.testng.Assert.fail(Assert.java:99)\n\tat com.shaft.gui.element.WebDriverElementActions.failAction(WebDriverElementActions.java:1442)\n\tat com.shaft.gui.element.WebDriverElementActions.failAction(WebDriverElementActions.java:1296)\n\tat com.shaft.gui.element.WebDriverElementActions.identifyUniqueElement(WebDriverElementActions.java:1511)\n\tat com.shaft.gui.element.WebDriverElementActions.identifyUniqueElement(WebDriverElementActions.java:1305)\n\tat com.shaft.gui.element.WebDriverElementActions.select(WebDriverElementActions.java:943)\n\tat com.shaft.gui.element.ElementActions.select(ElementActions.java:459)\n\tat testPackage01.Test_SelectedValue.multipleSelect(Test_SelectedValue.java:30)\n\tat java.base/jdk.internal.reflect.NativeMethodAccessorImpl.invoke0(Native Method)\n\tat java.base/jdk.internal.reflect.NativeMethodAccessorImpl.invoke(NativeMethodAccessorImpl.java:64)\n\tat java.base/jdk.internal.reflect.DelegatingMethodAccessorImpl.invoke(DelegatingMethodAccessorImpl.java:43)\n\tat java.base/java.lang.reflect.Method.invoke(Method.java:564)\n\tat org.testng.internal.MethodInvocationHelper.invokeMethod(MethodInvocationHelper.java:133)\n\tat org.testng.internal.TestInvoker.invokeMethod(TestInvoker.java:598)\n\tat org.testng.internal.TestInvoker.invokeTestMethod(TestInvoker.java:173)\n\tat org.testng.internal.MethodRunner.runInSequence(MethodRunner.java:46)\n\tat org.testng.internal.TestInvoker$MethodInvocationAgent.invoke(TestInvoker.java:824)\n\tat org.testng.internal.TestInvoker.invokeTestMethods(TestInvoker.java:146)\n\tat org.testng.internal.TestMethodWorker.invokeTestMethods(TestMethodWorker.java:146)\n\tat org.testng.internal.TestMethodWorker.run(TestMethodWorker.java:128)\n\tat java.base/java.util.ArrayList.forEach(ArrayList.java:1511)\n\tat org.testng.TestRunner.privateRun(TestRunner.java:794)\n\tat org.testng.TestRunner.run(TestRunner.java:596)\n\tat org.testng.SuiteRunner.runTest(SuiteRunner.java:377)\n\tat org.testng.SuiteRunner.runSequentially(SuiteRunner.java:371)\n\tat org.testng.SuiteRunner.privateRun(SuiteRunner.java:332)\n\tat org.testng.SuiteRunner.run(SuiteRunner.java:276)\n\tat org.testng.SuiteRunnerWorker.runSuite(SuiteRunnerWorker.java:53)\n\tat org.testng.SuiteRunnerWorker.run(SuiteRunnerWorker.java:96)\n\tat org.testng.TestNG.runSuitesSequentially(TestNG.java:1212)\n\tat org.testng.TestNG.runSuitesLocally(TestNG.java:1134)\n\tat org.testng.TestNG.runSuites(TestNG.java:1063)\n\tat org.testng.TestNG.run(TestNG.java:1031)\n\tat org.apache.maven.surefire.testng.TestNGExecutor.run(TestNGExecutor.java:136)\n\tat org.apache.maven.surefire.testng.TestNGDirectoryTestSuite.executeMulti(TestNGDirectoryTestSuite.java:193)\n\tat org.apache.maven.surefire.testng.TestNGDirectoryTestSuite.execute(TestNGDirectoryTestSuite.java:94)\n\tat org.apache.maven.surefire.testng.TestNGProvider.invoke(TestNGProvider.java:145)\n\tat org.apache.maven.surefire.booter.ForkedBooter.runSuitesInProcess(ForkedBooter.java:428)\n\tat org.apache.maven.surefire.booter.ForkedBooter.execute(ForkedBooter.java:162)\n\tat org.apache.maven.surefire.booter.ForkedBooter.run(ForkedBooter.java:562)\n\tat org.apache.maven.surefire.booter.ForkedBooter.main(ForkedBooter.java:548)\n",
    "steps" : [ {
      "name" : "Attempting to run remotely on: [Linux-64], [GoogleChrome], [http://localhost:4444/wd/hub], Headless Execution.",
      "time" : {
        "start" : 1627610679285,
        "stop" : 1627610679285,
        "duration" : 0
      },
      "status" : "passed",
      "steps" : [ ],
      "attachments" : [ ],
      "parameters" : [ {
        "name" : "actionCounter",
        "value" : "493"
      }, {
        "name" : "logText",
        "value" : "Attempting to run remotely on: [Linux-64], [GoogleChrome], [http://localhost:4444/wd/hub], Headless Execution."
      } ],
      "stepsCount" : 0,
      "attachmentsCount" : 0,
      "shouldDisplayMessage" : false,
      "hasContent" : true
    }, {
      "name" : "Successfully Opened [GoogleChrome].",
      "time" : {
        "start" : 1627610679483,
        "stop" : 1627610679483,
        "duration" : 0
      },
      "status" : "passed",
      "steps" : [ ],
      "attachments" : [ ],
      "parameters" : [ {
        "name" : "actionCounter",
        "value" : "494"
      }, {
        "name" : "logText",
        "value" : "Successfully Opened [GoogleChrome]."
      } ],
      "stepsCount" : 0,
      "attachmentsCount" : 0,
      "shouldDisplayMessage" : false,
      "hasContent" : true
    }, {
      "name" : "Browser Action [NavigateToURL] successfully performed. With the following test data [https://mdn.mozillademos.org/en-US/docs/Web/HTML/Element/select$samples/Advanced_select_with_multiple_features?revision=1612304].",
      "time" : {
        "start" : 1627610680157,
        "stop" : 1627610680157,
        "duration" : 0
      },
      "status" : "passed",
      "steps" : [ ],
      "attachments" : [ ],
      "parameters" : [ {
        "name" : "actionCounter",
        "value" : "495"
      }, {
        "name" : "logText",
        "value" : "Browser Action [NavigateToURL] successfully performed. With the following test data [https://mdn.mozillademos.org/en-US/docs/Web/HTML/Element/select$samples/Advanced_select_with_multiple_features?revision=1612304]."
      }, {
        "name" : "attachments",
        "value" : "[null]"
      } ],
      "stepsCount" : 0,
      "attachmentsCount" : 0,
      "shouldDisplayMessage" : false,
      "hasContent" : true
    }, {
      "name" : "Element Action [IdentifyUniqueElement] failed. With the following test data [zero elements found matching this locator \"By.tagName: select\".].",
      "time" : {
        "start" : 1627610705557,
        "stop" : 1627610705557,
        "duration" : 0
      },
      "status" : "passed",
      "steps" : [ ],
      "attachments" : [ ],
      "parameters" : [ {
        "name" : "actionCounter",
        "value" : "496"
      }, {
        "name" : "logText",
        "value" : "Element Action [IdentifyUniqueElement] failed. With the following test data [zero elements found matching this locator \"By.tagName: select\".]."
      } ],
      "stepsCount" : 0,
      "attachmentsCount" : 0,
      "shouldDisplayMessage" : false,
      "hasContent" : true
    } ],
    "attachments" : [ {
      "uid" : "48d05bde6ce34d5f",
      "name" : "Attachment: SHAFT Engine Logs - Current Method log: multipleSelect",
      "source" : "48d05bde6ce34d5f.txt",
      "type" : "text/plain",
      "size" : 1540
    } ],
    "parameters" : [ ],
    "stepsCount" : 4,
    "attachmentsCount" : 1,
    "shouldDisplayMessage" : true,
    "hasContent" : true
  },
  "afterStages" : [ {
    "name" : "closureActivities",
    "time" : {
      "start" : 1627610734615,
      "stop" : 1627610736111,
      "duration" : 1496
    },
    "description" : "",
    "status" : "passed",
    "steps" : [ {
      "name" : "Successfully Closed All Drivers.",
      "time" : {
        "start" : 1627610735460,
        "stop" : 1627610735460,
        "duration" : 0
      },
      "status" : "passed",
      "steps" : [ ],
      "attachments" : [ ],
      "parameters" : [ {
        "name" : "actionCounter",
        "value" : "512"
      }, {
        "name" : "logText",
        "value" : "Successfully Closed All Drivers."
      } ],
      "stepsCount" : 0,
      "attachmentsCount" : 0,
      "shouldDisplayMessage" : false,
      "hasContent" : true
    }, {
      "name" : "Issue Summary: Total Issues = 9, New issues for Failed Tests = 7, Open issues for Passed Tests = 2, Open issues for Failed Tests = 0. Kindly check the attached Issue details.",
      "time" : {
        "start" : 1627610735469,
        "stop" : 1627610735470,
        "duration" : 1
      },
      "status" : "passed",
      "steps" : [ ],
      "attachments" : [ {
        "uid" : "29544e1ef5eb79f9",
        "name" : "Attachment: SHAFT Engine Logs - Issues log CSV: 20210730-020535",
        "source" : "29544e1ef5eb79f9.csv",
        "type" : "text/csv",
        "size" : 1232
      } ],
      "parameters" : [ {
        "name" : "actionCounter",
        "value" : "513"
      }, {
        "name" : "logText",
        "value" : "Issue Summary: Total Issues = 9, New issues for Failed Tests = 7, Open issues for Passed Tests = 2, Open issues for Failed Tests = 0. Kindly check the attached Issue details."
      }, {
        "name" : "attachments",
        "value" : "[[SHAFT Engine Logs, Issues log CSV: 20210730-020535, java.io.ByteArrayInputStream@13038209]]"
      } ],
      "stepsCount" : 0,
      "attachmentsCount" : 1,
      "shouldDisplayMessage" : false,
      "hasContent" : true
    } ],
    "attachments" : [ {
      "uid" : "9da719c877d5a6dd",
      "name" : "Attachment: Selenium WebDriver Logs - server",
      "source" : "9da719c877d5a6dd.txt",
      "type" : "text/plain",
      "size" : 1288
    }, {
      "uid" : "60c3dacb3fd7281b",
      "name" : "Attachment: Selenium WebDriver Logs - performance",
      "source" : "60c3dacb3fd7281b.txt",
      "type" : "text/plain",
      "size" : 7276
    }, {
      "uid" : "23f06b0509956",
      "name" : "Attachment: Selenium WebDriver Logs - browser",
      "source" : "23f06b0509956.txt",
      "type" : "text/plain",
      "size" : 210
    }, {
      "uid" : "691ebd5e9fd5679d",
      "name" : "Attachment: Selenium WebDriver Logs - driver",
      "source" : "691ebd5e9fd5679d.txt",
      "type" : "text/plain",
      "size" : 146407
    }, {
      "uid" : "9400703eecdfba34",
      "name" : "Attachment: Selenium WebDriver Logs - server",
      "source" : "9400703eecdfba34.txt",
      "type" : "text/plain",
      "size" : 1288
    }, {
      "uid" : "2d6de7d8ba960479",
      "name" : "Attachment: Selenium WebDriver Logs - performance",
      "source" : "2d6de7d8ba960479.txt",
      "type" : "text/plain",
      "size" : 7437
    }, {
      "uid" : "b3c4cf1a9df594e",
      "name" : "Attachment: Selenium WebDriver Logs - browser",
      "source" : "b3c4cf1a9df594e.txt",
      "type" : "text/plain",
      "size" : 236
    }, {
      "uid" : "a22fd34aef145668",
      "name" : "Attachment: Selenium WebDriver Logs - driver",
      "source" : "a22fd34aef145668.txt",
      "type" : "text/plain",
      "size" : 146812
    }, {
      "uid" : "c2bb714615cd38a9",
      "name" : "Attachment: Selenium WebDriver Logs - server",
      "source" : "c2bb714615cd38a9.txt",
      "type" : "text/plain",
      "size" : 1288
    }, {
      "uid" : "cd864be7188687e4",
      "name" : "Attachment: Selenium WebDriver Logs - performance",
      "source" : "cd864be7188687e4.txt",
      "type" : "text/plain",
      "size" : 782430
    }, {
      "uid" : "94ff77431123fb6",
      "name" : "Attachment: Selenium WebDriver Logs - browser",
      "source" : "94ff77431123fb6.txt",
      "type" : "text/plain",
      "size" : 460
    }, {
      "uid" : "f8013de95b473e64",
      "name" : "Attachment: Selenium WebDriver Logs - driver",
      "source" : "f8013de95b473e64.txt",
      "type" : "text/plain",
      "size" : 830862
    }, {
      "uid" : "322623e962b46e3f",
      "name" : "Attachment: SHAFT Engine Logs - Execution log: 20210730-020535",
      "source" : "322623e962b46e3f.txt",
      "type" : "text/plain",
      "size" : 254055
    }, {
      "uid" : "9a956e7016f7150b",
      "name" : "Attachment: HTML - Extent Emailable Execution Report",
      "source" : "9a956e7016f7150b.html",
      "type" : "text/html",
      "size" : 7543211
    } ],
    "parameters" : [ ],
    "stepsCount" : 2,
    "attachmentsCount" : 15,
    "shouldDisplayMessage" : false,
    "hasContent" : true
  } ],
  "labels" : [ {
    "name" : "package",
    "value" : "testPackage01.Test_SelectedValue"
  }, {
    "name" : "testClass",
    "value" : "testPackage01.Test_SelectedValue"
  }, {
    "name" : "testMethod",
    "value" : "multipleSelect"
  }, {
    "name" : "parentSuite",
    "value" : "SHAFT: Custom Suite"
  }, {
    "name" : "suite",
    "value" : "SHAFT: Custom Test"
  }, {
    "name" : "subSuite",
    "value" : "testPackage01.Test_SelectedValue"
  }, {
    "name" : "host",
    "value" : "fv-az201-659"
  }, {
    "name" : "thread",
    "value" : "3811@fv-az201-659.main(1)"
  }, {
    "name" : "framework",
    "value" : "testng"
  }, {
    "name" : "language",
    "value" : "java"
  }, {
    "name" : "resultFormat",
    "value" : "allure2"
  } ],
  "parameters" : [ ],
  "links" : [ ],
  "hidden" : false,
  "retry" : false,
  "extra" : {
    "severity" : "normal",
    "retries" : [ ],
    "categories" : [ {
      "name" : "Product defects",
      "matchedStatuses" : [ ],
      "flaky" : false
    } ],
    "history" : {
      "statistic" : {
        "failed" : 22,
        "broken" : 1,
        "skipped" : 0,
        "passed" : 82,
        "unknown" : 0,
        "total" : 105
      },
      "items" : [ {
        "uid" : "8fd91d06629db9cb",
        "reportUrl" : "https://MohabMohie.github.io/SHAFT_ENGINE/allure/603//#testresult/8fd91d06629db9cb",
        "status" : "failed",
        "statusDetails" : "Element Action [IdentifyUniqueElement] failed. With the following test data [zero elements found matching this locator \"By.tagName: select\".].",
        "time" : {
          "start" : 1627523917997,
          "stop" : 1627523944299,
          "duration" : 26302
        }
      }, {
        "uid" : "eb3dc7608861e151",
        "reportUrl" : "https://MohabMohie.github.io/SHAFT_ENGINE/allure/602//#testresult/eb3dc7608861e151",
        "status" : "failed",
        "statusDetails" : "Element Action [IdentifyUniqueElement] failed. With the following test data [zero elements found matching this locator \"By.tagName: select\".].",
        "time" : {
          "start" : 1627437679904,
          "stop" : 1627437705993,
          "duration" : 26089
        }
      }, {
        "uid" : "d6f52ab1e116eaad",
        "reportUrl" : "https://MohabMohie.github.io/SHAFT_ENGINE/allure/601//#testresult/d6f52ab1e116eaad",
        "status" : "failed",
        "statusDetails" : "Element Action [IdentifyUniqueElement] failed. With the following test data [zero elements found matching this locator \"By.tagName: select\".].",
        "time" : {
          "start" : 1627351449106,
          "stop" : 1627351475194,
          "duration" : 26088
        }
      }, {
        "uid" : "29bac21aad7dcbc7",
        "reportUrl" : "https://MohabMohie.github.io/SHAFT_ENGINE/allure/600//#testresult/29bac21aad7dcbc7",
        "status" : "failed",
        "statusDetails" : "Element Action [IdentifyUniqueElement] failed. With the following test data [zero elements found matching this locator \"By.tagName: select\".].",
        "time" : {
          "start" : 1627302984433,
          "stop" : 1627303010412,
          "duration" : 25979
        }
      }, {
        "uid" : "8e27fd802c5528ac",
        "reportUrl" : "https://MohabMohie.github.io/SHAFT_ENGINE/allure/598//#testresult/8e27fd802c5528ac",
        "status" : "failed",
        "statusDetails" : "Element Action [IdentifyUniqueElement] failed. With the following test data [zero elements found matching this locator \"By.tagName: select\".].",
        "time" : {
          "start" : 1627302834849,
          "stop" : 1627302861048,
          "duration" : 26199
        }
      }, {
        "uid" : "cdc9699238bcb18f",
        "reportUrl" : "https://MohabMohie.github.io/SHAFT_ENGINE/allure/597//#testresult/cdc9699238bcb18f",
        "status" : "failed",
        "statusDetails" : "Element Action [IdentifyUniqueElement] failed. With the following test data [zero elements found matching this locator \"By.tagName: select\".].",
        "time" : {
          "start" : 1627264816739,
          "stop" : 1627264843035,
          "duration" : 26296
        }
      }, {
        "uid" : "ce479f0547c4546d",
        "reportUrl" : "https://MohabMohie.github.io/SHAFT_ENGINE/allure/596//#testresult/ce479f0547c4546d",
        "status" : "failed",
        "statusDetails" : "Element Action [IdentifyUniqueElement] failed. With the following test data [zero elements found matching this locator \"By.tagName: select\".].",
        "time" : {
          "start" : 1627178304754,
          "stop" : 1627178330682,
          "duration" : 25928
        }
      }, {
        "uid" : "8dc83ff504c53848",
        "reportUrl" : "https://MohabMohie.github.io/SHAFT_ENGINE/allure/595//#testresult/8dc83ff504c53848",
        "status" : "failed",
        "statusDetails" : "Element Action [IdentifyUniqueElement] failed. With the following test data [zero elements found matching this locator \"By.tagName: select\".].",
        "time" : {
          "start" : 1627091827076,
          "stop" : 1627091853219,
          "duration" : 26143
        }
      }, {
        "uid" : "782f27c3c504c6a7",
        "reportUrl" : "https://MohabMohie.github.io/SHAFT_ENGINE/allure/594//#testresult/782f27c3c504c6a7",
        "status" : "failed",
        "statusDetails" : "Element Action [IdentifyUniqueElement] failed. With the following test data [zero elements found matching this locator \"By.tagName: select\".].",
        "time" : {
          "start" : 1627005569536,
          "stop" : 1627005595741,
          "duration" : 26205
        }
      }, {
        "uid" : "aaccdbd9f5c73784",
        "reportUrl" : "https://MohabMohie.github.io/SHAFT_ENGINE/allure/592//#testresult/aaccdbd9f5c73784",
        "status" : "failed",
        "statusDetails" : "Element Action [IdentifyUniqueElement] failed. With the following test data [zero elements found matching this locator \"By.tagName: select\".].",
        "time" : {
          "start" : 1626919310858,
          "stop" : 1626919337083,
          "duration" : 26225
        }
      }, {
        "uid" : "3c2a4bfa7d68e6f3",
        "reportUrl" : "https://MohabMohie.github.io/SHAFT_ENGINE/allure/590//#testresult/3c2a4bfa7d68e6f3",
        "status" : "failed",
        "statusDetails" : "Element Action [IdentifyUniqueElement] failed. With the following test data [zero elements found matching this locator \"By.tagName: select\".].",
        "time" : {
          "start" : 1626832826128,
          "stop" : 1626832852194,
          "duration" : 26066
        }
      }, {
        "uid" : "e0dd5f998368aad2",
        "reportUrl" : "https://MohabMohie.github.io/SHAFT_ENGINE/allure/588//#testresult/e0dd5f998368aad2",
        "status" : "failed",
        "statusDetails" : "Element Action [IdentifyUniqueElement] failed. With the following test data [zero elements found matching this locator \"By.tagName: select\".].",
        "time" : {
          "start" : 1626746538673,
          "stop" : 1626746564563,
          "duration" : 25890
        }
      }, {
        "uid" : "2261efbac33fcf22",
        "reportUrl" : "https://MohabMohie.github.io/SHAFT_ENGINE/allure/587//#testresult/2261efbac33fcf22",
        "status" : "failed",
        "statusDetails" : "Element Action [IdentifyUniqueElement] failed. With the following test data [zero elements found matching this locator \"By.tagName: select\".].",
        "time" : {
          "start" : 1626659865557,
          "stop" : 1626659891886,
          "duration" : 26329
        }
      }, {
        "uid" : "2ab3610660ed288c",
        "reportUrl" : "https://MohabMohie.github.io/SHAFT_ENGINE/allure/586//#testresult/2ab3610660ed288c",
        "status" : "failed",
        "statusDetails" : "Element Action [IdentifyUniqueElement] failed. With the following test data [zero elements found matching this locator \"By.tagName: select\".].",
        "time" : {
          "start" : 1626573403400,
          "stop" : 1626573429452,
          "duration" : 26052
        }
      }, {
        "uid" : "7854176981305a60",
        "reportUrl" : "https://MohabMohie.github.io/SHAFT_ENGINE/allure/585//#testresult/7854176981305a60",
        "status" : "failed",
        "statusDetails" : "Element Action [IdentifyUniqueElement] failed. With the following test data [zero elements found matching this locator \"By.tagName: select\".].",
        "time" : {
          "start" : 1626486788685,
          "stop" : 1626486814838,
          "duration" : 26153
        }
      }, {
        "uid" : "8e01883b0884e7b7",
        "reportUrl" : "https://MohabMohie.github.io/SHAFT_ENGINE/allure/584//#testresult/8e01883b0884e7b7",
        "status" : "failed",
        "statusDetails" : "Element Action [IdentifyUniqueElement] failed. With the following test data [zero elements found matching this locator \"By.tagName: select\".].",
        "time" : {
          "start" : 1626400750345,
          "stop" : 1626400776486,
          "duration" : 26141
        }
      }, {
        "uid" : "866120b3560c0483",
        "reportUrl" : "https://MohabMohie.github.io/SHAFT_ENGINE/allure/583//#testresult/866120b3560c0483",
        "status" : "failed",
        "statusDetails" : "Element Action [IdentifyUniqueElement] failed. With the following test data [zero elements found matching this locator \"By.tagName: select\".].",
        "time" : {
          "start" : 1626314255634,
          "stop" : 1626314281654,
          "duration" : 26020
        }
      }, {
        "uid" : "40d11c44f23ae299",
        "reportUrl" : "https://MohabMohie.github.io/SHAFT_ENGINE/allure/582//#testresult/40d11c44f23ae299",
        "status" : "failed",
        "statusDetails" : "Element Action [IdentifyUniqueElement] failed. With the following test data [zero elements found matching this locator \"By.tagName: select\".].",
        "time" : {
          "start" : 1626227509798,
          "stop" : 1626227535807,
          "duration" : 26009
        }
      }, {
        "uid" : "f09bf8de83b120e9",
        "reportUrl" : "https://MohabMohie.github.io/SHAFT_ENGINE/allure/581//#testresult/f09bf8de83b120e9",
        "status" : "failed",
        "statusDetails" : "Element Action [IdentifyUniqueElement] failed. With the following test data [zero elements found matching this locator \"By.tagName: select\".].",
        "time" : {
          "start" : 1626141515411,
          "stop" : 1626141541501,
          "duration" : 26090
        }
      }, {
        "uid" : "1173a6ca4f4a87aa",
        "reportUrl" : "https://MohabMohie.github.io/SHAFT_ENGINE/allure/580//#testresult/1173a6ca4f4a87aa",
        "status" : "failed",
        "statusDetails" : "Element Action [IdentifyUniqueElement] failed. With the following test data [zero elements found matching this locator \"By.tagName: select\".].",
        "time" : {
          "start" : 1626054879016,
          "stop" : 1626054905152,
          "duration" : 26136
        }
      } ]
    },
    "tags" : [ ]
  },
  "source" : "3f8fa4339b63e2c7.json",
  "parameterValues" : [ ]
}