{
  "uid" : "338eb738474ee6f9",
  "name" : "simpleSelect",
  "fullName" : "testPackage01.Test_SelectedValue.simpleSelect",
  "historyId" : "36df61c5fa16064939f2168a752af02b",
  "time" : {
    "start" : 1628560729389,
    "stop" : 1628560755389,
    "duration" : 26000
  },
  "status" : "failed",
  "statusMessage" : "Element Action [IdentifyUniqueElement] failed. With the following test data [zero elements found matching this locator \"By.tagName: select\".].",
  "statusTrace" : "java.lang.AssertionError: Element Action [IdentifyUniqueElement] failed. With the following test data [zero elements found matching this locator \"By.tagName: select\".].\n\tat org.testng.Assert.fail(Assert.java:99)\n\tat com.shaft.gui.element.WebDriverElementActions.failAction(WebDriverElementActions.java:1442)\n\tat com.shaft.gui.element.WebDriverElementActions.failAction(WebDriverElementActions.java:1296)\n\tat com.shaft.gui.element.WebDriverElementActions.identifyUniqueElement(WebDriverElementActions.java:1511)\n\tat com.shaft.gui.element.WebDriverElementActions.identifyUniqueElement(WebDriverElementActions.java:1305)\n\tat com.shaft.gui.element.WebDriverElementActions.select(WebDriverElementActions.java:943)\n\tat com.shaft.gui.element.ElementActions.select(ElementActions.java:459)\n\tat testPackage01.Test_SelectedValue.simpleSelect(Test_SelectedValue.java:19)\n\tat java.base/jdk.internal.reflect.NativeMethodAccessorImpl.invoke0(Native Method)\n\tat java.base/jdk.internal.reflect.NativeMethodAccessorImpl.invoke(NativeMethodAccessorImpl.java:64)\n\tat java.base/jdk.internal.reflect.DelegatingMethodAccessorImpl.invoke(DelegatingMethodAccessorImpl.java:43)\n\tat java.base/java.lang.reflect.Method.invoke(Method.java:564)\n\tat org.testng.internal.MethodInvocationHelper.invokeMethod(MethodInvocationHelper.java:133)\n\tat org.testng.internal.TestInvoker.invokeMethod(TestInvoker.java:598)\n\tat org.testng.internal.TestInvoker.invokeTestMethod(TestInvoker.java:173)\n\tat org.testng.internal.MethodRunner.runInSequence(MethodRunner.java:46)\n\tat org.testng.internal.TestInvoker$MethodInvocationAgent.invoke(TestInvoker.java:824)\n\tat org.testng.internal.TestInvoker.invokeTestMethods(TestInvoker.java:146)\n\tat org.testng.internal.TestMethodWorker.invokeTestMethods(TestMethodWorker.java:146)\n\tat org.testng.internal.TestMethodWorker.run(TestMethodWorker.java:128)\n\tat java.base/java.util.ArrayList.forEach(ArrayList.java:1511)\n\tat org.testng.TestRunner.privateRun(TestRunner.java:794)\n\tat org.testng.TestRunner.run(TestRunner.java:596)\n\tat org.testng.SuiteRunner.runTest(SuiteRunner.java:377)\n\tat org.testng.SuiteRunner.runSequentially(SuiteRunner.java:371)\n\tat org.testng.SuiteRunner.privateRun(SuiteRunner.java:332)\n\tat org.testng.SuiteRunner.run(SuiteRunner.java:276)\n\tat org.testng.SuiteRunnerWorker.runSuite(SuiteRunnerWorker.java:53)\n\tat org.testng.SuiteRunnerWorker.run(SuiteRunnerWorker.java:96)\n\tat org.testng.TestNG.runSuitesSequentially(TestNG.java:1212)\n\tat org.testng.TestNG.runSuitesLocally(TestNG.java:1134)\n\tat org.testng.TestNG.runSuites(TestNG.java:1063)\n\tat org.testng.TestNG.run(TestNG.java:1031)\n\tat org.apache.maven.surefire.testng.TestNGExecutor.run(TestNGExecutor.java:136)\n\tat org.apache.maven.surefire.testng.TestNGDirectoryTestSuite.executeMulti(TestNGDirectoryTestSuite.java:193)\n\tat org.apache.maven.surefire.testng.TestNGDirectoryTestSuite.execute(TestNGDirectoryTestSuite.java:94)\n\tat org.apache.maven.surefire.testng.TestNGProvider.invoke(TestNGProvider.java:145)\n\tat org.apache.maven.surefire.booter.ForkedBooter.runSuitesInProcess(ForkedBooter.java:428)\n\tat org.apache.maven.surefire.booter.ForkedBooter.execute(ForkedBooter.java:162)\n\tat org.apache.maven.surefire.booter.ForkedBooter.run(ForkedBooter.java:562)\n\tat org.apache.maven.surefire.booter.ForkedBooter.main(ForkedBooter.java:548)\n",
  "flaky" : false,
  "newFailed" : false,
  "beforeStages" : [ ],
  "testStage" : {
    "status" : "failed",
    "statusMessage" : "Element Action [IdentifyUniqueElement] failed. With the following test data [zero elements found matching this locator \"By.tagName: select\".].",
    "statusTrace" : "java.lang.AssertionError: Element Action [IdentifyUniqueElement] failed. With the following test data [zero elements found matching this locator \"By.tagName: select\".].\n\tat org.testng.Assert.fail(Assert.java:99)\n\tat com.shaft.gui.element.WebDriverElementActions.failAction(WebDriverElementActions.java:1442)\n\tat com.shaft.gui.element.WebDriverElementActions.failAction(WebDriverElementActions.java:1296)\n\tat com.shaft.gui.element.WebDriverElementActions.identifyUniqueElement(WebDriverElementActions.java:1511)\n\tat com.shaft.gui.element.WebDriverElementActions.identifyUniqueElement(WebDriverElementActions.java:1305)\n\tat com.shaft.gui.element.WebDriverElementActions.select(WebDriverElementActions.java:943)\n\tat com.shaft.gui.element.ElementActions.select(ElementActions.java:459)\n\tat testPackage01.Test_SelectedValue.simpleSelect(Test_SelectedValue.java:19)\n\tat java.base/jdk.internal.reflect.NativeMethodAccessorImpl.invoke0(Native Method)\n\tat java.base/jdk.internal.reflect.NativeMethodAccessorImpl.invoke(NativeMethodAccessorImpl.java:64)\n\tat java.base/jdk.internal.reflect.DelegatingMethodAccessorImpl.invoke(DelegatingMethodAccessorImpl.java:43)\n\tat java.base/java.lang.reflect.Method.invoke(Method.java:564)\n\tat org.testng.internal.MethodInvocationHelper.invokeMethod(MethodInvocationHelper.java:133)\n\tat org.testng.internal.TestInvoker.invokeMethod(TestInvoker.java:598)\n\tat org.testng.internal.TestInvoker.invokeTestMethod(TestInvoker.java:173)\n\tat org.testng.internal.MethodRunner.runInSequence(MethodRunner.java:46)\n\tat org.testng.internal.TestInvoker$MethodInvocationAgent.invoke(TestInvoker.java:824)\n\tat org.testng.internal.TestInvoker.invokeTestMethods(TestInvoker.java:146)\n\tat org.testng.internal.TestMethodWorker.invokeTestMethods(TestMethodWorker.java:146)\n\tat org.testng.internal.TestMethodWorker.run(TestMethodWorker.java:128)\n\tat java.base/java.util.ArrayList.forEach(ArrayList.java:1511)\n\tat org.testng.TestRunner.privateRun(TestRunner.java:794)\n\tat org.testng.TestRunner.run(TestRunner.java:596)\n\tat org.testng.SuiteRunner.runTest(SuiteRunner.java:377)\n\tat org.testng.SuiteRunner.runSequentially(SuiteRunner.java:371)\n\tat org.testng.SuiteRunner.privateRun(SuiteRunner.java:332)\n\tat org.testng.SuiteRunner.run(SuiteRunner.java:276)\n\tat org.testng.SuiteRunnerWorker.runSuite(SuiteRunnerWorker.java:53)\n\tat org.testng.SuiteRunnerWorker.run(SuiteRunnerWorker.java:96)\n\tat org.testng.TestNG.runSuitesSequentially(TestNG.java:1212)\n\tat org.testng.TestNG.runSuitesLocally(TestNG.java:1134)\n\tat org.testng.TestNG.runSuites(TestNG.java:1063)\n\tat org.testng.TestNG.run(TestNG.java:1031)\n\tat org.apache.maven.surefire.testng.TestNGExecutor.run(TestNGExecutor.java:136)\n\tat org.apache.maven.surefire.testng.TestNGDirectoryTestSuite.executeMulti(TestNGDirectoryTestSuite.java:193)\n\tat org.apache.maven.surefire.testng.TestNGDirectoryTestSuite.execute(TestNGDirectoryTestSuite.java:94)\n\tat org.apache.maven.surefire.testng.TestNGProvider.invoke(TestNGProvider.java:145)\n\tat org.apache.maven.surefire.booter.ForkedBooter.runSuitesInProcess(ForkedBooter.java:428)\n\tat org.apache.maven.surefire.booter.ForkedBooter.execute(ForkedBooter.java:162)\n\tat org.apache.maven.surefire.booter.ForkedBooter.run(ForkedBooter.java:562)\n\tat org.apache.maven.surefire.booter.ForkedBooter.main(ForkedBooter.java:548)\n",
    "steps" : [ {
      "name" : "Attempting to run remotely on: [Linux-64], [GoogleChrome], [http://localhost:4444/wd/hub], Headless Execution.",
      "time" : {
        "start" : 1628560729390,
        "stop" : 1628560729390,
        "duration" : 0
      },
      "status" : "passed",
      "steps" : [ ],
      "attachments" : [ ],
      "parameters" : [ {
        "name" : "actionCounter",
        "value" : "506"
      }, {
        "name" : "logText",
        "value" : "Attempting to run remotely on: [Linux-64], [GoogleChrome], [http://localhost:4444/wd/hub], Headless Execution."
      } ],
      "stepsCount" : 0,
      "attachmentsCount" : 0,
      "shouldDisplayMessage" : false,
      "hasContent" : true
    }, {
      "name" : "Successfully Opened [GoogleChrome].",
      "time" : {
        "start" : 1628560729581,
        "stop" : 1628560729581,
        "duration" : 0
      },
      "status" : "passed",
      "steps" : [ ],
      "attachments" : [ ],
      "parameters" : [ {
        "name" : "actionCounter",
        "value" : "507"
      }, {
        "name" : "logText",
        "value" : "Successfully Opened [GoogleChrome]."
      } ],
      "stepsCount" : 0,
      "attachmentsCount" : 0,
      "shouldDisplayMessage" : false,
      "hasContent" : true
    }, {
      "name" : "Browser Action [NavigateToURL] successfully performed. With the following test data [https://mdn.mozillademos.org/en-US/docs/Web/HTML/Element/select$samples/Basic_select?revision=1612304].",
      "time" : {
        "start" : 1628560730035,
        "stop" : 1628560730035,
        "duration" : 0
      },
      "status" : "passed",
      "steps" : [ ],
      "attachments" : [ ],
      "parameters" : [ {
        "name" : "actionCounter",
        "value" : "508"
      }, {
        "name" : "logText",
        "value" : "Browser Action [NavigateToURL] successfully performed. With the following test data [https://mdn.mozillademos.org/en-US/docs/Web/HTML/Element/select$samples/Basic_select?revision=1612304]."
      }, {
        "name" : "attachments",
        "value" : "[null]"
      } ],
      "stepsCount" : 0,
      "attachmentsCount" : 0,
      "shouldDisplayMessage" : false,
      "hasContent" : true
    }, {
      "name" : "Element Action [IdentifyUniqueElement] failed. With the following test data [zero elements found matching this locator \"By.tagName: select\".].",
      "time" : {
        "start" : 1628560755387,
        "stop" : 1628560755388,
        "duration" : 1
      },
      "status" : "passed",
      "steps" : [ ],
      "attachments" : [ ],
      "parameters" : [ {
        "name" : "actionCounter",
        "value" : "509"
      }, {
        "name" : "logText",
        "value" : "Element Action [IdentifyUniqueElement] failed. With the following test data [zero elements found matching this locator \"By.tagName: select\".]."
      } ],
      "stepsCount" : 0,
      "attachmentsCount" : 0,
      "shouldDisplayMessage" : false,
      "hasContent" : true
    } ],
    "attachments" : [ {
      "uid" : "27e506dd78998e0b",
      "name" : "Attachment: SHAFT Engine Logs - Current Method log: simpleSelect",
      "source" : "27e506dd78998e0b.txt",
      "type" : "text/plain",
      "size" : 1486
    } ],
    "parameters" : [ ],
    "stepsCount" : 4,
    "attachmentsCount" : 1,
    "shouldDisplayMessage" : true,
    "hasContent" : true
  },
  "afterStages" : [ {
    "name" : "closureActivities",
    "time" : {
      "start" : 1628560759754,
      "stop" : 1628560760619,
      "duration" : 865
    },
    "description" : "",
    "status" : "passed",
    "steps" : [ {
      "name" : "Successfully Closed All Drivers.",
      "time" : {
        "start" : 1628560760050,
        "stop" : 1628560760050,
        "duration" : 0
      },
      "status" : "passed",
      "steps" : [ ],
      "attachments" : [ ],
      "parameters" : [ {
        "name" : "actionCounter",
        "value" : "522"
      }, {
        "name" : "logText",
        "value" : "Successfully Closed All Drivers."
      } ],
      "stepsCount" : 0,
      "attachmentsCount" : 0,
      "shouldDisplayMessage" : false,
      "hasContent" : true
    }, {
      "name" : "Issue Summary: Total Issues = 4, New issues for Failed Tests = 2, Open issues for Passed Tests = 2, Open issues for Failed Tests = 0. Kindly check the attached Issue details.",
      "time" : {
        "start" : 1628560760069,
        "stop" : 1628560760073,
        "duration" : 4
      },
      "status" : "passed",
      "steps" : [ ],
      "attachments" : [ {
        "uid" : "805f71155d5b3674",
        "name" : "Attachment: SHAFT Engine Logs - Issues log CSV: 20210810-015920",
        "source" : "805f71155d5b3674.csv",
        "type" : "text/csv",
        "size" : 474
      } ],
      "parameters" : [ {
        "name" : "actionCounter",
        "value" : "523"
      }, {
        "name" : "logText",
        "value" : "Issue Summary: Total Issues = 4, New issues for Failed Tests = 2, Open issues for Passed Tests = 2, Open issues for Failed Tests = 0. Kindly check the attached Issue details."
      }, {
        "name" : "attachments",
        "value" : "[[SHAFT Engine Logs, Issues log CSV: 20210810-015920, java.io.ByteArrayInputStream@2fa4671c]]"
      } ],
      "stepsCount" : 0,
      "attachmentsCount" : 1,
      "shouldDisplayMessage" : false,
      "hasContent" : true
    } ],
    "attachments" : [ {
      "uid" : "27aa137fa1401402",
      "name" : "Attachment: Selenium WebDriver Logs - server",
      "source" : "27aa137fa1401402.txt",
      "type" : "text/plain",
      "size" : 1288
    }, {
      "uid" : "fbdc949af951af48",
      "name" : "Attachment: Selenium WebDriver Logs - performance",
      "source" : "fbdc949af951af48.txt",
      "type" : "text/plain",
      "size" : 7271
    }, {
      "uid" : "c909adde778f0436",
      "name" : "Attachment: Selenium WebDriver Logs - browser",
      "source" : "c909adde778f0436.txt",
      "type" : "text/plain",
      "size" : 210
    }, {
      "uid" : "fc3b2e6b80640736",
      "name" : "Attachment: Selenium WebDriver Logs - driver",
      "source" : "fc3b2e6b80640736.txt",
      "type" : "text/plain",
      "size" : 148710
    }, {
      "uid" : "3b4c703232c20f21",
      "name" : "Attachment: Selenium WebDriver Logs - server",
      "source" : "3b4c703232c20f21.txt",
      "type" : "text/plain",
      "size" : 1288
    }, {
      "uid" : "d1e4f234e2fa90b7",
      "name" : "Attachment: Selenium WebDriver Logs - performance",
      "source" : "d1e4f234e2fa90b7.txt",
      "type" : "text/plain",
      "size" : 7437
    }, {
      "uid" : "1cb9a18643a580e5",
      "name" : "Attachment: Selenium WebDriver Logs - browser",
      "source" : "1cb9a18643a580e5.txt",
      "type" : "text/plain",
      "size" : 236
    }, {
      "uid" : "6573d59e7278594e",
      "name" : "Attachment: Selenium WebDriver Logs - driver",
      "source" : "6573d59e7278594e.txt",
      "type" : "text/plain",
      "size" : 149160
    }, {
      "uid" : "682310f460dca867",
      "name" : "Attachment: SHAFT Engine Logs - Execution log: 20210810-015920",
      "source" : "682310f460dca867.txt",
      "type" : "text/plain",
      "size" : 255525
    }, {
      "uid" : "6dab7f84babe0181",
      "name" : "Attachment: HTML - Extent Emailable Execution Report",
      "source" : "6dab7f84babe0181.html",
      "type" : "text/html",
      "size" : 8180315
    } ],
    "parameters" : [ ],
    "stepsCount" : 2,
    "attachmentsCount" : 11,
    "shouldDisplayMessage" : false,
    "hasContent" : true
  } ],
  "labels" : [ {
    "name" : "package",
    "value" : "testPackage01.Test_SelectedValue"
  }, {
    "name" : "testClass",
    "value" : "testPackage01.Test_SelectedValue"
  }, {
    "name" : "testMethod",
    "value" : "simpleSelect"
  }, {
    "name" : "parentSuite",
    "value" : "SHAFT: Custom Suite"
  }, {
    "name" : "suite",
    "value" : "SHAFT: Custom Test"
  }, {
    "name" : "subSuite",
    "value" : "testPackage01.Test_SelectedValue"
  }, {
    "name" : "host",
    "value" : "fv-az204-526"
  }, {
    "name" : "thread",
    "value" : "3860@fv-az204-526.main(1)"
  }, {
    "name" : "framework",
    "value" : "testng"
  }, {
    "name" : "language",
    "value" : "java"
  }, {
    "name" : "resultFormat",
    "value" : "allure2"
  } ],
  "parameters" : [ ],
  "links" : [ ],
  "hidden" : false,
  "retry" : false,
  "extra" : {
    "severity" : "normal",
    "retries" : [ ],
    "categories" : [ {
      "name" : "Product defects",
      "matchedStatuses" : [ ],
      "flaky" : false
    } ],
    "history" : {
      "statistic" : {
        "failed" : 37,
        "broken" : 1,
        "skipped" : 0,
        "passed" : 79,
        "unknown" : 0,
        "total" : 117
      },
      "items" : [ {
        "uid" : "cec30e4fdb1b0ade",
        "reportUrl" : "https://MohabMohie.github.io/SHAFT_ENGINE/allure/616//#testresult/cec30e4fdb1b0ade",
        "status" : "failed",
        "statusDetails" : "Element Action [IdentifyUniqueElement] failed. With the following test data [zero elements found matching this locator \"By.tagName: select\".].",
        "time" : {
          "start" : 1628474196397,
          "stop" : 1628474222366,
          "duration" : 25969
        }
      }, {
        "uid" : "58a7a0c609e847b6",
        "reportUrl" : "https://MohabMohie.github.io/SHAFT_ENGINE/allure/615//#testresult/58a7a0c609e847b6",
        "status" : "failed",
        "statusDetails" : "Element Action [IdentifyUniqueElement] failed. With the following test data [zero elements found matching this locator \"By.tagName: select\".].",
        "time" : {
          "start" : 1628426513775,
          "stop" : 1628426539728,
          "duration" : 25953
        }
      }, {
        "uid" : "3d7ee5a9d8aeb95c",
        "reportUrl" : "https://MohabMohie.github.io/SHAFT_ENGINE/allure/614//#testresult/3d7ee5a9d8aeb95c",
        "status" : "failed",
        "statusDetails" : "Element Action [IdentifyUniqueElement] failed. With the following test data [zero elements found matching this locator \"By.tagName: select\".].",
        "time" : {
          "start" : 1628387682488,
          "stop" : 1628387708551,
          "duration" : 26063
        }
      }, {
        "uid" : "24796c16616677fd",
        "reportUrl" : "https://MohabMohie.github.io/SHAFT_ENGINE/allure/613//#testresult/24796c16616677fd",
        "status" : "failed",
        "statusDetails" : "Element Action [IdentifyUniqueElement] failed. With the following test data [zero elements found matching this locator \"By.tagName: select\".].",
        "time" : {
          "start" : 1628301101139,
          "stop" : 1628301127456,
          "duration" : 26317
        }
      }, {
        "uid" : "ee8a4c17e17040de",
        "reportUrl" : "https://MohabMohie.github.io/SHAFT_ENGINE/allure/611//#testresult/ee8a4c17e17040de",
        "status" : "failed",
        "statusDetails" : "Element Action [IdentifyUniqueElement] failed. With the following test data [zero elements found matching this locator \"By.tagName: select\".].",
        "time" : {
          "start" : 1628215128587,
          "stop" : 1628215154713,
          "duration" : 26126
        }
      }, {
        "uid" : "45f9c8f925bfbf74",
        "reportUrl" : "https://MohabMohie.github.io/SHAFT_ENGINE/allure/610//#testresult/45f9c8f925bfbf74",
        "status" : "failed",
        "statusDetails" : "Element Action [IdentifyUniqueElement] failed. With the following test data [zero elements found matching this locator \"By.tagName: select\".].",
        "time" : {
          "start" : 1628128582188,
          "stop" : 1628128608360,
          "duration" : 26172
        }
      }, {
        "uid" : "2e15b7be4ce64b7a",
        "reportUrl" : "https://MohabMohie.github.io/SHAFT_ENGINE/allure/609//#testresult/2e15b7be4ce64b7a",
        "status" : "failed",
        "statusDetails" : "Element Action [IdentifyUniqueElement] failed. With the following test data [zero elements found matching this locator \"By.tagName: select\".].",
        "time" : {
          "start" : 1628042310731,
          "stop" : 1628042336980,
          "duration" : 26249
        }
      }, {
        "uid" : "6f813a0acf61b895",
        "reportUrl" : "https://MohabMohie.github.io/SHAFT_ENGINE/allure/608//#testresult/6f813a0acf61b895",
        "status" : "failed",
        "statusDetails" : "Element Action [IdentifyUniqueElement] failed. With the following test data [zero elements found matching this locator \"By.tagName: select\".].",
        "time" : {
          "start" : 1627956278380,
          "stop" : 1627956304470,
          "duration" : 26090
        }
      }, {
        "uid" : "11ae28312e1a2ab7",
        "reportUrl" : "https://MohabMohie.github.io/SHAFT_ENGINE/allure/607//#testresult/11ae28312e1a2ab7",
        "status" : "failed",
        "statusDetails" : "Element Action [IdentifyUniqueElement] failed. With the following test data [zero elements found matching this locator \"By.tagName: select\".].",
        "time" : {
          "start" : 1627869445142,
          "stop" : 1627869471214,
          "duration" : 26072
        }
      }, {
        "uid" : "9488dc7488f3ff8e",
        "reportUrl" : "https://MohabMohie.github.io/SHAFT_ENGINE/allure/606//#testresult/9488dc7488f3ff8e",
        "status" : "failed",
        "statusDetails" : "Element Action [IdentifyUniqueElement] failed. With the following test data [zero elements found matching this locator \"By.tagName: select\".].",
        "time" : {
          "start" : 1627783465033,
          "stop" : 1627783490954,
          "duration" : 25921
        }
      }, {
        "uid" : "d86f3a4f14c9c009",
        "reportUrl" : "https://MohabMohie.github.io/SHAFT_ENGINE/allure/605//#testresult/d86f3a4f14c9c009",
        "status" : "failed",
        "statusDetails" : "Element Action [IdentifyUniqueElement] failed. With the following test data [zero elements found matching this locator \"By.tagName: select\".].",
        "time" : {
          "start" : 1627696693990,
          "stop" : 1627696720091,
          "duration" : 26101
        }
      }, {
        "uid" : "7cd0a9ee7c17593",
        "reportUrl" : "https://MohabMohie.github.io/SHAFT_ENGINE/allure/604//#testresult/7cd0a9ee7c17593",
        "status" : "failed",
        "statusDetails" : "Element Action [IdentifyUniqueElement] failed. With the following test data [zero elements found matching this locator \"By.tagName: select\".].",
        "time" : {
          "start" : 1627610705564,
          "stop" : 1627610731717,
          "duration" : 26153
        }
      }, {
        "uid" : "704fb84130f1b911",
        "reportUrl" : "https://MohabMohie.github.io/SHAFT_ENGINE/allure/603//#testresult/704fb84130f1b911",
        "status" : "failed",
        "statusDetails" : "Element Action [IdentifyUniqueElement] failed. With the following test data [zero elements found matching this locator \"By.tagName: select\".].",
        "time" : {
          "start" : 1627523944301,
          "stop" : 1627523970317,
          "duration" : 26016
        }
      }, {
        "uid" : "c30531197914729b",
        "reportUrl" : "https://MohabMohie.github.io/SHAFT_ENGINE/allure/602//#testresult/c30531197914729b",
        "status" : "failed",
        "statusDetails" : "Element Action [IdentifyUniqueElement] failed. With the following test data [zero elements found matching this locator \"By.tagName: select\".].",
        "time" : {
          "start" : 1627437705994,
          "stop" : 1627437732042,
          "duration" : 26048
        }
      }, {
        "uid" : "aa3ae7ffc49c7823",
        "reportUrl" : "https://MohabMohie.github.io/SHAFT_ENGINE/allure/601//#testresult/aa3ae7ffc49c7823",
        "status" : "failed",
        "statusDetails" : "Element Action [IdentifyUniqueElement] failed. With the following test data [zero elements found matching this locator \"By.tagName: select\".].",
        "time" : {
          "start" : 1627351475196,
          "stop" : 1627351501082,
          "duration" : 25886
        }
      }, {
        "uid" : "5499f3b40acfb0d4",
        "reportUrl" : "https://MohabMohie.github.io/SHAFT_ENGINE/allure/600//#testresult/5499f3b40acfb0d4",
        "status" : "failed",
        "statusDetails" : "Element Action [IdentifyUniqueElement] failed. With the following test data [zero elements found matching this locator \"By.tagName: select\".].",
        "time" : {
          "start" : 1627303010417,
          "stop" : 1627303036319,
          "duration" : 25902
        }
      }, {
        "uid" : "93f78fc2a67357d8",
        "reportUrl" : "https://MohabMohie.github.io/SHAFT_ENGINE/allure/598//#testresult/93f78fc2a67357d8",
        "status" : "failed",
        "statusDetails" : "Element Action [IdentifyUniqueElement] failed. With the following test data [zero elements found matching this locator \"By.tagName: select\".].",
        "time" : {
          "start" : 1627302861056,
          "stop" : 1627302887036,
          "duration" : 25980
        }
      }, {
        "uid" : "82944b42f1fbaa8a",
        "reportUrl" : "https://MohabMohie.github.io/SHAFT_ENGINE/allure/597//#testresult/82944b42f1fbaa8a",
        "status" : "failed",
        "statusDetails" : "Element Action [IdentifyUniqueElement] failed. With the following test data [zero elements found matching this locator \"By.tagName: select\".].",
        "time" : {
          "start" : 1627264843040,
          "stop" : 1627264869126,
          "duration" : 26086
        }
      }, {
        "uid" : "8444d33d49a81d48",
        "reportUrl" : "https://MohabMohie.github.io/SHAFT_ENGINE/allure/596//#testresult/8444d33d49a81d48",
        "status" : "failed",
        "statusDetails" : "Element Action [IdentifyUniqueElement] failed. With the following test data [zero elements found matching this locator \"By.tagName: select\".].",
        "time" : {
          "start" : 1627178330687,
          "stop" : 1627178356555,
          "duration" : 25868
        }
      }, {
        "uid" : "f70f8a12935df339",
        "reportUrl" : "https://MohabMohie.github.io/SHAFT_ENGINE/allure/595//#testresult/f70f8a12935df339",
        "status" : "failed",
        "statusDetails" : "Element Action [IdentifyUniqueElement] failed. With the following test data [zero elements found matching this locator \"By.tagName: select\".].",
        "time" : {
          "start" : 1627091853232,
          "stop" : 1627091879132,
          "duration" : 25900
        }
      } ]
    },
    "tags" : [ ]
  },
  "source" : "338eb738474ee6f9.json",
  "parameterValues" : [ ]
}