{
  "uid" : "c434fb16fd293090",
  "name" : "multipleSelect",
  "fullName" : "testPackage01.Test_SelectedValue.multipleSelect",
  "historyId" : "81dccf0fa5dda2c07b8a2e38642301d4",
  "time" : {
    "start" : 1628560703002,
    "stop" : 1628560729385,
    "duration" : 26383
  },
  "status" : "failed",
  "statusMessage" : "Element Action [IdentifyUniqueElement] failed. With the following test data [zero elements found matching this locator \"By.tagName: select\".].",
  "statusTrace" : "java.lang.AssertionError: Element Action [IdentifyUniqueElement] failed. With the following test data [zero elements found matching this locator \"By.tagName: select\".].\n\tat org.testng.Assert.fail(Assert.java:99)\n\tat com.shaft.gui.element.WebDriverElementActions.failAction(WebDriverElementActions.java:1442)\n\tat com.shaft.gui.element.WebDriverElementActions.failAction(WebDriverElementActions.java:1296)\n\tat com.shaft.gui.element.WebDriverElementActions.identifyUniqueElement(WebDriverElementActions.java:1511)\n\tat com.shaft.gui.element.WebDriverElementActions.identifyUniqueElement(WebDriverElementActions.java:1305)\n\tat com.shaft.gui.element.WebDriverElementActions.select(WebDriverElementActions.java:943)\n\tat com.shaft.gui.element.ElementActions.select(ElementActions.java:459)\n\tat testPackage01.Test_SelectedValue.multipleSelect(Test_SelectedValue.java:30)\n\tat java.base/jdk.internal.reflect.NativeMethodAccessorImpl.invoke0(Native Method)\n\tat java.base/jdk.internal.reflect.NativeMethodAccessorImpl.invoke(NativeMethodAccessorImpl.java:64)\n\tat java.base/jdk.internal.reflect.DelegatingMethodAccessorImpl.invoke(DelegatingMethodAccessorImpl.java:43)\n\tat java.base/java.lang.reflect.Method.invoke(Method.java:564)\n\tat org.testng.internal.MethodInvocationHelper.invokeMethod(MethodInvocationHelper.java:133)\n\tat org.testng.internal.TestInvoker.invokeMethod(TestInvoker.java:598)\n\tat org.testng.internal.TestInvoker.invokeTestMethod(TestInvoker.java:173)\n\tat org.testng.internal.MethodRunner.runInSequence(MethodRunner.java:46)\n\tat org.testng.internal.TestInvoker$MethodInvocationAgent.invoke(TestInvoker.java:824)\n\tat org.testng.internal.TestInvoker.invokeTestMethods(TestInvoker.java:146)\n\tat org.testng.internal.TestMethodWorker.invokeTestMethods(TestMethodWorker.java:146)\n\tat org.testng.internal.TestMethodWorker.run(TestMethodWorker.java:128)\n\tat java.base/java.util.ArrayList.forEach(ArrayList.java:1511)\n\tat org.testng.TestRunner.privateRun(TestRunner.java:794)\n\tat org.testng.TestRunner.run(TestRunner.java:596)\n\tat org.testng.SuiteRunner.runTest(SuiteRunner.java:377)\n\tat org.testng.SuiteRunner.runSequentially(SuiteRunner.java:371)\n\tat org.testng.SuiteRunner.privateRun(SuiteRunner.java:332)\n\tat org.testng.SuiteRunner.run(SuiteRunner.java:276)\n\tat org.testng.SuiteRunnerWorker.runSuite(SuiteRunnerWorker.java:53)\n\tat org.testng.SuiteRunnerWorker.run(SuiteRunnerWorker.java:96)\n\tat org.testng.TestNG.runSuitesSequentially(TestNG.java:1212)\n\tat org.testng.TestNG.runSuitesLocally(TestNG.java:1134)\n\tat org.testng.TestNG.runSuites(TestNG.java:1063)\n\tat org.testng.TestNG.run(TestNG.java:1031)\n\tat org.apache.maven.surefire.testng.TestNGExecutor.run(TestNGExecutor.java:136)\n\tat org.apache.maven.surefire.testng.TestNGDirectoryTestSuite.executeMulti(TestNGDirectoryTestSuite.java:193)\n\tat org.apache.maven.surefire.testng.TestNGDirectoryTestSuite.execute(TestNGDirectoryTestSuite.java:94)\n\tat org.apache.maven.surefire.testng.TestNGProvider.invoke(TestNGProvider.java:145)\n\tat org.apache.maven.surefire.booter.ForkedBooter.runSuitesInProcess(ForkedBooter.java:428)\n\tat org.apache.maven.surefire.booter.ForkedBooter.execute(ForkedBooter.java:162)\n\tat org.apache.maven.surefire.booter.ForkedBooter.run(ForkedBooter.java:562)\n\tat org.apache.maven.surefire.booter.ForkedBooter.main(ForkedBooter.java:548)\n",
  "flaky" : false,
  "newFailed" : false,
  "beforeStages" : [ ],
  "testStage" : {
    "status" : "failed",
    "statusMessage" : "Element Action [IdentifyUniqueElement] failed. With the following test data [zero elements found matching this locator \"By.tagName: select\".].",
    "statusTrace" : "java.lang.AssertionError: Element Action [IdentifyUniqueElement] failed. With the following test data [zero elements found matching this locator \"By.tagName: select\".].\n\tat org.testng.Assert.fail(Assert.java:99)\n\tat com.shaft.gui.element.WebDriverElementActions.failAction(WebDriverElementActions.java:1442)\n\tat com.shaft.gui.element.WebDriverElementActions.failAction(WebDriverElementActions.java:1296)\n\tat com.shaft.gui.element.WebDriverElementActions.identifyUniqueElement(WebDriverElementActions.java:1511)\n\tat com.shaft.gui.element.WebDriverElementActions.identifyUniqueElement(WebDriverElementActions.java:1305)\n\tat com.shaft.gui.element.WebDriverElementActions.select(WebDriverElementActions.java:943)\n\tat com.shaft.gui.element.ElementActions.select(ElementActions.java:459)\n\tat testPackage01.Test_SelectedValue.multipleSelect(Test_SelectedValue.java:30)\n\tat java.base/jdk.internal.reflect.NativeMethodAccessorImpl.invoke0(Native Method)\n\tat java.base/jdk.internal.reflect.NativeMethodAccessorImpl.invoke(NativeMethodAccessorImpl.java:64)\n\tat java.base/jdk.internal.reflect.DelegatingMethodAccessorImpl.invoke(DelegatingMethodAccessorImpl.java:43)\n\tat java.base/java.lang.reflect.Method.invoke(Method.java:564)\n\tat org.testng.internal.MethodInvocationHelper.invokeMethod(MethodInvocationHelper.java:133)\n\tat org.testng.internal.TestInvoker.invokeMethod(TestInvoker.java:598)\n\tat org.testng.internal.TestInvoker.invokeTestMethod(TestInvoker.java:173)\n\tat org.testng.internal.MethodRunner.runInSequence(MethodRunner.java:46)\n\tat org.testng.internal.TestInvoker$MethodInvocationAgent.invoke(TestInvoker.java:824)\n\tat org.testng.internal.TestInvoker.invokeTestMethods(TestInvoker.java:146)\n\tat org.testng.internal.TestMethodWorker.invokeTestMethods(TestMethodWorker.java:146)\n\tat org.testng.internal.TestMethodWorker.run(TestMethodWorker.java:128)\n\tat java.base/java.util.ArrayList.forEach(ArrayList.java:1511)\n\tat org.testng.TestRunner.privateRun(TestRunner.java:794)\n\tat org.testng.TestRunner.run(TestRunner.java:596)\n\tat org.testng.SuiteRunner.runTest(SuiteRunner.java:377)\n\tat org.testng.SuiteRunner.runSequentially(SuiteRunner.java:371)\n\tat org.testng.SuiteRunner.privateRun(SuiteRunner.java:332)\n\tat org.testng.SuiteRunner.run(SuiteRunner.java:276)\n\tat org.testng.SuiteRunnerWorker.runSuite(SuiteRunnerWorker.java:53)\n\tat org.testng.SuiteRunnerWorker.run(SuiteRunnerWorker.java:96)\n\tat org.testng.TestNG.runSuitesSequentially(TestNG.java:1212)\n\tat org.testng.TestNG.runSuitesLocally(TestNG.java:1134)\n\tat org.testng.TestNG.runSuites(TestNG.java:1063)\n\tat org.testng.TestNG.run(TestNG.java:1031)\n\tat org.apache.maven.surefire.testng.TestNGExecutor.run(TestNGExecutor.java:136)\n\tat org.apache.maven.surefire.testng.TestNGDirectoryTestSuite.executeMulti(TestNGDirectoryTestSuite.java:193)\n\tat org.apache.maven.surefire.testng.TestNGDirectoryTestSuite.execute(TestNGDirectoryTestSuite.java:94)\n\tat org.apache.maven.surefire.testng.TestNGProvider.invoke(TestNGProvider.java:145)\n\tat org.apache.maven.surefire.booter.ForkedBooter.runSuitesInProcess(ForkedBooter.java:428)\n\tat org.apache.maven.surefire.booter.ForkedBooter.execute(ForkedBooter.java:162)\n\tat org.apache.maven.surefire.booter.ForkedBooter.run(ForkedBooter.java:562)\n\tat org.apache.maven.surefire.booter.ForkedBooter.main(ForkedBooter.java:548)\n",
    "steps" : [ {
      "name" : "Attempting to run remotely on: [Linux-64], [GoogleChrome], [http://localhost:4444/wd/hub], Headless Execution.",
      "time" : {
        "start" : 1628560703004,
        "stop" : 1628560703004,
        "duration" : 0
      },
      "status" : "passed",
      "steps" : [ ],
      "attachments" : [ ],
      "parameters" : [ {
        "name" : "actionCounter",
        "value" : "502"
      }, {
        "name" : "logText",
        "value" : "Attempting to run remotely on: [Linux-64], [GoogleChrome], [http://localhost:4444/wd/hub], Headless Execution."
      } ],
      "stepsCount" : 0,
      "attachmentsCount" : 0,
      "shouldDisplayMessage" : false,
      "hasContent" : true
    }, {
      "name" : "Successfully Opened [GoogleChrome].",
      "time" : {
        "start" : 1628560703172,
        "stop" : 1628560703172,
        "duration" : 0
      },
      "status" : "passed",
      "steps" : [ ],
      "attachments" : [ ],
      "parameters" : [ {
        "name" : "actionCounter",
        "value" : "503"
      }, {
        "name" : "logText",
        "value" : "Successfully Opened [GoogleChrome]."
      } ],
      "stepsCount" : 0,
      "attachmentsCount" : 0,
      "shouldDisplayMessage" : false,
      "hasContent" : true
    }, {
      "name" : "Browser Action [NavigateToURL] successfully performed. With the following test data [https://mdn.mozillademos.org/en-US/docs/Web/HTML/Element/select$samples/Advanced_select_with_multiple_features?revision=1612304].",
      "time" : {
        "start" : 1628560704015,
        "stop" : 1628560704015,
        "duration" : 0
      },
      "status" : "passed",
      "steps" : [ ],
      "attachments" : [ ],
      "parameters" : [ {
        "name" : "actionCounter",
        "value" : "504"
      }, {
        "name" : "logText",
        "value" : "Browser Action [NavigateToURL] successfully performed. With the following test data [https://mdn.mozillademos.org/en-US/docs/Web/HTML/Element/select$samples/Advanced_select_with_multiple_features?revision=1612304]."
      }, {
        "name" : "attachments",
        "value" : "[null]"
      } ],
      "stepsCount" : 0,
      "attachmentsCount" : 0,
      "shouldDisplayMessage" : false,
      "hasContent" : true
    }, {
      "name" : "Element Action [IdentifyUniqueElement] failed. With the following test data [zero elements found matching this locator \"By.tagName: select\".].",
      "time" : {
        "start" : 1628560729379,
        "stop" : 1628560729380,
        "duration" : 1
      },
      "status" : "passed",
      "steps" : [ ],
      "attachments" : [ ],
      "parameters" : [ {
        "name" : "actionCounter",
        "value" : "505"
      }, {
        "name" : "logText",
        "value" : "Element Action [IdentifyUniqueElement] failed. With the following test data [zero elements found matching this locator \"By.tagName: select\".]."
      } ],
      "stepsCount" : 0,
      "attachmentsCount" : 0,
      "shouldDisplayMessage" : false,
      "hasContent" : true
    } ],
    "attachments" : [ {
      "uid" : "af9ac740187a0f40",
      "name" : "Attachment: SHAFT Engine Logs - Current Method log: multipleSelect",
      "source" : "af9ac740187a0f40.txt",
      "type" : "text/plain",
      "size" : 1540
    } ],
    "parameters" : [ ],
    "stepsCount" : 4,
    "attachmentsCount" : 1,
    "shouldDisplayMessage" : true,
    "hasContent" : true
  },
  "afterStages" : [ {
    "name" : "closureActivities",
    "time" : {
      "start" : 1628560759754,
      "stop" : 1628560760619,
      "duration" : 865
    },
    "description" : "",
    "status" : "passed",
    "steps" : [ {
      "name" : "Successfully Closed All Drivers.",
      "time" : {
        "start" : 1628560760050,
        "stop" : 1628560760050,
        "duration" : 0
      },
      "status" : "passed",
      "steps" : [ ],
      "attachments" : [ ],
      "parameters" : [ {
        "name" : "actionCounter",
        "value" : "522"
      }, {
        "name" : "logText",
        "value" : "Successfully Closed All Drivers."
      } ],
      "stepsCount" : 0,
      "attachmentsCount" : 0,
      "shouldDisplayMessage" : false,
      "hasContent" : true
    }, {
      "name" : "Issue Summary: Total Issues = 4, New issues for Failed Tests = 2, Open issues for Passed Tests = 2, Open issues for Failed Tests = 0. Kindly check the attached Issue details.",
      "time" : {
        "start" : 1628560760069,
        "stop" : 1628560760073,
        "duration" : 4
      },
      "status" : "passed",
      "steps" : [ ],
      "attachments" : [ {
        "uid" : "805f71155d5b3674",
        "name" : "Attachment: SHAFT Engine Logs - Issues log CSV: 20210810-015920",
        "source" : "805f71155d5b3674.csv",
        "type" : "text/csv",
        "size" : 474
      } ],
      "parameters" : [ {
        "name" : "actionCounter",
        "value" : "523"
      }, {
        "name" : "logText",
        "value" : "Issue Summary: Total Issues = 4, New issues for Failed Tests = 2, Open issues for Passed Tests = 2, Open issues for Failed Tests = 0. Kindly check the attached Issue details."
      }, {
        "name" : "attachments",
        "value" : "[[SHAFT Engine Logs, Issues log CSV: 20210810-015920, java.io.ByteArrayInputStream@2fa4671c]]"
      } ],
      "stepsCount" : 0,
      "attachmentsCount" : 1,
      "shouldDisplayMessage" : false,
      "hasContent" : true
    } ],
    "attachments" : [ {
      "uid" : "27aa137fa1401402",
      "name" : "Attachment: Selenium WebDriver Logs - server",
      "source" : "27aa137fa1401402.txt",
      "type" : "text/plain",
      "size" : 1288
    }, {
      "uid" : "fbdc949af951af48",
      "name" : "Attachment: Selenium WebDriver Logs - performance",
      "source" : "fbdc949af951af48.txt",
      "type" : "text/plain",
      "size" : 7271
    }, {
      "uid" : "c909adde778f0436",
      "name" : "Attachment: Selenium WebDriver Logs - browser",
      "source" : "c909adde778f0436.txt",
      "type" : "text/plain",
      "size" : 210
    }, {
      "uid" : "fc3b2e6b80640736",
      "name" : "Attachment: Selenium WebDriver Logs - driver",
      "source" : "fc3b2e6b80640736.txt",
      "type" : "text/plain",
      "size" : 148710
    }, {
      "uid" : "3b4c703232c20f21",
      "name" : "Attachment: Selenium WebDriver Logs - server",
      "source" : "3b4c703232c20f21.txt",
      "type" : "text/plain",
      "size" : 1288
    }, {
      "uid" : "d1e4f234e2fa90b7",
      "name" : "Attachment: Selenium WebDriver Logs - performance",
      "source" : "d1e4f234e2fa90b7.txt",
      "type" : "text/plain",
      "size" : 7437
    }, {
      "uid" : "1cb9a18643a580e5",
      "name" : "Attachment: Selenium WebDriver Logs - browser",
      "source" : "1cb9a18643a580e5.txt",
      "type" : "text/plain",
      "size" : 236
    }, {
      "uid" : "6573d59e7278594e",
      "name" : "Attachment: Selenium WebDriver Logs - driver",
      "source" : "6573d59e7278594e.txt",
      "type" : "text/plain",
      "size" : 149160
    }, {
      "uid" : "682310f460dca867",
      "name" : "Attachment: SHAFT Engine Logs - Execution log: 20210810-015920",
      "source" : "682310f460dca867.txt",
      "type" : "text/plain",
      "size" : 255525
    }, {
      "uid" : "6dab7f84babe0181",
      "name" : "Attachment: HTML - Extent Emailable Execution Report",
      "source" : "6dab7f84babe0181.html",
      "type" : "text/html",
      "size" : 8180315
    } ],
    "parameters" : [ ],
    "stepsCount" : 2,
    "attachmentsCount" : 11,
    "shouldDisplayMessage" : false,
    "hasContent" : true
  } ],
  "labels" : [ {
    "name" : "package",
    "value" : "testPackage01.Test_SelectedValue"
  }, {
    "name" : "testClass",
    "value" : "testPackage01.Test_SelectedValue"
  }, {
    "name" : "testMethod",
    "value" : "multipleSelect"
  }, {
    "name" : "parentSuite",
    "value" : "SHAFT: Custom Suite"
  }, {
    "name" : "suite",
    "value" : "SHAFT: Custom Test"
  }, {
    "name" : "subSuite",
    "value" : "testPackage01.Test_SelectedValue"
  }, {
    "name" : "host",
    "value" : "fv-az204-526"
  }, {
    "name" : "thread",
    "value" : "3860@fv-az204-526.main(1)"
  }, {
    "name" : "framework",
    "value" : "testng"
  }, {
    "name" : "language",
    "value" : "java"
  }, {
    "name" : "resultFormat",
    "value" : "allure2"
  } ],
  "parameters" : [ ],
  "links" : [ ],
  "hidden" : false,
  "retry" : false,
  "extra" : {
    "severity" : "normal",
    "retries" : [ ],
    "categories" : [ {
      "name" : "Product defects",
      "matchedStatuses" : [ ],
      "flaky" : false
    } ],
    "history" : {
      "statistic" : {
        "failed" : 34,
        "broken" : 1,
        "skipped" : 0,
        "passed" : 82,
        "unknown" : 0,
        "total" : 117
      },
      "items" : [ {
        "uid" : "fea3a647e32cd98d",
        "reportUrl" : "https://MohabMohie.github.io/SHAFT_ENGINE/allure/616//#testresult/fea3a647e32cd98d",
        "status" : "failed",
        "statusDetails" : "Element Action [IdentifyUniqueElement] failed. With the following test data [zero elements found matching this locator \"By.tagName: select\".].",
        "time" : {
          "start" : 1628474170193,
          "stop" : 1628474196393,
          "duration" : 26200
        }
      }, {
        "uid" : "fbccdc8e8bff1bec",
        "reportUrl" : "https://MohabMohie.github.io/SHAFT_ENGINE/allure/615//#testresult/fbccdc8e8bff1bec",
        "status" : "failed",
        "statusDetails" : "Element Action [IdentifyUniqueElement] failed. With the following test data [zero elements found matching this locator \"By.tagName: select\".].",
        "time" : {
          "start" : 1628426487548,
          "stop" : 1628426513759,
          "duration" : 26211
        }
      }, {
        "uid" : "dd43e23eaf49a179",
        "reportUrl" : "https://MohabMohie.github.io/SHAFT_ENGINE/allure/614//#testresult/dd43e23eaf49a179",
        "status" : "failed",
        "statusDetails" : "Element Action [IdentifyUniqueElement] failed. With the following test data [zero elements found matching this locator \"By.tagName: select\".].",
        "time" : {
          "start" : 1628387656360,
          "stop" : 1628387682478,
          "duration" : 26118
        }
      }, {
        "uid" : "1a9269421c96e577",
        "reportUrl" : "https://MohabMohie.github.io/SHAFT_ENGINE/allure/613//#testresult/1a9269421c96e577",
        "status" : "failed",
        "statusDetails" : "Element Action [IdentifyUniqueElement] failed. With the following test data [zero elements found matching this locator \"By.tagName: select\".].",
        "time" : {
          "start" : 1628301074655,
          "stop" : 1628301101119,
          "duration" : 26464
        }
      }, {
        "uid" : "cdc021f0ffb2f4c7",
        "reportUrl" : "https://MohabMohie.github.io/SHAFT_ENGINE/allure/611//#testresult/cdc021f0ffb2f4c7",
        "status" : "failed",
        "statusDetails" : "Element Action [IdentifyUniqueElement] failed. With the following test data [zero elements found matching this locator \"By.tagName: select\".].",
        "time" : {
          "start" : 1628215102212,
          "stop" : 1628215128585,
          "duration" : 26373
        }
      }, {
        "uid" : "dac27eae81baab59",
        "reportUrl" : "https://MohabMohie.github.io/SHAFT_ENGINE/allure/610//#testresult/dac27eae81baab59",
        "status" : "failed",
        "statusDetails" : "Element Action [IdentifyUniqueElement] failed. With the following test data [zero elements found matching this locator \"By.tagName: select\".].",
        "time" : {
          "start" : 1628128555877,
          "stop" : 1628128582179,
          "duration" : 26302
        }
      }, {
        "uid" : "2713e25798142715",
        "reportUrl" : "https://MohabMohie.github.io/SHAFT_ENGINE/allure/609//#testresult/2713e25798142715",
        "status" : "failed",
        "statusDetails" : "Element Action [IdentifyUniqueElement] failed. With the following test data [zero elements found matching this locator \"By.tagName: select\".].",
        "time" : {
          "start" : 1628042284374,
          "stop" : 1628042310719,
          "duration" : 26345
        }
      }, {
        "uid" : "ae197f115946d903",
        "reportUrl" : "https://MohabMohie.github.io/SHAFT_ENGINE/allure/608//#testresult/ae197f115946d903",
        "status" : "failed",
        "statusDetails" : "Element Action [IdentifyUniqueElement] failed. With the following test data [zero elements found matching this locator \"By.tagName: select\".].",
        "time" : {
          "start" : 1627956252101,
          "stop" : 1627956278373,
          "duration" : 26272
        }
      }, {
        "uid" : "a6dae576bf3c3f53",
        "reportUrl" : "https://MohabMohie.github.io/SHAFT_ENGINE/allure/607//#testresult/a6dae576bf3c3f53",
        "status" : "failed",
        "statusDetails" : "Element Action [IdentifyUniqueElement] failed. With the following test data [zero elements found matching this locator \"By.tagName: select\".].",
        "time" : {
          "start" : 1627869418939,
          "stop" : 1627869445137,
          "duration" : 26198
        }
      }, {
        "uid" : "7500e9c6dcd86c89",
        "reportUrl" : "https://MohabMohie.github.io/SHAFT_ENGINE/allure/606//#testresult/7500e9c6dcd86c89",
        "status" : "failed",
        "statusDetails" : "Element Action [IdentifyUniqueElement] failed. With the following test data [zero elements found matching this locator \"By.tagName: select\".].",
        "time" : {
          "start" : 1627783438873,
          "stop" : 1627783465027,
          "duration" : 26154
        }
      }, {
        "uid" : "e107f092f81fcb7c",
        "reportUrl" : "https://MohabMohie.github.io/SHAFT_ENGINE/allure/605//#testresult/e107f092f81fcb7c",
        "status" : "failed",
        "statusDetails" : "Element Action [IdentifyUniqueElement] failed. With the following test data [zero elements found matching this locator \"By.tagName: select\".].",
        "time" : {
          "start" : 1627696667697,
          "stop" : 1627696693987,
          "duration" : 26290
        }
      }, {
        "uid" : "3f8fa4339b63e2c7",
        "reportUrl" : "https://MohabMohie.github.io/SHAFT_ENGINE/allure/604//#testresult/3f8fa4339b63e2c7",
        "status" : "failed",
        "statusDetails" : "Element Action [IdentifyUniqueElement] failed. With the following test data [zero elements found matching this locator \"By.tagName: select\".].",
        "time" : {
          "start" : 1627610679281,
          "stop" : 1627610705558,
          "duration" : 26277
        }
      }, {
        "uid" : "8fd91d06629db9cb",
        "reportUrl" : "https://MohabMohie.github.io/SHAFT_ENGINE/allure/603//#testresult/8fd91d06629db9cb",
        "status" : "failed",
        "statusDetails" : "Element Action [IdentifyUniqueElement] failed. With the following test data [zero elements found matching this locator \"By.tagName: select\".].",
        "time" : {
          "start" : 1627523917997,
          "stop" : 1627523944299,
          "duration" : 26302
        }
      }, {
        "uid" : "eb3dc7608861e151",
        "reportUrl" : "https://MohabMohie.github.io/SHAFT_ENGINE/allure/602//#testresult/eb3dc7608861e151",
        "status" : "failed",
        "statusDetails" : "Element Action [IdentifyUniqueElement] failed. With the following test data [zero elements found matching this locator \"By.tagName: select\".].",
        "time" : {
          "start" : 1627437679904,
          "stop" : 1627437705993,
          "duration" : 26089
        }
      }, {
        "uid" : "d6f52ab1e116eaad",
        "reportUrl" : "https://MohabMohie.github.io/SHAFT_ENGINE/allure/601//#testresult/d6f52ab1e116eaad",
        "status" : "failed",
        "statusDetails" : "Element Action [IdentifyUniqueElement] failed. With the following test data [zero elements found matching this locator \"By.tagName: select\".].",
        "time" : {
          "start" : 1627351449106,
          "stop" : 1627351475194,
          "duration" : 26088
        }
      }, {
        "uid" : "29bac21aad7dcbc7",
        "reportUrl" : "https://MohabMohie.github.io/SHAFT_ENGINE/allure/600//#testresult/29bac21aad7dcbc7",
        "status" : "failed",
        "statusDetails" : "Element Action [IdentifyUniqueElement] failed. With the following test data [zero elements found matching this locator \"By.tagName: select\".].",
        "time" : {
          "start" : 1627302984433,
          "stop" : 1627303010412,
          "duration" : 25979
        }
      }, {
        "uid" : "8e27fd802c5528ac",
        "reportUrl" : "https://MohabMohie.github.io/SHAFT_ENGINE/allure/598//#testresult/8e27fd802c5528ac",
        "status" : "failed",
        "statusDetails" : "Element Action [IdentifyUniqueElement] failed. With the following test data [zero elements found matching this locator \"By.tagName: select\".].",
        "time" : {
          "start" : 1627302834849,
          "stop" : 1627302861048,
          "duration" : 26199
        }
      }, {
        "uid" : "cdc9699238bcb18f",
        "reportUrl" : "https://MohabMohie.github.io/SHAFT_ENGINE/allure/597//#testresult/cdc9699238bcb18f",
        "status" : "failed",
        "statusDetails" : "Element Action [IdentifyUniqueElement] failed. With the following test data [zero elements found matching this locator \"By.tagName: select\".].",
        "time" : {
          "start" : 1627264816739,
          "stop" : 1627264843035,
          "duration" : 26296
        }
      }, {
        "uid" : "ce479f0547c4546d",
        "reportUrl" : "https://MohabMohie.github.io/SHAFT_ENGINE/allure/596//#testresult/ce479f0547c4546d",
        "status" : "failed",
        "statusDetails" : "Element Action [IdentifyUniqueElement] failed. With the following test data [zero elements found matching this locator \"By.tagName: select\".].",
        "time" : {
          "start" : 1627178304754,
          "stop" : 1627178330682,
          "duration" : 25928
        }
      }, {
        "uid" : "8dc83ff504c53848",
        "reportUrl" : "https://MohabMohie.github.io/SHAFT_ENGINE/allure/595//#testresult/8dc83ff504c53848",
        "status" : "failed",
        "statusDetails" : "Element Action [IdentifyUniqueElement] failed. With the following test data [zero elements found matching this locator \"By.tagName: select\".].",
        "time" : {
          "start" : 1627091827076,
          "stop" : 1627091853219,
          "duration" : 26143
        }
      } ]
    },
    "tags" : [ ]
  },
  "source" : "c434fb16fd293090.json",
  "parameterValues" : [ ]
}