{
  "uid" : "8e27fd802c5528ac",
  "name" : "multipleSelect",
  "fullName" : "testPackage01.Test_SelectedValue.multipleSelect",
  "historyId" : "81dccf0fa5dda2c07b8a2e38642301d4",
  "time" : {
    "start" : 1627302834849,
    "stop" : 1627302861048,
    "duration" : 26199
  },
  "status" : "failed",
  "statusMessage" : "Element Action [IdentifyUniqueElement] failed. With the following test data [zero elements found matching this locator \"By.tagName: select\".].",
  "statusTrace" : "java.lang.AssertionError: Element Action [IdentifyUniqueElement] failed. With the following test data [zero elements found matching this locator \"By.tagName: select\".].\n\tat org.testng.Assert.fail(Assert.java:99)\n\tat com.shaft.gui.element.WebDriverElementActions.failAction(WebDriverElementActions.java:1442)\n\tat com.shaft.gui.element.WebDriverElementActions.failAction(WebDriverElementActions.java:1296)\n\tat com.shaft.gui.element.WebDriverElementActions.identifyUniqueElement(WebDriverElementActions.java:1511)\n\tat com.shaft.gui.element.WebDriverElementActions.identifyUniqueElement(WebDriverElementActions.java:1305)\n\tat com.shaft.gui.element.WebDriverElementActions.select(WebDriverElementActions.java:943)\n\tat com.shaft.gui.element.ElementActions.select(ElementActions.java:459)\n\tat testPackage01.Test_SelectedValue.multipleSelect(Test_SelectedValue.java:30)\n\tat java.base/jdk.internal.reflect.NativeMethodAccessorImpl.invoke0(Native Method)\n\tat java.base/jdk.internal.reflect.NativeMethodAccessorImpl.invoke(NativeMethodAccessorImpl.java:64)\n\tat java.base/jdk.internal.reflect.DelegatingMethodAccessorImpl.invoke(DelegatingMethodAccessorImpl.java:43)\n\tat java.base/java.lang.reflect.Method.invoke(Method.java:564)\n\tat org.testng.internal.MethodInvocationHelper.invokeMethod(MethodInvocationHelper.java:133)\n\tat org.testng.internal.TestInvoker.invokeMethod(TestInvoker.java:598)\n\tat org.testng.internal.TestInvoker.invokeTestMethod(TestInvoker.java:173)\n\tat org.testng.internal.MethodRunner.runInSequence(MethodRunner.java:46)\n\tat org.testng.internal.TestInvoker$MethodInvocationAgent.invoke(TestInvoker.java:824)\n\tat org.testng.internal.TestInvoker.invokeTestMethods(TestInvoker.java:146)\n\tat org.testng.internal.TestMethodWorker.invokeTestMethods(TestMethodWorker.java:146)\n\tat org.testng.internal.TestMethodWorker.run(TestMethodWorker.java:128)\n\tat java.base/java.util.ArrayList.forEach(ArrayList.java:1511)\n\tat org.testng.TestRunner.privateRun(TestRunner.java:794)\n\tat org.testng.TestRunner.run(TestRunner.java:596)\n\tat org.testng.SuiteRunner.runTest(SuiteRunner.java:377)\n\tat org.testng.SuiteRunner.runSequentially(SuiteRunner.java:371)\n\tat org.testng.SuiteRunner.privateRun(SuiteRunner.java:332)\n\tat org.testng.SuiteRunner.run(SuiteRunner.java:276)\n\tat org.testng.SuiteRunnerWorker.runSuite(SuiteRunnerWorker.java:53)\n\tat org.testng.SuiteRunnerWorker.run(SuiteRunnerWorker.java:96)\n\tat org.testng.TestNG.runSuitesSequentially(TestNG.java:1212)\n\tat org.testng.TestNG.runSuitesLocally(TestNG.java:1134)\n\tat org.testng.TestNG.runSuites(TestNG.java:1063)\n\tat org.testng.TestNG.run(TestNG.java:1031)\n\tat org.apache.maven.surefire.testng.TestNGExecutor.run(TestNGExecutor.java:136)\n\tat org.apache.maven.surefire.testng.TestNGDirectoryTestSuite.executeMulti(TestNGDirectoryTestSuite.java:193)\n\tat org.apache.maven.surefire.testng.TestNGDirectoryTestSuite.execute(TestNGDirectoryTestSuite.java:94)\n\tat org.apache.maven.surefire.testng.TestNGProvider.invoke(TestNGProvider.java:145)\n\tat org.apache.maven.surefire.booter.ForkedBooter.runSuitesInProcess(ForkedBooter.java:428)\n\tat org.apache.maven.surefire.booter.ForkedBooter.execute(ForkedBooter.java:162)\n\tat org.apache.maven.surefire.booter.ForkedBooter.run(ForkedBooter.java:562)\n\tat org.apache.maven.surefire.booter.ForkedBooter.main(ForkedBooter.java:548)\n",
  "flaky" : false,
  "newFailed" : false,
  "beforeStages" : [ ],
  "testStage" : {
    "status" : "failed",
    "statusMessage" : "Element Action [IdentifyUniqueElement] failed. With the following test data [zero elements found matching this locator \"By.tagName: select\".].",
    "statusTrace" : "java.lang.AssertionError: Element Action [IdentifyUniqueElement] failed. With the following test data [zero elements found matching this locator \"By.tagName: select\".].\n\tat org.testng.Assert.fail(Assert.java:99)\n\tat com.shaft.gui.element.WebDriverElementActions.failAction(WebDriverElementActions.java:1442)\n\tat com.shaft.gui.element.WebDriverElementActions.failAction(WebDriverElementActions.java:1296)\n\tat com.shaft.gui.element.WebDriverElementActions.identifyUniqueElement(WebDriverElementActions.java:1511)\n\tat com.shaft.gui.element.WebDriverElementActions.identifyUniqueElement(WebDriverElementActions.java:1305)\n\tat com.shaft.gui.element.WebDriverElementActions.select(WebDriverElementActions.java:943)\n\tat com.shaft.gui.element.ElementActions.select(ElementActions.java:459)\n\tat testPackage01.Test_SelectedValue.multipleSelect(Test_SelectedValue.java:30)\n\tat java.base/jdk.internal.reflect.NativeMethodAccessorImpl.invoke0(Native Method)\n\tat java.base/jdk.internal.reflect.NativeMethodAccessorImpl.invoke(NativeMethodAccessorImpl.java:64)\n\tat java.base/jdk.internal.reflect.DelegatingMethodAccessorImpl.invoke(DelegatingMethodAccessorImpl.java:43)\n\tat java.base/java.lang.reflect.Method.invoke(Method.java:564)\n\tat org.testng.internal.MethodInvocationHelper.invokeMethod(MethodInvocationHelper.java:133)\n\tat org.testng.internal.TestInvoker.invokeMethod(TestInvoker.java:598)\n\tat org.testng.internal.TestInvoker.invokeTestMethod(TestInvoker.java:173)\n\tat org.testng.internal.MethodRunner.runInSequence(MethodRunner.java:46)\n\tat org.testng.internal.TestInvoker$MethodInvocationAgent.invoke(TestInvoker.java:824)\n\tat org.testng.internal.TestInvoker.invokeTestMethods(TestInvoker.java:146)\n\tat org.testng.internal.TestMethodWorker.invokeTestMethods(TestMethodWorker.java:146)\n\tat org.testng.internal.TestMethodWorker.run(TestMethodWorker.java:128)\n\tat java.base/java.util.ArrayList.forEach(ArrayList.java:1511)\n\tat org.testng.TestRunner.privateRun(TestRunner.java:794)\n\tat org.testng.TestRunner.run(TestRunner.java:596)\n\tat org.testng.SuiteRunner.runTest(SuiteRunner.java:377)\n\tat org.testng.SuiteRunner.runSequentially(SuiteRunner.java:371)\n\tat org.testng.SuiteRunner.privateRun(SuiteRunner.java:332)\n\tat org.testng.SuiteRunner.run(SuiteRunner.java:276)\n\tat org.testng.SuiteRunnerWorker.runSuite(SuiteRunnerWorker.java:53)\n\tat org.testng.SuiteRunnerWorker.run(SuiteRunnerWorker.java:96)\n\tat org.testng.TestNG.runSuitesSequentially(TestNG.java:1212)\n\tat org.testng.TestNG.runSuitesLocally(TestNG.java:1134)\n\tat org.testng.TestNG.runSuites(TestNG.java:1063)\n\tat org.testng.TestNG.run(TestNG.java:1031)\n\tat org.apache.maven.surefire.testng.TestNGExecutor.run(TestNGExecutor.java:136)\n\tat org.apache.maven.surefire.testng.TestNGDirectoryTestSuite.executeMulti(TestNGDirectoryTestSuite.java:193)\n\tat org.apache.maven.surefire.testng.TestNGDirectoryTestSuite.execute(TestNGDirectoryTestSuite.java:94)\n\tat org.apache.maven.surefire.testng.TestNGProvider.invoke(TestNGProvider.java:145)\n\tat org.apache.maven.surefire.booter.ForkedBooter.runSuitesInProcess(ForkedBooter.java:428)\n\tat org.apache.maven.surefire.booter.ForkedBooter.execute(ForkedBooter.java:162)\n\tat org.apache.maven.surefire.booter.ForkedBooter.run(ForkedBooter.java:562)\n\tat org.apache.maven.surefire.booter.ForkedBooter.main(ForkedBooter.java:548)\n",
    "steps" : [ {
      "name" : "Attempting to run remotely on: [Linux-64], [GoogleChrome], [http://localhost:4444/wd/hub], Headless Execution.",
      "time" : {
        "start" : 1627302834852,
        "stop" : 1627302834852,
        "duration" : 0
      },
      "status" : "passed",
      "steps" : [ ],
      "attachments" : [ ],
      "parameters" : [ {
        "name" : "actionCounter",
        "value" : "456"
      }, {
        "name" : "logText",
        "value" : "Attempting to run remotely on: [Linux-64], [GoogleChrome], [http://localhost:4444/wd/hub], Headless Execution."
      } ],
      "stepsCount" : 0,
      "attachmentsCount" : 0,
      "shouldDisplayMessage" : false,
      "hasContent" : true
    }, {
      "name" : "Successfully Opened [GoogleChrome].",
      "time" : {
        "start" : 1627302835037,
        "stop" : 1627302835037,
        "duration" : 0
      },
      "status" : "passed",
      "steps" : [ ],
      "attachments" : [ ],
      "parameters" : [ {
        "name" : "actionCounter",
        "value" : "457"
      }, {
        "name" : "logText",
        "value" : "Successfully Opened [GoogleChrome]."
      } ],
      "stepsCount" : 0,
      "attachmentsCount" : 0,
      "shouldDisplayMessage" : false,
      "hasContent" : true
    }, {
      "name" : "Browser Action [NavigateToURL] successfully performed. With the following test data [https://mdn.mozillademos.org/en-US/docs/Web/HTML/Element/select$samples/Advanced_select_with_multiple_features?revision=1612304].",
      "time" : {
        "start" : 1627302835698,
        "stop" : 1627302835698,
        "duration" : 0
      },
      "status" : "passed",
      "steps" : [ ],
      "attachments" : [ ],
      "parameters" : [ {
        "name" : "actionCounter",
        "value" : "458"
      }, {
        "name" : "logText",
        "value" : "Browser Action [NavigateToURL] successfully performed. With the following test data [https://mdn.mozillademos.org/en-US/docs/Web/HTML/Element/select$samples/Advanced_select_with_multiple_features?revision=1612304]."
      }, {
        "name" : "attachments",
        "value" : "[null]"
      } ],
      "stepsCount" : 0,
      "attachmentsCount" : 0,
      "shouldDisplayMessage" : false,
      "hasContent" : true
    }, {
      "name" : "Element Action [IdentifyUniqueElement] failed. With the following test data [zero elements found matching this locator \"By.tagName: select\".].",
      "time" : {
        "start" : 1627302861045,
        "stop" : 1627302861045,
        "duration" : 0
      },
      "status" : "passed",
      "steps" : [ ],
      "attachments" : [ ],
      "parameters" : [ {
        "name" : "actionCounter",
        "value" : "459"
      }, {
        "name" : "logText",
        "value" : "Element Action [IdentifyUniqueElement] failed. With the following test data [zero elements found matching this locator \"By.tagName: select\".]."
      } ],
      "stepsCount" : 0,
      "attachmentsCount" : 0,
      "shouldDisplayMessage" : false,
      "hasContent" : true
    } ],
    "attachments" : [ {
      "uid" : "4cd8b61d87ecc14a",
      "name" : "Attachment: SHAFT Engine Logs - Current Method log: multipleSelect",
      "source" : "4cd8b61d87ecc14a.txt",
      "type" : "text/plain",
      "size" : 1540
    } ],
    "parameters" : [ ],
    "stepsCount" : 4,
    "attachmentsCount" : 1,
    "shouldDisplayMessage" : true,
    "hasContent" : true
  },
  "afterStages" : [ {
    "name" : "closureActivities",
    "time" : {
      "start" : 1627302905089,
      "stop" : 1627302906303,
      "duration" : 1214
    },
    "description" : "",
    "status" : "passed",
    "steps" : [ {
      "name" : "Successfully Closed All Drivers.",
      "time" : {
        "start" : 1627302905865,
        "stop" : 1627302905866,
        "duration" : 1
      },
      "status" : "passed",
      "steps" : [ ],
      "attachments" : [ ],
      "parameters" : [ {
        "name" : "actionCounter",
        "value" : "512"
      }, {
        "name" : "logText",
        "value" : "Successfully Closed All Drivers."
      } ],
      "stepsCount" : 0,
      "attachmentsCount" : 0,
      "shouldDisplayMessage" : false,
      "hasContent" : true
    }, {
      "name" : "Issue Summary: Total Issues = 13, New issues for Failed Tests = 11, Open issues for Passed Tests = 2, Open issues for Failed Tests = 0. Kindly check the attached Issue details.",
      "time" : {
        "start" : 1627302905873,
        "stop" : 1627302905874,
        "duration" : 1
      },
      "status" : "passed",
      "steps" : [ ],
      "attachments" : [ {
        "uid" : "9d0a76054e3d98ec",
        "name" : "Attachment: SHAFT Engine Logs - Issues log CSV: 20210726-123505",
        "source" : "9d0a76054e3d98ec.csv",
        "type" : "text/csv",
        "size" : 1782
      } ],
      "parameters" : [ {
        "name" : "actionCounter",
        "value" : "513"
      }, {
        "name" : "logText",
        "value" : "Issue Summary: Total Issues = 13, New issues for Failed Tests = 11, Open issues for Passed Tests = 2, Open issues for Failed Tests = 0. Kindly check the attached Issue details."
      }, {
        "name" : "attachments",
        "value" : "[[SHAFT Engine Logs, Issues log CSV: 20210726-123505, java.io.ByteArrayInputStream@5e4c60a7]]"
      } ],
      "stepsCount" : 0,
      "attachmentsCount" : 1,
      "shouldDisplayMessage" : false,
      "hasContent" : true
    } ],
    "attachments" : [ {
      "uid" : "a5775567aba7a596",
      "name" : "Attachment: Selenium WebDriver Logs - server",
      "source" : "a5775567aba7a596.txt",
      "type" : "text/plain",
      "size" : 1288
    }, {
      "uid" : "7f26091dd76bfe94",
      "name" : "Attachment: Selenium WebDriver Logs - performance",
      "source" : "7f26091dd76bfe94.txt",
      "type" : "text/plain",
      "size" : 928435
    }, {
      "uid" : "60d2cc04b8050e94",
      "name" : "Attachment: Selenium WebDriver Logs - browser",
      "source" : "60d2cc04b8050e94.txt",
      "type" : "text/plain",
      "size" : 460
    }, {
      "uid" : "306b792ff9c75cd7",
      "name" : "Attachment: Selenium WebDriver Logs - driver",
      "source" : "306b792ff9c75cd7.txt",
      "type" : "text/plain",
      "size" : 1021784
    }, {
      "uid" : "158227417d6cf19c",
      "name" : "Attachment: Selenium WebDriver Logs - server",
      "source" : "158227417d6cf19c.txt",
      "type" : "text/plain",
      "size" : 1288
    }, {
      "uid" : "18a1951b415cb6c8",
      "name" : "Attachment: Selenium WebDriver Logs - performance",
      "source" : "18a1951b415cb6c8.txt",
      "type" : "text/plain",
      "size" : 7437
    }, {
      "uid" : "b10c8bf0c11b4651",
      "name" : "Attachment: Selenium WebDriver Logs - browser",
      "source" : "b10c8bf0c11b4651.txt",
      "type" : "text/plain",
      "size" : 236
    }, {
      "uid" : "a3ab2625a7477f5",
      "name" : "Attachment: Selenium WebDriver Logs - driver",
      "source" : "a3ab2625a7477f5.txt",
      "type" : "text/plain",
      "size" : 149158
    }, {
      "uid" : "51830adf5fe7578e",
      "name" : "Attachment: Selenium WebDriver Logs - server",
      "source" : "51830adf5fe7578e.txt",
      "type" : "text/plain",
      "size" : 1288
    }, {
      "uid" : "1760a8afee7c7090",
      "name" : "Attachment: Selenium WebDriver Logs - performance",
      "source" : "1760a8afee7c7090.txt",
      "type" : "text/plain",
      "size" : 7267
    }, {
      "uid" : "10e50718aef098e3",
      "name" : "Attachment: Selenium WebDriver Logs - browser",
      "source" : "10e50718aef098e3.txt",
      "type" : "text/plain",
      "size" : 210
    }, {
      "uid" : "95a7b306e20927ef",
      "name" : "Attachment: Selenium WebDriver Logs - driver",
      "source" : "95a7b306e20927ef.txt",
      "type" : "text/plain",
      "size" : 148707
    }, {
      "uid" : "90b1abbca51577e1",
      "name" : "Attachment: SHAFT Engine Logs - Execution log: 20210726-123505",
      "source" : "90b1abbca51577e1.txt",
      "type" : "text/plain",
      "size" : 251859
    }, {
      "uid" : "61cf72c7ee034c4f",
      "name" : "Attachment: HTML - Extent Emailable Execution Report",
      "source" : "61cf72c7ee034c4f.html",
      "type" : "text/html",
      "size" : 6780357
    } ],
    "parameters" : [ ],
    "stepsCount" : 2,
    "attachmentsCount" : 15,
    "shouldDisplayMessage" : false,
    "hasContent" : true
  } ],
  "labels" : [ {
    "name" : "package",
    "value" : "testPackage01.Test_SelectedValue"
  }, {
    "name" : "testClass",
    "value" : "testPackage01.Test_SelectedValue"
  }, {
    "name" : "testMethod",
    "value" : "multipleSelect"
  }, {
    "name" : "parentSuite",
    "value" : "SHAFT: Custom Suite"
  }, {
    "name" : "suite",
    "value" : "SHAFT: Custom Test"
  }, {
    "name" : "subSuite",
    "value" : "testPackage01.Test_SelectedValue"
  }, {
    "name" : "host",
    "value" : "fv-az212-260"
  }, {
    "name" : "thread",
    "value" : "3794@fv-az212-260.main(1)"
  }, {
    "name" : "framework",
    "value" : "testng"
  }, {
    "name" : "language",
    "value" : "java"
  }, {
    "name" : "resultFormat",
    "value" : "allure2"
  } ],
  "parameters" : [ ],
  "links" : [ ],
  "hidden" : false,
  "retry" : false,
  "extra" : {
    "severity" : "normal",
    "retries" : [ ],
    "categories" : [ {
      "name" : "Product defects",
      "matchedStatuses" : [ ],
      "flaky" : false
    } ],
    "history" : {
      "statistic" : {
        "failed" : 17,
        "broken" : 1,
        "skipped" : 0,
        "passed" : 82,
        "unknown" : 0,
        "total" : 100
      },
      "items" : [ {
        "uid" : "cdc9699238bcb18f",
        "reportUrl" : "https://MohabMohie.github.io/SHAFT_ENGINE/allure/597//#testresult/cdc9699238bcb18f",
        "status" : "failed",
        "statusDetails" : "Element Action [IdentifyUniqueElement] failed. With the following test data [zero elements found matching this locator \"By.tagName: select\".].",
        "time" : {
          "start" : 1627264816739,
          "stop" : 1627264843035,
          "duration" : 26296
        }
      }, {
        "uid" : "ce479f0547c4546d",
        "reportUrl" : "https://MohabMohie.github.io/SHAFT_ENGINE/allure/596//#testresult/ce479f0547c4546d",
        "status" : "failed",
        "statusDetails" : "Element Action [IdentifyUniqueElement] failed. With the following test data [zero elements found matching this locator \"By.tagName: select\".].",
        "time" : {
          "start" : 1627178304754,
          "stop" : 1627178330682,
          "duration" : 25928
        }
      }, {
        "uid" : "8dc83ff504c53848",
        "reportUrl" : "https://MohabMohie.github.io/SHAFT_ENGINE/allure/595//#testresult/8dc83ff504c53848",
        "status" : "failed",
        "statusDetails" : "Element Action [IdentifyUniqueElement] failed. With the following test data [zero elements found matching this locator \"By.tagName: select\".].",
        "time" : {
          "start" : 1627091827076,
          "stop" : 1627091853219,
          "duration" : 26143
        }
      }, {
        "uid" : "782f27c3c504c6a7",
        "reportUrl" : "https://MohabMohie.github.io/SHAFT_ENGINE/allure/594//#testresult/782f27c3c504c6a7",
        "status" : "failed",
        "statusDetails" : "Element Action [IdentifyUniqueElement] failed. With the following test data [zero elements found matching this locator \"By.tagName: select\".].",
        "time" : {
          "start" : 1627005569536,
          "stop" : 1627005595741,
          "duration" : 26205
        }
      }, {
        "uid" : "aaccdbd9f5c73784",
        "reportUrl" : "https://MohabMohie.github.io/SHAFT_ENGINE/allure/592//#testresult/aaccdbd9f5c73784",
        "status" : "failed",
        "statusDetails" : "Element Action [IdentifyUniqueElement] failed. With the following test data [zero elements found matching this locator \"By.tagName: select\".].",
        "time" : {
          "start" : 1626919310858,
          "stop" : 1626919337083,
          "duration" : 26225
        }
      }, {
        "uid" : "3c2a4bfa7d68e6f3",
        "reportUrl" : "https://MohabMohie.github.io/SHAFT_ENGINE/allure/590//#testresult/3c2a4bfa7d68e6f3",
        "status" : "failed",
        "statusDetails" : "Element Action [IdentifyUniqueElement] failed. With the following test data [zero elements found matching this locator \"By.tagName: select\".].",
        "time" : {
          "start" : 1626832826128,
          "stop" : 1626832852194,
          "duration" : 26066
        }
      }, {
        "uid" : "e0dd5f998368aad2",
        "reportUrl" : "https://MohabMohie.github.io/SHAFT_ENGINE/allure/588//#testresult/e0dd5f998368aad2",
        "status" : "failed",
        "statusDetails" : "Element Action [IdentifyUniqueElement] failed. With the following test data [zero elements found matching this locator \"By.tagName: select\".].",
        "time" : {
          "start" : 1626746538673,
          "stop" : 1626746564563,
          "duration" : 25890
        }
      }, {
        "uid" : "2261efbac33fcf22",
        "reportUrl" : "https://MohabMohie.github.io/SHAFT_ENGINE/allure/587//#testresult/2261efbac33fcf22",
        "status" : "failed",
        "statusDetails" : "Element Action [IdentifyUniqueElement] failed. With the following test data [zero elements found matching this locator \"By.tagName: select\".].",
        "time" : {
          "start" : 1626659865557,
          "stop" : 1626659891886,
          "duration" : 26329
        }
      }, {
        "uid" : "2ab3610660ed288c",
        "reportUrl" : "https://MohabMohie.github.io/SHAFT_ENGINE/allure/586//#testresult/2ab3610660ed288c",
        "status" : "failed",
        "statusDetails" : "Element Action [IdentifyUniqueElement] failed. With the following test data [zero elements found matching this locator \"By.tagName: select\".].",
        "time" : {
          "start" : 1626573403400,
          "stop" : 1626573429452,
          "duration" : 26052
        }
      }, {
        "uid" : "7854176981305a60",
        "reportUrl" : "https://MohabMohie.github.io/SHAFT_ENGINE/allure/585//#testresult/7854176981305a60",
        "status" : "failed",
        "statusDetails" : "Element Action [IdentifyUniqueElement] failed. With the following test data [zero elements found matching this locator \"By.tagName: select\".].",
        "time" : {
          "start" : 1626486788685,
          "stop" : 1626486814838,
          "duration" : 26153
        }
      }, {
        "uid" : "8e01883b0884e7b7",
        "reportUrl" : "https://MohabMohie.github.io/SHAFT_ENGINE/allure/584//#testresult/8e01883b0884e7b7",
        "status" : "failed",
        "statusDetails" : "Element Action [IdentifyUniqueElement] failed. With the following test data [zero elements found matching this locator \"By.tagName: select\".].",
        "time" : {
          "start" : 1626400750345,
          "stop" : 1626400776486,
          "duration" : 26141
        }
      }, {
        "uid" : "866120b3560c0483",
        "reportUrl" : "https://MohabMohie.github.io/SHAFT_ENGINE/allure/583//#testresult/866120b3560c0483",
        "status" : "failed",
        "statusDetails" : "Element Action [IdentifyUniqueElement] failed. With the following test data [zero elements found matching this locator \"By.tagName: select\".].",
        "time" : {
          "start" : 1626314255634,
          "stop" : 1626314281654,
          "duration" : 26020
        }
      }, {
        "uid" : "40d11c44f23ae299",
        "reportUrl" : "https://MohabMohie.github.io/SHAFT_ENGINE/allure/582//#testresult/40d11c44f23ae299",
        "status" : "failed",
        "statusDetails" : "Element Action [IdentifyUniqueElement] failed. With the following test data [zero elements found matching this locator \"By.tagName: select\".].",
        "time" : {
          "start" : 1626227509798,
          "stop" : 1626227535807,
          "duration" : 26009
        }
      }, {
        "uid" : "f09bf8de83b120e9",
        "reportUrl" : "https://MohabMohie.github.io/SHAFT_ENGINE/allure/581//#testresult/f09bf8de83b120e9",
        "status" : "failed",
        "statusDetails" : "Element Action [IdentifyUniqueElement] failed. With the following test data [zero elements found matching this locator \"By.tagName: select\".].",
        "time" : {
          "start" : 1626141515411,
          "stop" : 1626141541501,
          "duration" : 26090
        }
      }, {
        "uid" : "1173a6ca4f4a87aa",
        "reportUrl" : "https://MohabMohie.github.io/SHAFT_ENGINE/allure/580//#testresult/1173a6ca4f4a87aa",
        "status" : "failed",
        "statusDetails" : "Element Action [IdentifyUniqueElement] failed. With the following test data [zero elements found matching this locator \"By.tagName: select\".].",
        "time" : {
          "start" : 1626054879016,
          "stop" : 1626054905152,
          "duration" : 26136
        }
      }, {
        "uid" : "d8fc0fc8c87a117e",
        "reportUrl" : "https://MohabMohie.github.io/SHAFT_ENGINE/allure/579//#testresult/d8fc0fc8c87a117e",
        "status" : "failed",
        "statusDetails" : "Element Action [IdentifyUniqueElement] failed. With the following test data [zero elements found matching this locator \"By.tagName: select\".].",
        "time" : {
          "start" : 1625968766799,
          "stop" : 1625968793013,
          "duration" : 26214
        }
      }, {
        "uid" : "63494bc19b4f1582",
        "reportUrl" : "https://MohabMohie.github.io/SHAFT_ENGINE/allure/578//#testresult/63494bc19b4f1582",
        "status" : "passed",
        "time" : {
          "start" : 1625881869531,
          "stop" : 1625881871125,
          "duration" : 1594
        }
      }, {
        "uid" : "50a6b4d288af8aea",
        "reportUrl" : "https://MohabMohie.github.io/SHAFT_ENGINE/allure/577//#testresult/50a6b4d288af8aea",
        "status" : "passed",
        "time" : {
          "start" : 1625795878339,
          "stop" : 1625795880261,
          "duration" : 1922
        }
      }, {
        "uid" : "93d655221025ac1",
        "reportUrl" : "https://MohabMohie.github.io/SHAFT_ENGINE/allure/576//#testresult/93d655221025ac1",
        "status" : "passed",
        "time" : {
          "start" : 1625709444548,
          "stop" : 1625709446178,
          "duration" : 1630
        }
      }, {
        "uid" : "b4834df37e618a5a",
        "reportUrl" : "https://MohabMohie.github.io/SHAFT_ENGINE/allure/575//#testresult/b4834df37e618a5a",
        "status" : "passed",
        "time" : {
          "start" : 1625622971078,
          "stop" : 1625622972922,
          "duration" : 1844
        }
      } ]
    },
    "tags" : [ ]
  },
  "source" : "8e27fd802c5528ac.json",
  "parameterValues" : [ ]
}