{
  "uid" : "704fb84130f1b911",
  "name" : "simpleSelect",
  "fullName" : "testPackage01.Test_SelectedValue.simpleSelect",
  "historyId" : "36df61c5fa16064939f2168a752af02b",
  "time" : {
    "start" : 1627523944301,
    "stop" : 1627523970317,
    "duration" : 26016
  },
  "status" : "failed",
  "statusMessage" : "Element Action [IdentifyUniqueElement] failed. With the following test data [zero elements found matching this locator \"By.tagName: select\".].",
  "statusTrace" : "java.lang.AssertionError: Element Action [IdentifyUniqueElement] failed. With the following test data [zero elements found matching this locator \"By.tagName: select\".].\n\tat org.testng.Assert.fail(Assert.java:99)\n\tat com.shaft.gui.element.WebDriverElementActions.failAction(WebDriverElementActions.java:1442)\n\tat com.shaft.gui.element.WebDriverElementActions.failAction(WebDriverElementActions.java:1296)\n\tat com.shaft.gui.element.WebDriverElementActions.identifyUniqueElement(WebDriverElementActions.java:1511)\n\tat com.shaft.gui.element.WebDriverElementActions.identifyUniqueElement(WebDriverElementActions.java:1305)\n\tat com.shaft.gui.element.WebDriverElementActions.select(WebDriverElementActions.java:943)\n\tat com.shaft.gui.element.ElementActions.select(ElementActions.java:459)\n\tat testPackage01.Test_SelectedValue.simpleSelect(Test_SelectedValue.java:19)\n\tat java.base/jdk.internal.reflect.NativeMethodAccessorImpl.invoke0(Native Method)\n\tat java.base/jdk.internal.reflect.NativeMethodAccessorImpl.invoke(NativeMethodAccessorImpl.java:64)\n\tat java.base/jdk.internal.reflect.DelegatingMethodAccessorImpl.invoke(DelegatingMethodAccessorImpl.java:43)\n\tat java.base/java.lang.reflect.Method.invoke(Method.java:564)\n\tat org.testng.internal.MethodInvocationHelper.invokeMethod(MethodInvocationHelper.java:133)\n\tat org.testng.internal.TestInvoker.invokeMethod(TestInvoker.java:598)\n\tat org.testng.internal.TestInvoker.invokeTestMethod(TestInvoker.java:173)\n\tat org.testng.internal.MethodRunner.runInSequence(MethodRunner.java:46)\n\tat org.testng.internal.TestInvoker$MethodInvocationAgent.invoke(TestInvoker.java:824)\n\tat org.testng.internal.TestInvoker.invokeTestMethods(TestInvoker.java:146)\n\tat org.testng.internal.TestMethodWorker.invokeTestMethods(TestMethodWorker.java:146)\n\tat org.testng.internal.TestMethodWorker.run(TestMethodWorker.java:128)\n\tat java.base/java.util.ArrayList.forEach(ArrayList.java:1511)\n\tat org.testng.TestRunner.privateRun(TestRunner.java:794)\n\tat org.testng.TestRunner.run(TestRunner.java:596)\n\tat org.testng.SuiteRunner.runTest(SuiteRunner.java:377)\n\tat org.testng.SuiteRunner.runSequentially(SuiteRunner.java:371)\n\tat org.testng.SuiteRunner.privateRun(SuiteRunner.java:332)\n\tat org.testng.SuiteRunner.run(SuiteRunner.java:276)\n\tat org.testng.SuiteRunnerWorker.runSuite(SuiteRunnerWorker.java:53)\n\tat org.testng.SuiteRunnerWorker.run(SuiteRunnerWorker.java:96)\n\tat org.testng.TestNG.runSuitesSequentially(TestNG.java:1212)\n\tat org.testng.TestNG.runSuitesLocally(TestNG.java:1134)\n\tat org.testng.TestNG.runSuites(TestNG.java:1063)\n\tat org.testng.TestNG.run(TestNG.java:1031)\n\tat org.apache.maven.surefire.testng.TestNGExecutor.run(TestNGExecutor.java:136)\n\tat org.apache.maven.surefire.testng.TestNGDirectoryTestSuite.executeMulti(TestNGDirectoryTestSuite.java:193)\n\tat org.apache.maven.surefire.testng.TestNGDirectoryTestSuite.execute(TestNGDirectoryTestSuite.java:94)\n\tat org.apache.maven.surefire.testng.TestNGProvider.invoke(TestNGProvider.java:145)\n\tat org.apache.maven.surefire.booter.ForkedBooter.runSuitesInProcess(ForkedBooter.java:428)\n\tat org.apache.maven.surefire.booter.ForkedBooter.execute(ForkedBooter.java:162)\n\tat org.apache.maven.surefire.booter.ForkedBooter.run(ForkedBooter.java:562)\n\tat org.apache.maven.surefire.booter.ForkedBooter.main(ForkedBooter.java:548)\n",
  "flaky" : false,
  "newFailed" : false,
  "beforeStages" : [ ],
  "testStage" : {
    "status" : "failed",
    "statusMessage" : "Element Action [IdentifyUniqueElement] failed. With the following test data [zero elements found matching this locator \"By.tagName: select\".].",
    "statusTrace" : "java.lang.AssertionError: Element Action [IdentifyUniqueElement] failed. With the following test data [zero elements found matching this locator \"By.tagName: select\".].\n\tat org.testng.Assert.fail(Assert.java:99)\n\tat com.shaft.gui.element.WebDriverElementActions.failAction(WebDriverElementActions.java:1442)\n\tat com.shaft.gui.element.WebDriverElementActions.failAction(WebDriverElementActions.java:1296)\n\tat com.shaft.gui.element.WebDriverElementActions.identifyUniqueElement(WebDriverElementActions.java:1511)\n\tat com.shaft.gui.element.WebDriverElementActions.identifyUniqueElement(WebDriverElementActions.java:1305)\n\tat com.shaft.gui.element.WebDriverElementActions.select(WebDriverElementActions.java:943)\n\tat com.shaft.gui.element.ElementActions.select(ElementActions.java:459)\n\tat testPackage01.Test_SelectedValue.simpleSelect(Test_SelectedValue.java:19)\n\tat java.base/jdk.internal.reflect.NativeMethodAccessorImpl.invoke0(Native Method)\n\tat java.base/jdk.internal.reflect.NativeMethodAccessorImpl.invoke(NativeMethodAccessorImpl.java:64)\n\tat java.base/jdk.internal.reflect.DelegatingMethodAccessorImpl.invoke(DelegatingMethodAccessorImpl.java:43)\n\tat java.base/java.lang.reflect.Method.invoke(Method.java:564)\n\tat org.testng.internal.MethodInvocationHelper.invokeMethod(MethodInvocationHelper.java:133)\n\tat org.testng.internal.TestInvoker.invokeMethod(TestInvoker.java:598)\n\tat org.testng.internal.TestInvoker.invokeTestMethod(TestInvoker.java:173)\n\tat org.testng.internal.MethodRunner.runInSequence(MethodRunner.java:46)\n\tat org.testng.internal.TestInvoker$MethodInvocationAgent.invoke(TestInvoker.java:824)\n\tat org.testng.internal.TestInvoker.invokeTestMethods(TestInvoker.java:146)\n\tat org.testng.internal.TestMethodWorker.invokeTestMethods(TestMethodWorker.java:146)\n\tat org.testng.internal.TestMethodWorker.run(TestMethodWorker.java:128)\n\tat java.base/java.util.ArrayList.forEach(ArrayList.java:1511)\n\tat org.testng.TestRunner.privateRun(TestRunner.java:794)\n\tat org.testng.TestRunner.run(TestRunner.java:596)\n\tat org.testng.SuiteRunner.runTest(SuiteRunner.java:377)\n\tat org.testng.SuiteRunner.runSequentially(SuiteRunner.java:371)\n\tat org.testng.SuiteRunner.privateRun(SuiteRunner.java:332)\n\tat org.testng.SuiteRunner.run(SuiteRunner.java:276)\n\tat org.testng.SuiteRunnerWorker.runSuite(SuiteRunnerWorker.java:53)\n\tat org.testng.SuiteRunnerWorker.run(SuiteRunnerWorker.java:96)\n\tat org.testng.TestNG.runSuitesSequentially(TestNG.java:1212)\n\tat org.testng.TestNG.runSuitesLocally(TestNG.java:1134)\n\tat org.testng.TestNG.runSuites(TestNG.java:1063)\n\tat org.testng.TestNG.run(TestNG.java:1031)\n\tat org.apache.maven.surefire.testng.TestNGExecutor.run(TestNGExecutor.java:136)\n\tat org.apache.maven.surefire.testng.TestNGDirectoryTestSuite.executeMulti(TestNGDirectoryTestSuite.java:193)\n\tat org.apache.maven.surefire.testng.TestNGDirectoryTestSuite.execute(TestNGDirectoryTestSuite.java:94)\n\tat org.apache.maven.surefire.testng.TestNGProvider.invoke(TestNGProvider.java:145)\n\tat org.apache.maven.surefire.booter.ForkedBooter.runSuitesInProcess(ForkedBooter.java:428)\n\tat org.apache.maven.surefire.booter.ForkedBooter.execute(ForkedBooter.java:162)\n\tat org.apache.maven.surefire.booter.ForkedBooter.run(ForkedBooter.java:562)\n\tat org.apache.maven.surefire.booter.ForkedBooter.main(ForkedBooter.java:548)\n",
    "steps" : [ {
      "name" : "Attempting to run remotely on: [Linux-64], [GoogleChrome], [http://localhost:4444/wd/hub], Headless Execution.",
      "time" : {
        "start" : 1627523944303,
        "stop" : 1627523944303,
        "duration" : 0
      },
      "status" : "passed",
      "steps" : [ ],
      "attachments" : [ ],
      "parameters" : [ {
        "name" : "actionCounter",
        "value" : "460"
      }, {
        "name" : "logText",
        "value" : "Attempting to run remotely on: [Linux-64], [GoogleChrome], [http://localhost:4444/wd/hub], Headless Execution."
      } ],
      "stepsCount" : 0,
      "attachmentsCount" : 0,
      "shouldDisplayMessage" : false,
      "hasContent" : true
    }, {
      "name" : "Successfully Opened [GoogleChrome].",
      "time" : {
        "start" : 1627523944492,
        "stop" : 1627523944492,
        "duration" : 0
      },
      "status" : "passed",
      "steps" : [ ],
      "attachments" : [ ],
      "parameters" : [ {
        "name" : "actionCounter",
        "value" : "461"
      }, {
        "name" : "logText",
        "value" : "Successfully Opened [GoogleChrome]."
      } ],
      "stepsCount" : 0,
      "attachmentsCount" : 0,
      "shouldDisplayMessage" : false,
      "hasContent" : true
    }, {
      "name" : "Browser Action [NavigateToURL] successfully performed. With the following test data [https://mdn.mozillademos.org/en-US/docs/Web/HTML/Element/select$samples/Basic_select?revision=1612304].",
      "time" : {
        "start" : 1627523944970,
        "stop" : 1627523944970,
        "duration" : 0
      },
      "status" : "passed",
      "steps" : [ ],
      "attachments" : [ ],
      "parameters" : [ {
        "name" : "actionCounter",
        "value" : "462"
      }, {
        "name" : "logText",
        "value" : "Browser Action [NavigateToURL] successfully performed. With the following test data [https://mdn.mozillademos.org/en-US/docs/Web/HTML/Element/select$samples/Basic_select?revision=1612304]."
      }, {
        "name" : "attachments",
        "value" : "[null]"
      } ],
      "stepsCount" : 0,
      "attachmentsCount" : 0,
      "shouldDisplayMessage" : false,
      "hasContent" : true
    }, {
      "name" : "Element Action [IdentifyUniqueElement] failed. With the following test data [zero elements found matching this locator \"By.tagName: select\".].",
      "time" : {
        "start" : 1627523970316,
        "stop" : 1627523970316,
        "duration" : 0
      },
      "status" : "passed",
      "steps" : [ ],
      "attachments" : [ ],
      "parameters" : [ {
        "name" : "actionCounter",
        "value" : "463"
      }, {
        "name" : "logText",
        "value" : "Element Action [IdentifyUniqueElement] failed. With the following test data [zero elements found matching this locator \"By.tagName: select\".]."
      } ],
      "stepsCount" : 0,
      "attachmentsCount" : 0,
      "shouldDisplayMessage" : false,
      "hasContent" : true
    } ],
    "attachments" : [ {
      "uid" : "d2053fd944ac4755",
      "name" : "Attachment: SHAFT Engine Logs - Current Method log: simpleSelect",
      "source" : "d2053fd944ac4755.txt",
      "type" : "text/plain",
      "size" : 1486
    } ],
    "parameters" : [ ],
    "stepsCount" : 4,
    "attachmentsCount" : 1,
    "shouldDisplayMessage" : true,
    "hasContent" : true
  },
  "afterStages" : [ {
    "name" : "closureActivities",
    "time" : {
      "start" : 1627523987693,
      "stop" : 1627523988964,
      "duration" : 1271
    },
    "description" : "",
    "status" : "passed",
    "steps" : [ {
      "name" : "Successfully Closed All Drivers.",
      "time" : {
        "start" : 1627523988438,
        "stop" : 1627523988439,
        "duration" : 1
      },
      "status" : "passed",
      "steps" : [ ],
      "attachments" : [ ],
      "parameters" : [ {
        "name" : "actionCounter",
        "value" : "512"
      }, {
        "name" : "logText",
        "value" : "Successfully Closed All Drivers."
      } ],
      "stepsCount" : 0,
      "attachmentsCount" : 0,
      "shouldDisplayMessage" : false,
      "hasContent" : true
    }, {
      "name" : "Issue Summary: Total Issues = 13, New issues for Failed Tests = 11, Open issues for Passed Tests = 2, Open issues for Failed Tests = 0. Kindly check the attached Issue details.",
      "time" : {
        "start" : 1627523988446,
        "stop" : 1627523988447,
        "duration" : 1
      },
      "status" : "passed",
      "steps" : [ ],
      "attachments" : [ {
        "uid" : "f95aa1156b051892",
        "name" : "Attachment: SHAFT Engine Logs - Issues log CSV: 20210729-015948",
        "source" : "f95aa1156b051892.csv",
        "type" : "text/csv",
        "size" : 1782
      } ],
      "parameters" : [ {
        "name" : "actionCounter",
        "value" : "513"
      }, {
        "name" : "logText",
        "value" : "Issue Summary: Total Issues = 13, New issues for Failed Tests = 11, Open issues for Passed Tests = 2, Open issues for Failed Tests = 0. Kindly check the attached Issue details."
      }, {
        "name" : "attachments",
        "value" : "[[SHAFT Engine Logs, Issues log CSV: 20210729-015948, java.io.ByteArrayInputStream@7fba7e4b]]"
      } ],
      "stepsCount" : 0,
      "attachmentsCount" : 1,
      "shouldDisplayMessage" : false,
      "hasContent" : true
    } ],
    "attachments" : [ {
      "uid" : "8e24293ed619259d",
      "name" : "Attachment: Selenium WebDriver Logs - server",
      "source" : "8e24293ed619259d.txt",
      "type" : "text/plain",
      "size" : 1288
    }, {
      "uid" : "e316ee479c2e2e90",
      "name" : "Attachment: Selenium WebDriver Logs - performance",
      "source" : "e316ee479c2e2e90.txt",
      "type" : "text/plain",
      "size" : 7444
    }, {
      "uid" : "96c920ade298827b",
      "name" : "Attachment: Selenium WebDriver Logs - browser",
      "source" : "96c920ade298827b.txt",
      "type" : "text/plain",
      "size" : 236
    }, {
      "uid" : "35784a2d186d66db",
      "name" : "Attachment: Selenium WebDriver Logs - driver",
      "source" : "35784a2d186d66db.txt",
      "type" : "text/plain",
      "size" : 148370
    }, {
      "uid" : "440551981eb69761",
      "name" : "Attachment: Selenium WebDriver Logs - server",
      "source" : "440551981eb69761.txt",
      "type" : "text/plain",
      "size" : 1288
    }, {
      "uid" : "5d28a8231253e5e",
      "name" : "Attachment: Selenium WebDriver Logs - performance",
      "source" : "5d28a8231253e5e.txt",
      "type" : "text/plain",
      "size" : 7281
    }, {
      "uid" : "86b05b027cc606dc",
      "name" : "Attachment: Selenium WebDriver Logs - browser",
      "source" : "86b05b027cc606dc.txt",
      "type" : "text/plain",
      "size" : 210
    }, {
      "uid" : "b6bda3f4f66f856e",
      "name" : "Attachment: Selenium WebDriver Logs - driver",
      "source" : "b6bda3f4f66f856e.txt",
      "type" : "text/plain",
      "size" : 148741
    }, {
      "uid" : "d877a1d72f3e07a1",
      "name" : "Attachment: Selenium WebDriver Logs - server",
      "source" : "d877a1d72f3e07a1.txt",
      "type" : "text/plain",
      "size" : 1288
    }, {
      "uid" : "8412103ea16510a",
      "name" : "Attachment: Selenium WebDriver Logs - performance",
      "source" : "8412103ea16510a.txt",
      "type" : "text/plain",
      "size" : 780457
    }, {
      "uid" : "680c8eff1b5470c4",
      "name" : "Attachment: Selenium WebDriver Logs - browser",
      "source" : "680c8eff1b5470c4.txt",
      "type" : "text/plain",
      "size" : 460
    }, {
      "uid" : "4ed257ec0aa05b29",
      "name" : "Attachment: Selenium WebDriver Logs - driver",
      "source" : "4ed257ec0aa05b29.txt",
      "type" : "text/plain",
      "size" : 838048
    }, {
      "uid" : "430d807177c0d95b",
      "name" : "Attachment: SHAFT Engine Logs - Execution log: 20210729-015948",
      "source" : "430d807177c0d95b.txt",
      "type" : "text/plain",
      "size" : 251858
    }, {
      "uid" : "22d49d149ad2213b",
      "name" : "Attachment: HTML - Extent Emailable Execution Report",
      "source" : "22d49d149ad2213b.html",
      "type" : "text/html",
      "size" : 6825915
    } ],
    "parameters" : [ ],
    "stepsCount" : 2,
    "attachmentsCount" : 15,
    "shouldDisplayMessage" : false,
    "hasContent" : true
  } ],
  "labels" : [ {
    "name" : "package",
    "value" : "testPackage01.Test_SelectedValue"
  }, {
    "name" : "testClass",
    "value" : "testPackage01.Test_SelectedValue"
  }, {
    "name" : "testMethod",
    "value" : "simpleSelect"
  }, {
    "name" : "parentSuite",
    "value" : "SHAFT: Custom Suite"
  }, {
    "name" : "suite",
    "value" : "SHAFT: Custom Test"
  }, {
    "name" : "subSuite",
    "value" : "testPackage01.Test_SelectedValue"
  }, {
    "name" : "host",
    "value" : "fv-az213-415"
  }, {
    "name" : "thread",
    "value" : "4233@fv-az213-415.main(1)"
  }, {
    "name" : "framework",
    "value" : "testng"
  }, {
    "name" : "language",
    "value" : "java"
  }, {
    "name" : "resultFormat",
    "value" : "allure2"
  } ],
  "parameters" : [ ],
  "links" : [ ],
  "hidden" : false,
  "retry" : false,
  "extra" : {
    "severity" : "normal",
    "retries" : [ ],
    "categories" : [ {
      "name" : "Product defects",
      "matchedStatuses" : [ ],
      "flaky" : false
    } ],
    "history" : {
      "statistic" : {
        "failed" : 24,
        "broken" : 1,
        "skipped" : 0,
        "passed" : 79,
        "unknown" : 0,
        "total" : 104
      },
      "items" : [ {
        "uid" : "c30531197914729b",
        "reportUrl" : "https://MohabMohie.github.io/SHAFT_ENGINE/allure/602//#testresult/c30531197914729b",
        "status" : "failed",
        "statusDetails" : "Element Action [IdentifyUniqueElement] failed. With the following test data [zero elements found matching this locator \"By.tagName: select\".].",
        "time" : {
          "start" : 1627437705994,
          "stop" : 1627437732042,
          "duration" : 26048
        }
      }, {
        "uid" : "aa3ae7ffc49c7823",
        "reportUrl" : "https://MohabMohie.github.io/SHAFT_ENGINE/allure/601//#testresult/aa3ae7ffc49c7823",
        "status" : "failed",
        "statusDetails" : "Element Action [IdentifyUniqueElement] failed. With the following test data [zero elements found matching this locator \"By.tagName: select\".].",
        "time" : {
          "start" : 1627351475196,
          "stop" : 1627351501082,
          "duration" : 25886
        }
      }, {
        "uid" : "5499f3b40acfb0d4",
        "reportUrl" : "https://MohabMohie.github.io/SHAFT_ENGINE/allure/600//#testresult/5499f3b40acfb0d4",
        "status" : "failed",
        "statusDetails" : "Element Action [IdentifyUniqueElement] failed. With the following test data [zero elements found matching this locator \"By.tagName: select\".].",
        "time" : {
          "start" : 1627303010417,
          "stop" : 1627303036319,
          "duration" : 25902
        }
      }, {
        "uid" : "93f78fc2a67357d8",
        "reportUrl" : "https://MohabMohie.github.io/SHAFT_ENGINE/allure/598//#testresult/93f78fc2a67357d8",
        "status" : "failed",
        "statusDetails" : "Element Action [IdentifyUniqueElement] failed. With the following test data [zero elements found matching this locator \"By.tagName: select\".].",
        "time" : {
          "start" : 1627302861056,
          "stop" : 1627302887036,
          "duration" : 25980
        }
      }, {
        "uid" : "82944b42f1fbaa8a",
        "reportUrl" : "https://MohabMohie.github.io/SHAFT_ENGINE/allure/597//#testresult/82944b42f1fbaa8a",
        "status" : "failed",
        "statusDetails" : "Element Action [IdentifyUniqueElement] failed. With the following test data [zero elements found matching this locator \"By.tagName: select\".].",
        "time" : {
          "start" : 1627264843040,
          "stop" : 1627264869126,
          "duration" : 26086
        }
      }, {
        "uid" : "8444d33d49a81d48",
        "reportUrl" : "https://MohabMohie.github.io/SHAFT_ENGINE/allure/596//#testresult/8444d33d49a81d48",
        "status" : "failed",
        "statusDetails" : "Element Action [IdentifyUniqueElement] failed. With the following test data [zero elements found matching this locator \"By.tagName: select\".].",
        "time" : {
          "start" : 1627178330687,
          "stop" : 1627178356555,
          "duration" : 25868
        }
      }, {
        "uid" : "f70f8a12935df339",
        "reportUrl" : "https://MohabMohie.github.io/SHAFT_ENGINE/allure/595//#testresult/f70f8a12935df339",
        "status" : "failed",
        "statusDetails" : "Element Action [IdentifyUniqueElement] failed. With the following test data [zero elements found matching this locator \"By.tagName: select\".].",
        "time" : {
          "start" : 1627091853232,
          "stop" : 1627091879132,
          "duration" : 25900
        }
      }, {
        "uid" : "67b68f60b2279d4",
        "reportUrl" : "https://MohabMohie.github.io/SHAFT_ENGINE/allure/594//#testresult/67b68f60b2279d4",
        "status" : "failed",
        "statusDetails" : "Element Action [IdentifyUniqueElement] failed. With the following test data [zero elements found matching this locator \"By.tagName: select\".].",
        "time" : {
          "start" : 1627005595753,
          "stop" : 1627005621819,
          "duration" : 26066
        }
      }, {
        "uid" : "ecbdd86169b8b680",
        "reportUrl" : "https://MohabMohie.github.io/SHAFT_ENGINE/allure/592//#testresult/ecbdd86169b8b680",
        "status" : "failed",
        "statusDetails" : "Element Action [IdentifyUniqueElement] failed. With the following test data [zero elements found matching this locator \"By.tagName: select\".].",
        "time" : {
          "start" : 1626919337088,
          "stop" : 1626919363039,
          "duration" : 25951
        }
      }, {
        "uid" : "ff3d908444006a88",
        "reportUrl" : "https://MohabMohie.github.io/SHAFT_ENGINE/allure/590//#testresult/ff3d908444006a88",
        "status" : "failed",
        "statusDetails" : "Element Action [IdentifyUniqueElement] failed. With the following test data [zero elements found matching this locator \"By.tagName: select\".].",
        "time" : {
          "start" : 1626832852204,
          "stop" : 1626832878176,
          "duration" : 25972
        }
      }, {
        "uid" : "7ce3cd15197ba182",
        "reportUrl" : "https://MohabMohie.github.io/SHAFT_ENGINE/allure/588//#testresult/7ce3cd15197ba182",
        "status" : "failed",
        "statusDetails" : "Element Action [IdentifyUniqueElement] failed. With the following test data [zero elements found matching this locator \"By.tagName: select\".].",
        "time" : {
          "start" : 1626746564569,
          "stop" : 1626746590750,
          "duration" : 26181
        }
      }, {
        "uid" : "b77c0d2710022b0e",
        "reportUrl" : "https://MohabMohie.github.io/SHAFT_ENGINE/allure/587//#testresult/b77c0d2710022b0e",
        "status" : "failed",
        "statusDetails" : "Element Action [IdentifyUniqueElement] failed. With the following test data [zero elements found matching this locator \"By.tagName: select\".].",
        "time" : {
          "start" : 1626659891893,
          "stop" : 1626659918085,
          "duration" : 26192
        }
      }, {
        "uid" : "213e9db5a19202d4",
        "reportUrl" : "https://MohabMohie.github.io/SHAFT_ENGINE/allure/586//#testresult/213e9db5a19202d4",
        "status" : "failed",
        "statusDetails" : "Element Action [IdentifyUniqueElement] failed. With the following test data [zero elements found matching this locator \"By.tagName: select\".].",
        "time" : {
          "start" : 1626573429459,
          "stop" : 1626573455391,
          "duration" : 25932
        }
      }, {
        "uid" : "993d75540671f38b",
        "reportUrl" : "https://MohabMohie.github.io/SHAFT_ENGINE/allure/585//#testresult/993d75540671f38b",
        "status" : "failed",
        "statusDetails" : "Element Action [IdentifyUniqueElement] failed. With the following test data [zero elements found matching this locator \"By.tagName: select\".].",
        "time" : {
          "start" : 1626486814847,
          "stop" : 1626486840692,
          "duration" : 25845
        }
      }, {
        "uid" : "6b281b704716d988",
        "reportUrl" : "https://MohabMohie.github.io/SHAFT_ENGINE/allure/584//#testresult/6b281b704716d988",
        "status" : "failed",
        "statusDetails" : "Element Action [IdentifyUniqueElement] failed. With the following test data [zero elements found matching this locator \"By.tagName: select\".].",
        "time" : {
          "start" : 1626400776493,
          "stop" : 1626400802448,
          "duration" : 25955
        }
      }, {
        "uid" : "1db1e620329fd740",
        "reportUrl" : "https://MohabMohie.github.io/SHAFT_ENGINE/allure/583//#testresult/1db1e620329fd740",
        "status" : "failed",
        "statusDetails" : "Element Action [IdentifyUniqueElement] failed. With the following test data [zero elements found matching this locator \"By.tagName: select\".].",
        "time" : {
          "start" : 1626314281663,
          "stop" : 1626314307524,
          "duration" : 25861
        }
      }, {
        "uid" : "addc86e3b7386d6e",
        "reportUrl" : "https://MohabMohie.github.io/SHAFT_ENGINE/allure/582//#testresult/addc86e3b7386d6e",
        "status" : "failed",
        "statusDetails" : "Element Action [IdentifyUniqueElement] failed. With the following test data [zero elements found matching this locator \"By.tagName: select\".].",
        "time" : {
          "start" : 1626227535813,
          "stop" : 1626227561927,
          "duration" : 26114
        }
      }, {
        "uid" : "6e038a129228d92c",
        "reportUrl" : "https://MohabMohie.github.io/SHAFT_ENGINE/allure/581//#testresult/6e038a129228d92c",
        "status" : "failed",
        "statusDetails" : "Element Action [IdentifyUniqueElement] failed. With the following test data [zero elements found matching this locator \"By.tagName: select\".].",
        "time" : {
          "start" : 1626141541520,
          "stop" : 1626141567883,
          "duration" : 26363
        }
      }, {
        "uid" : "dec9deac36d54e00",
        "reportUrl" : "https://MohabMohie.github.io/SHAFT_ENGINE/allure/580//#testresult/dec9deac36d54e00",
        "status" : "failed",
        "statusDetails" : "Element Action [IdentifyUniqueElement] failed. With the following test data [zero elements found matching this locator \"By.tagName: select\".].",
        "time" : {
          "start" : 1626054905157,
          "stop" : 1626054931061,
          "duration" : 25904
        }
      }, {
        "uid" : "6a737d52c17d1561",
        "reportUrl" : "https://MohabMohie.github.io/SHAFT_ENGINE/allure/579//#testresult/6a737d52c17d1561",
        "status" : "failed",
        "statusDetails" : "Element Action [IdentifyUniqueElement] failed. With the following test data [zero elements found matching this locator \"By.tagName: select\".].",
        "time" : {
          "start" : 1625968793018,
          "stop" : 1625968818836,
          "duration" : 25818
        }
      } ]
    },
    "tags" : [ ]
  },
  "source" : "704fb84130f1b911.json",
  "parameterValues" : [ ]
}