{
  "uid" : "9d92d39208150f3f",
  "name" : "dragAndDropJquery",
  "fullName" : "testPackage01.Test_dragAndDrop.dragAndDropJquery",
  "historyId" : "60da75bce66f0a062056dcf68a93a62e",
  "time" : {
    "start" : 1628215014603,
    "stop" : 1628215044676,
    "duration" : 30073
  },
  "status" : "failed",
  "statusMessage" : "Browser Action [NavigateToNewURL] failed. With the following test data [https://jqueryui.com/resources/demos/droppable/default.html].",
  "statusTrace" : "java.lang.AssertionError: Browser Action [NavigateToNewURL] failed. With the following test data [https://jqueryui.com/resources/demos/droppable/default.html].\n\tat org.testng.Assert.fail(Assert.java:87)\n\tat com.shaft.gui.browser.WebDriverBrowserActions.failAction(WebDriverBrowserActions.java:610)\n\tat com.shaft.gui.browser.WebDriverBrowserActions.failAction(WebDriverBrowserActions.java:603)\n\tat com.shaft.gui.browser.WebDriverBrowserActions.navigateToNewURL(WebDriverBrowserActions.java:663)\n\tat com.shaft.gui.browser.WebDriverBrowserActions.navigateToURL(WebDriverBrowserActions.java:285)\n\tat com.shaft.gui.browser.WebDriverBrowserActions.navigateToURL(WebDriverBrowserActions.java:217)\n\tat com.shaft.gui.browser.BrowserActions.navigateToURL(BrowserActions.java:90)\n\tat testPackage01.Test_dragAndDrop.dragAndDropJquery(Test_dragAndDrop.java:48)\n\tat java.base/jdk.internal.reflect.NativeMethodAccessorImpl.invoke0(Native Method)\n\tat java.base/jdk.internal.reflect.NativeMethodAccessorImpl.invoke(NativeMethodAccessorImpl.java:64)\n\tat java.base/jdk.internal.reflect.DelegatingMethodAccessorImpl.invoke(DelegatingMethodAccessorImpl.java:43)\n\tat java.base/java.lang.reflect.Method.invoke(Method.java:564)\n\tat org.testng.internal.MethodInvocationHelper.invokeMethod(MethodInvocationHelper.java:133)\n\tat org.testng.internal.TestInvoker.invokeMethod(TestInvoker.java:598)\n\tat org.testng.internal.TestInvoker.invokeTestMethod(TestInvoker.java:173)\n\tat org.testng.internal.MethodRunner.runInSequence(MethodRunner.java:46)\n\tat org.testng.internal.TestInvoker$MethodInvocationAgent.invoke(TestInvoker.java:824)\n\tat org.testng.internal.TestInvoker.invokeTestMethods(TestInvoker.java:146)\n\tat org.testng.internal.TestMethodWorker.invokeTestMethods(TestMethodWorker.java:146)\n\tat org.testng.internal.TestMethodWorker.run(TestMethodWorker.java:128)\n\tat java.base/java.util.ArrayList.forEach(ArrayList.java:1511)\n\tat org.testng.TestRunner.privateRun(TestRunner.java:794)\n\tat org.testng.TestRunner.run(TestRunner.java:596)\n\tat org.testng.SuiteRunner.runTest(SuiteRunner.java:377)\n\tat org.testng.SuiteRunner.runSequentially(SuiteRunner.java:371)\n\tat org.testng.SuiteRunner.privateRun(SuiteRunner.java:332)\n\tat org.testng.SuiteRunner.run(SuiteRunner.java:276)\n\tat org.testng.SuiteRunnerWorker.runSuite(SuiteRunnerWorker.java:53)\n\tat org.testng.SuiteRunnerWorker.run(SuiteRunnerWorker.java:96)\n\tat org.testng.TestNG.runSuitesSequentially(TestNG.java:1212)\n\tat org.testng.TestNG.runSuitesLocally(TestNG.java:1134)\n\tat org.testng.TestNG.runSuites(TestNG.java:1063)\n\tat org.testng.TestNG.run(TestNG.java:1031)\n\tat org.apache.maven.surefire.testng.TestNGExecutor.run(TestNGExecutor.java:136)\n\tat org.apache.maven.surefire.testng.TestNGDirectoryTestSuite.executeMulti(TestNGDirectoryTestSuite.java:193)\n\tat org.apache.maven.surefire.testng.TestNGDirectoryTestSuite.execute(TestNGDirectoryTestSuite.java:94)\n\tat org.apache.maven.surefire.testng.TestNGProvider.invoke(TestNGProvider.java:145)\n\tat org.apache.maven.surefire.booter.ForkedBooter.runSuitesInProcess(ForkedBooter.java:428)\n\tat org.apache.maven.surefire.booter.ForkedBooter.execute(ForkedBooter.java:162)\n\tat org.apache.maven.surefire.booter.ForkedBooter.run(ForkedBooter.java:562)\n\tat org.apache.maven.surefire.booter.ForkedBooter.main(ForkedBooter.java:548)\nCaused by: org.openqa.selenium.TimeoutException: timeout: Timed out receiving message from renderer: -0.000\n  (Session info: headless chrome=81.0.4044.138)\n  (Driver info: chromedriver=81.0.4044.138 (8c6c7ba89cc9453625af54f11fd83179e23450fa-refs/branch-heads/4044@{#999}),platform=Linux 5.8.0-1039-azure x86_64) (WARNING: The server did not provide any stacktrace information)\nCommand duration or timeout: 0 milliseconds\nBuild info: version: '3.141.59', revision: 'e82be7d358', time: '2018-11-14T08:17:03'\nSystem info: host: 'fv-az198-413', ip: '10.1.1.229', os.name: 'Linux', os.arch: 'amd64', os.version: '5.8.0-1039-azure', java.version: '15.0.4'\nDriver info: org.openqa.selenium.remote.RemoteWebDriver\nCapabilities {acceptInsecureCerts: false, acceptSslCerts: false, applicationCacheEnabled: false, browserConnectionEnabled: false, browserName: chrome, chrome: {chromedriverVersion: 81.0.4044.138 (8c6c7ba89cc9..., userDataDir: /tmp/.com.google.Chrome.PThuGJ}, cssSelectorsEnabled: true, databaseEnabled: false, goog:chromeOptions: {debuggerAddress: localhost:43839}, handlesAlerts: true, hasTouchScreen: false, javascriptEnabled: true, locationContextEnabled: true, mobileEmulationEnabled: false, nativeEvents: true, networkConnectionEnabled: false, pageLoadStrategy: normal, platform: LINUX, platformName: LINUX, proxy: Proxy(), rotatable: false, setWindowRect: true, strictFileInteractability: false, takesHeapSnapshot: true, takesScreenshot: true, timeouts: {implicit: 0, pageLoad: 300000, script: 30000}, unexpectedAlertBehaviour: ignore, unhandledPromptBehavior: ignore, version: 81.0.4044.138, webStorageEnabled: true, webauthn:virtualAuthenticators: true, webdriver.remote.sessionid: bd59d5f55176d51919aca0639cf...}\nSession ID: bd59d5f55176d51919aca0639cf44916\n\tat java.base/jdk.internal.reflect.NativeConstructorAccessorImpl.newInstance0(Native Method)\n\tat java.base/jdk.internal.reflect.NativeConstructorAccessorImpl.newInstance(NativeConstructorAccessorImpl.java:64)\n\tat java.base/jdk.internal.reflect.DelegatingConstructorAccessorImpl.newInstance(DelegatingConstructorAccessorImpl.java:45)\n\tat java.base/java.lang.reflect.Constructor.newInstanceWithCaller(Constructor.java:500)\n\tat java.base/java.lang.reflect.Constructor.newInstance(Constructor.java:481)\n\tat org.openqa.selenium.remote.ErrorHandler.createThrowable(ErrorHandler.java:214)\n\tat org.openqa.selenium.remote.ErrorHandler.throwIfResponseFailed(ErrorHandler.java:166)\n\tat org.openqa.selenium.remote.http.JsonHttpResponseCodec.reconstructValue(JsonHttpResponseCodec.java:40)\n\tat org.openqa.selenium.remote.http.AbstractHttpResponseCodec.decode(AbstractHttpResponseCodec.java:80)\n\tat org.openqa.selenium.remote.http.AbstractHttpResponseCodec.decode(AbstractHttpResponseCodec.java:44)\n\tat org.openqa.selenium.remote.HttpCommandExecutor.execute(HttpCommandExecutor.java:158)\n\tat org.openqa.selenium.remote.RemoteWebDriver.execute(RemoteWebDriver.java:552)\n\tat org.openqa.selenium.remote.RemoteWebDriver.get(RemoteWebDriver.java:277)\n\tat org.openqa.selenium.remote.RemoteWebDriver$RemoteNavigation.to(RemoteWebDriver.java:857)\n\tat com.shaft.gui.browser.WebDriverBrowserActions.navigateToNewURL(WebDriverBrowserActions.java:661)\n\t... 37 more\n",
  "flaky" : false,
  "newFailed" : true,
  "beforeStages" : [ {
    "name" : "beforeMethod",
    "time" : {
      "start" : 1628215014350,
      "stop" : 1628215014598,
      "duration" : 248
    },
    "description" : "",
    "status" : "passed",
    "steps" : [ {
      "name" : "Attempting to run remotely on: [Linux-64], [GoogleChrome], [http://localhost:4444/wd/hub], Headless Execution.",
      "time" : {
        "start" : 1628215014351,
        "stop" : 1628215014351,
        "duration" : 0
      },
      "status" : "passed",
      "steps" : [ ],
      "attachments" : [ ],
      "parameters" : [ {
        "name" : "actionCounter",
        "value" : "460"
      }, {
        "name" : "logText",
        "value" : "Attempting to run remotely on: [Linux-64], [GoogleChrome], [http://localhost:4444/wd/hub], Headless Execution."
      } ],
      "stepsCount" : 0,
      "attachmentsCount" : 0,
      "shouldDisplayMessage" : false,
      "hasContent" : true
    }, {
      "name" : "Successfully Opened [GoogleChrome].",
      "time" : {
        "start" : 1628215014586,
        "stop" : 1628215014587,
        "duration" : 1
      },
      "status" : "passed",
      "steps" : [ ],
      "attachments" : [ ],
      "parameters" : [ {
        "name" : "actionCounter",
        "value" : "461"
      }, {
        "name" : "logText",
        "value" : "Successfully Opened [GoogleChrome]."
      } ],
      "stepsCount" : 0,
      "attachmentsCount" : 0,
      "shouldDisplayMessage" : false,
      "hasContent" : true
    } ],
    "attachments" : [ ],
    "parameters" : [ ],
    "stepsCount" : 2,
    "attachmentsCount" : 0,
    "shouldDisplayMessage" : false,
    "hasContent" : true
  } ],
  "testStage" : {
    "status" : "failed",
    "statusMessage" : "Browser Action [NavigateToNewURL] failed. With the following test data [https://jqueryui.com/resources/demos/droppable/default.html].",
    "statusTrace" : "java.lang.AssertionError: Browser Action [NavigateToNewURL] failed. With the following test data [https://jqueryui.com/resources/demos/droppable/default.html].\n\tat org.testng.Assert.fail(Assert.java:87)\n\tat com.shaft.gui.browser.WebDriverBrowserActions.failAction(WebDriverBrowserActions.java:610)\n\tat com.shaft.gui.browser.WebDriverBrowserActions.failAction(WebDriverBrowserActions.java:603)\n\tat com.shaft.gui.browser.WebDriverBrowserActions.navigateToNewURL(WebDriverBrowserActions.java:663)\n\tat com.shaft.gui.browser.WebDriverBrowserActions.navigateToURL(WebDriverBrowserActions.java:285)\n\tat com.shaft.gui.browser.WebDriverBrowserActions.navigateToURL(WebDriverBrowserActions.java:217)\n\tat com.shaft.gui.browser.BrowserActions.navigateToURL(BrowserActions.java:90)\n\tat testPackage01.Test_dragAndDrop.dragAndDropJquery(Test_dragAndDrop.java:48)\n\tat java.base/jdk.internal.reflect.NativeMethodAccessorImpl.invoke0(Native Method)\n\tat java.base/jdk.internal.reflect.NativeMethodAccessorImpl.invoke(NativeMethodAccessorImpl.java:64)\n\tat java.base/jdk.internal.reflect.DelegatingMethodAccessorImpl.invoke(DelegatingMethodAccessorImpl.java:43)\n\tat java.base/java.lang.reflect.Method.invoke(Method.java:564)\n\tat org.testng.internal.MethodInvocationHelper.invokeMethod(MethodInvocationHelper.java:133)\n\tat org.testng.internal.TestInvoker.invokeMethod(TestInvoker.java:598)\n\tat org.testng.internal.TestInvoker.invokeTestMethod(TestInvoker.java:173)\n\tat org.testng.internal.MethodRunner.runInSequence(MethodRunner.java:46)\n\tat org.testng.internal.TestInvoker$MethodInvocationAgent.invoke(TestInvoker.java:824)\n\tat org.testng.internal.TestInvoker.invokeTestMethods(TestInvoker.java:146)\n\tat org.testng.internal.TestMethodWorker.invokeTestMethods(TestMethodWorker.java:146)\n\tat org.testng.internal.TestMethodWorker.run(TestMethodWorker.java:128)\n\tat java.base/java.util.ArrayList.forEach(ArrayList.java:1511)\n\tat org.testng.TestRunner.privateRun(TestRunner.java:794)\n\tat org.testng.TestRunner.run(TestRunner.java:596)\n\tat org.testng.SuiteRunner.runTest(SuiteRunner.java:377)\n\tat org.testng.SuiteRunner.runSequentially(SuiteRunner.java:371)\n\tat org.testng.SuiteRunner.privateRun(SuiteRunner.java:332)\n\tat org.testng.SuiteRunner.run(SuiteRunner.java:276)\n\tat org.testng.SuiteRunnerWorker.runSuite(SuiteRunnerWorker.java:53)\n\tat org.testng.SuiteRunnerWorker.run(SuiteRunnerWorker.java:96)\n\tat org.testng.TestNG.runSuitesSequentially(TestNG.java:1212)\n\tat org.testng.TestNG.runSuitesLocally(TestNG.java:1134)\n\tat org.testng.TestNG.runSuites(TestNG.java:1063)\n\tat org.testng.TestNG.run(TestNG.java:1031)\n\tat org.apache.maven.surefire.testng.TestNGExecutor.run(TestNGExecutor.java:136)\n\tat org.apache.maven.surefire.testng.TestNGDirectoryTestSuite.executeMulti(TestNGDirectoryTestSuite.java:193)\n\tat org.apache.maven.surefire.testng.TestNGDirectoryTestSuite.execute(TestNGDirectoryTestSuite.java:94)\n\tat org.apache.maven.surefire.testng.TestNGProvider.invoke(TestNGProvider.java:145)\n\tat org.apache.maven.surefire.booter.ForkedBooter.runSuitesInProcess(ForkedBooter.java:428)\n\tat org.apache.maven.surefire.booter.ForkedBooter.execute(ForkedBooter.java:162)\n\tat org.apache.maven.surefire.booter.ForkedBooter.run(ForkedBooter.java:562)\n\tat org.apache.maven.surefire.booter.ForkedBooter.main(ForkedBooter.java:548)\nCaused by: org.openqa.selenium.TimeoutException: timeout: Timed out receiving message from renderer: -0.000\n  (Session info: headless chrome=81.0.4044.138)\n  (Driver info: chromedriver=81.0.4044.138 (8c6c7ba89cc9453625af54f11fd83179e23450fa-refs/branch-heads/4044@{#999}),platform=Linux 5.8.0-1039-azure x86_64) (WARNING: The server did not provide any stacktrace information)\nCommand duration or timeout: 0 milliseconds\nBuild info: version: '3.141.59', revision: 'e82be7d358', time: '2018-11-14T08:17:03'\nSystem info: host: 'fv-az198-413', ip: '10.1.1.229', os.name: 'Linux', os.arch: 'amd64', os.version: '5.8.0-1039-azure', java.version: '15.0.4'\nDriver info: org.openqa.selenium.remote.RemoteWebDriver\nCapabilities {acceptInsecureCerts: false, acceptSslCerts: false, applicationCacheEnabled: false, browserConnectionEnabled: false, browserName: chrome, chrome: {chromedriverVersion: 81.0.4044.138 (8c6c7ba89cc9..., userDataDir: /tmp/.com.google.Chrome.PThuGJ}, cssSelectorsEnabled: true, databaseEnabled: false, goog:chromeOptions: {debuggerAddress: localhost:43839}, handlesAlerts: true, hasTouchScreen: false, javascriptEnabled: true, locationContextEnabled: true, mobileEmulationEnabled: false, nativeEvents: true, networkConnectionEnabled: false, pageLoadStrategy: normal, platform: LINUX, platformName: LINUX, proxy: Proxy(), rotatable: false, setWindowRect: true, strictFileInteractability: false, takesHeapSnapshot: true, takesScreenshot: true, timeouts: {implicit: 0, pageLoad: 300000, script: 30000}, unexpectedAlertBehaviour: ignore, unhandledPromptBehavior: ignore, version: 81.0.4044.138, webStorageEnabled: true, webauthn:virtualAuthenticators: true, webdriver.remote.sessionid: bd59d5f55176d51919aca0639cf...}\nSession ID: bd59d5f55176d51919aca0639cf44916\n\tat java.base/jdk.internal.reflect.NativeConstructorAccessorImpl.newInstance0(Native Method)\n\tat java.base/jdk.internal.reflect.NativeConstructorAccessorImpl.newInstance(NativeConstructorAccessorImpl.java:64)\n\tat java.base/jdk.internal.reflect.DelegatingConstructorAccessorImpl.newInstance(DelegatingConstructorAccessorImpl.java:45)\n\tat java.base/java.lang.reflect.Constructor.newInstanceWithCaller(Constructor.java:500)\n\tat java.base/java.lang.reflect.Constructor.newInstance(Constructor.java:481)\n\tat org.openqa.selenium.remote.ErrorHandler.createThrowable(ErrorHandler.java:214)\n\tat org.openqa.selenium.remote.ErrorHandler.throwIfResponseFailed(ErrorHandler.java:166)\n\tat org.openqa.selenium.remote.http.JsonHttpResponseCodec.reconstructValue(JsonHttpResponseCodec.java:40)\n\tat org.openqa.selenium.remote.http.AbstractHttpResponseCodec.decode(AbstractHttpResponseCodec.java:80)\n\tat org.openqa.selenium.remote.http.AbstractHttpResponseCodec.decode(AbstractHttpResponseCodec.java:44)\n\tat org.openqa.selenium.remote.HttpCommandExecutor.execute(HttpCommandExecutor.java:158)\n\tat org.openqa.selenium.remote.RemoteWebDriver.execute(RemoteWebDriver.java:552)\n\tat org.openqa.selenium.remote.RemoteWebDriver.get(RemoteWebDriver.java:277)\n\tat org.openqa.selenium.remote.RemoteWebDriver$RemoteNavigation.to(RemoteWebDriver.java:857)\n\tat com.shaft.gui.browser.WebDriverBrowserActions.navigateToNewURL(WebDriverBrowserActions.java:661)\n\t... 37 more\n",
    "steps" : [ {
      "name" : "Browser Action [NavigateToNewURL] failed. With the following test data [https://jqueryui.com/resources/demos/droppable/default.html].",
      "time" : {
        "start" : 1628215044666,
        "stop" : 1628215044666,
        "duration" : 0
      },
      "status" : "passed",
      "steps" : [ ],
      "attachments" : [ ],
      "parameters" : [ {
        "name" : "actionCounter",
        "value" : "462"
      }, {
        "name" : "logText",
        "value" : "Browser Action [NavigateToNewURL] failed. With the following test data [https://jqueryui.com/resources/demos/droppable/default.html]."
      }, {
        "name" : "attachments",
        "value" : "[null]"
      } ],
      "stepsCount" : 0,
      "attachmentsCount" : 0,
      "shouldDisplayMessage" : false,
      "hasContent" : true
    } ],
    "attachments" : [ {
      "uid" : "514e733a528de385",
      "name" : "Attachment: SHAFT Engine Logs - Current Method log: dragAndDropJquery",
      "source" : "514e733a528de385.txt",
      "type" : "text/plain",
      "size" : 788
    } ],
    "parameters" : [ ],
    "stepsCount" : 1,
    "attachmentsCount" : 1,
    "shouldDisplayMessage" : true,
    "hasContent" : true
  },
  "afterStages" : [ {
    "name" : "afterMethod",
    "time" : {
      "start" : 1628215044687,
      "stop" : 1628215044808,
      "duration" : 121
    },
    "description" : "",
    "status" : "passed",
    "steps" : [ {
      "name" : "Browser Action [CloseCurrentWindow] successfully performed. With the following test data [<html><head></head><body></body></html>].",
      "time" : {
        "start" : 1628215044808,
        "stop" : 1628215044808,
        "duration" : 0
      },
      "status" : "passed",
      "steps" : [ ],
      "attachments" : [ ],
      "parameters" : [ {
        "name" : "actionCounter",
        "value" : "463"
      }, {
        "name" : "logText",
        "value" : "Browser Action [CloseCurrentWindow] successfully performed. With the following test data [<html><head></head><body></body></html>]."
      } ],
      "stepsCount" : 0,
      "attachmentsCount" : 0,
      "shouldDisplayMessage" : false,
      "hasContent" : true
    } ],
    "attachments" : [ {
      "uid" : "2c612a1687f93de1",
      "name" : "Attachment: Selenium WebDriver Logs - server",
      "source" : "2c612a1687f93de1.txt",
      "type" : "text/plain",
      "size" : 1288
    }, {
      "uid" : "d550031779378739",
      "name" : "Attachment: Selenium WebDriver Logs - performance",
      "source" : "d550031779378739.txt",
      "type" : "text/plain",
      "size" : 2692
    }, {
      "uid" : "15c752ecf2832234",
      "name" : "Attachment: Selenium WebDriver Logs - driver",
      "source" : "15c752ecf2832234.txt",
      "type" : "text/plain",
      "size" : 41856
    } ],
    "parameters" : [ ],
    "stepsCount" : 1,
    "attachmentsCount" : 3,
    "shouldDisplayMessage" : false,
    "hasContent" : true
  }, {
    "name" : "closureActivities",
    "time" : {
      "start" : 1628215157966,
      "stop" : 1628215158939,
      "duration" : 973
    },
    "description" : "",
    "status" : "passed",
    "steps" : [ {
      "name" : "Successfully Closed All Drivers.",
      "time" : {
        "start" : 1628215158323,
        "stop" : 1628215158323,
        "duration" : 0
      },
      "status" : "passed",
      "steps" : [ ],
      "attachments" : [ ],
      "parameters" : [ {
        "name" : "actionCounter",
        "value" : "517"
      }, {
        "name" : "logText",
        "value" : "Successfully Closed All Drivers."
      } ],
      "stepsCount" : 0,
      "attachmentsCount" : 0,
      "shouldDisplayMessage" : false,
      "hasContent" : true
    }, {
      "name" : "Issue Summary: Total Issues = 6, New issues for Failed Tests = 4, Open issues for Passed Tests = 2, Open issues for Failed Tests = 0. Kindly check the attached Issue details.",
      "time" : {
        "start" : 1628215158332,
        "stop" : 1628215158332,
        "duration" : 0
      },
      "status" : "passed",
      "steps" : [ ],
      "attachments" : [ {
        "uid" : "835350668b0c6af9",
        "name" : "Attachment: SHAFT Engine Logs - Issues log CSV: 20210806-015918",
        "source" : "835350668b0c6af9.csv",
        "type" : "text/csv",
        "size" : 726
      } ],
      "parameters" : [ {
        "name" : "actionCounter",
        "value" : "518"
      }, {
        "name" : "logText",
        "value" : "Issue Summary: Total Issues = 6, New issues for Failed Tests = 4, Open issues for Passed Tests = 2, Open issues for Failed Tests = 0. Kindly check the attached Issue details."
      }, {
        "name" : "attachments",
        "value" : "[[SHAFT Engine Logs, Issues log CSV: 20210806-015918, java.io.ByteArrayInputStream@42fa2142]]"
      } ],
      "stepsCount" : 0,
      "attachmentsCount" : 1,
      "shouldDisplayMessage" : false,
      "hasContent" : true
    } ],
    "attachments" : [ {
      "uid" : "c1e0c4250db4881b",
      "name" : "Attachment: Selenium WebDriver Logs - server",
      "source" : "c1e0c4250db4881b.txt",
      "type" : "text/plain",
      "size" : 1288
    }, {
      "uid" : "47c0db79f625c979",
      "name" : "Attachment: Selenium WebDriver Logs - performance",
      "source" : "47c0db79f625c979.txt",
      "type" : "text/plain",
      "size" : 7432
    }, {
      "uid" : "3289a23d6cb29bb",
      "name" : "Attachment: Selenium WebDriver Logs - browser",
      "source" : "3289a23d6cb29bb.txt",
      "type" : "text/plain",
      "size" : 236
    }, {
      "uid" : "144cc0a74792e6a4",
      "name" : "Attachment: Selenium WebDriver Logs - driver",
      "source" : "144cc0a74792e6a4.txt",
      "type" : "text/plain",
      "size" : 146799
    }, {
      "uid" : "6b58e5b3ae75f55",
      "name" : "Attachment: Selenium WebDriver Logs - server",
      "source" : "6b58e5b3ae75f55.txt",
      "type" : "text/plain",
      "size" : 1288
    }, {
      "uid" : "978ef05601cc8b22",
      "name" : "Attachment: Selenium WebDriver Logs - performance",
      "source" : "978ef05601cc8b22.txt",
      "type" : "text/plain",
      "size" : 7273
    }, {
      "uid" : "e9c7d106e9564e03",
      "name" : "Attachment: Selenium WebDriver Logs - browser",
      "source" : "e9c7d106e9564e03.txt",
      "type" : "text/plain",
      "size" : 210
    }, {
      "uid" : "e9c3f16176d84580",
      "name" : "Attachment: Selenium WebDriver Logs - driver",
      "source" : "e9c3f16176d84580.txt",
      "type" : "text/plain",
      "size" : 148709
    }, {
      "uid" : "18ec808644e626e4",
      "name" : "Attachment: SHAFT Engine Logs - Execution log: 20210806-015918",
      "source" : "18ec808644e626e4.txt",
      "type" : "text/plain",
      "size" : 254425
    }, {
      "uid" : "8e8b316e703330e6",
      "name" : "Attachment: HTML - Extent Emailable Execution Report",
      "source" : "8e8b316e703330e6.html",
      "type" : "text/html",
      "size" : 8183118
    } ],
    "parameters" : [ ],
    "stepsCount" : 2,
    "attachmentsCount" : 11,
    "shouldDisplayMessage" : false,
    "hasContent" : true
  } ],
  "labels" : [ {
    "name" : "package",
    "value" : "testPackage01.Test_dragAndDrop"
  }, {
    "name" : "testClass",
    "value" : "testPackage01.Test_dragAndDrop"
  }, {
    "name" : "testMethod",
    "value" : "dragAndDropJquery"
  }, {
    "name" : "parentSuite",
    "value" : "SHAFT: Custom Suite"
  }, {
    "name" : "suite",
    "value" : "SHAFT: Custom Test"
  }, {
    "name" : "subSuite",
    "value" : "testPackage01.Test_dragAndDrop"
  }, {
    "name" : "host",
    "value" : "fv-az198-413"
  }, {
    "name" : "thread",
    "value" : "3817@fv-az198-413.main(1)"
  }, {
    "name" : "framework",
    "value" : "testng"
  }, {
    "name" : "language",
    "value" : "java"
  }, {
    "name" : "resultFormat",
    "value" : "allure2"
  } ],
  "parameters" : [ ],
  "links" : [ ],
  "hidden" : false,
  "retry" : false,
  "extra" : {
    "severity" : "normal",
    "retries" : [ ],
    "categories" : [ {
      "name" : "Product defects",
      "matchedStatuses" : [ ],
      "flaky" : false
    } ],
    "history" : {
      "statistic" : {
        "failed" : 3,
        "broken" : 0,
        "skipped" : 0,
        "passed" : 109,
        "unknown" : 0,
        "total" : 112
      },
      "items" : [ {
        "uid" : "ccfebe8b87d12f75",
        "reportUrl" : "https://MohabMohie.github.io/SHAFT_ENGINE/allure/610//#testresult/ccfebe8b87d12f75",
        "status" : "passed",
        "time" : {
          "start" : 1628128524987,
          "stop" : 1628128527266,
          "duration" : 2279
        }
      }, {
        "uid" : "d50c1a7ae06ac271",
        "reportUrl" : "https://MohabMohie.github.io/SHAFT_ENGINE/allure/609//#testresult/d50c1a7ae06ac271",
        "status" : "passed",
        "time" : {
          "start" : 1628042255247,
          "stop" : 1628042257263,
          "duration" : 2016
        }
      }, {
        "uid" : "b97179a381bcbc5f",
        "reportUrl" : "https://MohabMohie.github.io/SHAFT_ENGINE/allure/608//#testresult/b97179a381bcbc5f",
        "status" : "passed",
        "time" : {
          "start" : 1627956228662,
          "stop" : 1627956230524,
          "duration" : 1862
        }
      }, {
        "uid" : "12eca7b7d0d7348a",
        "reportUrl" : "https://MohabMohie.github.io/SHAFT_ENGINE/allure/607//#testresult/12eca7b7d0d7348a",
        "status" : "passed",
        "time" : {
          "start" : 1627869394154,
          "stop" : 1627869395965,
          "duration" : 1811
        }
      }, {
        "uid" : "830f1c67f5c97898",
        "reportUrl" : "https://MohabMohie.github.io/SHAFT_ENGINE/allure/606//#testresult/830f1c67f5c97898",
        "status" : "passed",
        "time" : {
          "start" : 1627783408786,
          "stop" : 1627783411051,
          "duration" : 2265
        }
      }, {
        "uid" : "e648a30b99da322f",
        "reportUrl" : "https://MohabMohie.github.io/SHAFT_ENGINE/allure/605//#testresult/e648a30b99da322f",
        "status" : "passed",
        "time" : {
          "start" : 1627696632278,
          "stop" : 1627696634468,
          "duration" : 2190
        }
      }, {
        "uid" : "565bcbe9d060a60a",
        "reportUrl" : "https://MohabMohie.github.io/SHAFT_ENGINE/allure/604//#testresult/565bcbe9d060a60a",
        "status" : "passed",
        "time" : {
          "start" : 1627610649618,
          "stop" : 1627610651479,
          "duration" : 1861
        }
      }, {
        "uid" : "cd89468464149b64",
        "reportUrl" : "https://MohabMohie.github.io/SHAFT_ENGINE/allure/603//#testresult/cd89468464149b64",
        "status" : "passed",
        "time" : {
          "start" : 1627523848304,
          "stop" : 1627523850154,
          "duration" : 1850
        }
      }, {
        "uid" : "bd31b3f66483c8e0",
        "reportUrl" : "https://MohabMohie.github.io/SHAFT_ENGINE/allure/602//#testresult/bd31b3f66483c8e0",
        "status" : "passed",
        "time" : {
          "start" : 1627437600233,
          "stop" : 1627437602037,
          "duration" : 1804
        }
      }, {
        "uid" : "f5c4af5a732b96e8",
        "reportUrl" : "https://MohabMohie.github.io/SHAFT_ENGINE/allure/601//#testresult/f5c4af5a732b96e8",
        "status" : "passed",
        "time" : {
          "start" : 1627351369090,
          "stop" : 1627351371375,
          "duration" : 2285
        }
      }, {
        "uid" : "529ee68ec8b641d7",
        "reportUrl" : "https://MohabMohie.github.io/SHAFT_ENGINE/allure/600//#testresult/529ee68ec8b641d7",
        "status" : "passed",
        "time" : {
          "start" : 1627302909351,
          "stop" : 1627302911515,
          "duration" : 2164
        }
      }, {
        "uid" : "11b3e7938a21171c",
        "reportUrl" : "https://MohabMohie.github.io/SHAFT_ENGINE/allure/598//#testresult/11b3e7938a21171c",
        "status" : "passed",
        "time" : {
          "start" : 1627302766083,
          "stop" : 1627302767892,
          "duration" : 1809
        }
      }, {
        "uid" : "54ea6225bad8b9f5",
        "reportUrl" : "https://MohabMohie.github.io/SHAFT_ENGINE/allure/597//#testresult/54ea6225bad8b9f5",
        "status" : "passed",
        "time" : {
          "start" : 1627264747726,
          "stop" : 1627264749553,
          "duration" : 1827
        }
      }, {
        "uid" : "98f59870adb3025d",
        "reportUrl" : "https://MohabMohie.github.io/SHAFT_ENGINE/allure/596//#testresult/98f59870adb3025d",
        "status" : "passed",
        "time" : {
          "start" : 1627178226243,
          "stop" : 1627178228449,
          "duration" : 2206
        }
      }, {
        "uid" : "5383c376a1f4f6df",
        "reportUrl" : "https://MohabMohie.github.io/SHAFT_ENGINE/allure/595//#testresult/5383c376a1f4f6df",
        "status" : "passed",
        "time" : {
          "start" : 1627091750683,
          "stop" : 1627091752829,
          "duration" : 2146
        }
      }, {
        "uid" : "2ab52f7d165e07ea",
        "reportUrl" : "https://MohabMohie.github.io/SHAFT_ENGINE/allure/594//#testresult/2ab52f7d165e07ea",
        "status" : "passed",
        "time" : {
          "start" : 1627005521703,
          "stop" : 1627005523830,
          "duration" : 2127
        }
      }, {
        "uid" : "aa6454f21ce6be13",
        "reportUrl" : "https://MohabMohie.github.io/SHAFT_ENGINE/allure/592//#testresult/aa6454f21ce6be13",
        "status" : "passed",
        "time" : {
          "start" : 1626919260451,
          "stop" : 1626919262488,
          "duration" : 2037
        }
      }, {
        "uid" : "95ef238ffddeb3e2",
        "reportUrl" : "https://MohabMohie.github.io/SHAFT_ENGINE/allure/590//#testresult/95ef238ffddeb3e2",
        "status" : "passed",
        "time" : {
          "start" : 1626832775215,
          "stop" : 1626832777417,
          "duration" : 2202
        }
      }, {
        "uid" : "7510b0f2b3131132",
        "reportUrl" : "https://MohabMohie.github.io/SHAFT_ENGINE/allure/588//#testresult/7510b0f2b3131132",
        "status" : "passed",
        "time" : {
          "start" : 1626746496236,
          "stop" : 1626746498077,
          "duration" : 1841
        }
      }, {
        "uid" : "7fe7f3f1048e8f1d",
        "reportUrl" : "https://MohabMohie.github.io/SHAFT_ENGINE/allure/587//#testresult/7fe7f3f1048e8f1d",
        "status" : "passed",
        "time" : {
          "start" : 1626659823244,
          "stop" : 1626659825120,
          "duration" : 1876
        }
      } ]
    },
    "tags" : [ ]
  },
  "source" : "9d92d39208150f3f.json",
  "parameterValues" : [ ]
}