{
  "uid" : "c1f20997775b7788",
  "name" : "TC002 - Test Drag and Drop by offset function.",
  "fullName" : "testPackage01.Test_dragAndDrop.dragAndDropByOffset",
  "historyId" : "7c02c0395504a7a7869fd091b6dfff0b",
  "time" : {
    "start" : 1628215047055,
    "stop" : 1628215077115,
    "duration" : 30060
  },
  "status" : "failed",
  "statusMessage" : "Browser Action [NavigateToNewURL] failed. With the following test data [https://jqueryui.com/resources/demos/draggable/default.html].",
  "statusTrace" : "java.lang.AssertionError: Browser Action [NavigateToNewURL] failed. With the following test data [https://jqueryui.com/resources/demos/draggable/default.html].\n\tat org.testng.Assert.fail(Assert.java:87)\n\tat com.shaft.gui.browser.WebDriverBrowserActions.failAction(WebDriverBrowserActions.java:610)\n\tat com.shaft.gui.browser.WebDriverBrowserActions.failAction(WebDriverBrowserActions.java:603)\n\tat com.shaft.gui.browser.WebDriverBrowserActions.navigateToNewURL(WebDriverBrowserActions.java:663)\n\tat com.shaft.gui.browser.WebDriverBrowserActions.navigateToURL(WebDriverBrowserActions.java:285)\n\tat com.shaft.gui.browser.WebDriverBrowserActions.navigateToURL(WebDriverBrowserActions.java:217)\n\tat com.shaft.gui.browser.BrowserActions.navigateToURL(BrowserActions.java:90)\n\tat testPackage01.Test_dragAndDrop.dragAndDropByOffset(Test_dragAndDrop.java:39)\n\tat java.base/jdk.internal.reflect.NativeMethodAccessorImpl.invoke0(Native Method)\n\tat java.base/jdk.internal.reflect.NativeMethodAccessorImpl.invoke(NativeMethodAccessorImpl.java:64)\n\tat java.base/jdk.internal.reflect.DelegatingMethodAccessorImpl.invoke(DelegatingMethodAccessorImpl.java:43)\n\tat java.base/java.lang.reflect.Method.invoke(Method.java:564)\n\tat org.testng.internal.MethodInvocationHelper.invokeMethod(MethodInvocationHelper.java:133)\n\tat org.testng.internal.TestInvoker.invokeMethod(TestInvoker.java:598)\n\tat org.testng.internal.TestInvoker.invokeTestMethod(TestInvoker.java:173)\n\tat org.testng.internal.MethodRunner.runInSequence(MethodRunner.java:46)\n\tat org.testng.internal.TestInvoker$MethodInvocationAgent.invoke(TestInvoker.java:824)\n\tat org.testng.internal.TestInvoker.invokeTestMethods(TestInvoker.java:146)\n\tat org.testng.internal.TestMethodWorker.invokeTestMethods(TestMethodWorker.java:146)\n\tat org.testng.internal.TestMethodWorker.run(TestMethodWorker.java:128)\n\tat java.base/java.util.ArrayList.forEach(ArrayList.java:1511)\n\tat org.testng.TestRunner.privateRun(TestRunner.java:794)\n\tat org.testng.TestRunner.run(TestRunner.java:596)\n\tat org.testng.SuiteRunner.runTest(SuiteRunner.java:377)\n\tat org.testng.SuiteRunner.runSequentially(SuiteRunner.java:371)\n\tat org.testng.SuiteRunner.privateRun(SuiteRunner.java:332)\n\tat org.testng.SuiteRunner.run(SuiteRunner.java:276)\n\tat org.testng.SuiteRunnerWorker.runSuite(SuiteRunnerWorker.java:53)\n\tat org.testng.SuiteRunnerWorker.run(SuiteRunnerWorker.java:96)\n\tat org.testng.TestNG.runSuitesSequentially(TestNG.java:1212)\n\tat org.testng.TestNG.runSuitesLocally(TestNG.java:1134)\n\tat org.testng.TestNG.runSuites(TestNG.java:1063)\n\tat org.testng.TestNG.run(TestNG.java:1031)\n\tat org.apache.maven.surefire.testng.TestNGExecutor.run(TestNGExecutor.java:136)\n\tat org.apache.maven.surefire.testng.TestNGDirectoryTestSuite.executeMulti(TestNGDirectoryTestSuite.java:193)\n\tat org.apache.maven.surefire.testng.TestNGDirectoryTestSuite.execute(TestNGDirectoryTestSuite.java:94)\n\tat org.apache.maven.surefire.testng.TestNGProvider.invoke(TestNGProvider.java:145)\n\tat org.apache.maven.surefire.booter.ForkedBooter.runSuitesInProcess(ForkedBooter.java:428)\n\tat org.apache.maven.surefire.booter.ForkedBooter.execute(ForkedBooter.java:162)\n\tat org.apache.maven.surefire.booter.ForkedBooter.run(ForkedBooter.java:562)\n\tat org.apache.maven.surefire.booter.ForkedBooter.main(ForkedBooter.java:548)\nCaused by: org.openqa.selenium.TimeoutException: timeout: Timed out receiving message from renderer: -0.000\n  (Session info: headless chrome=81.0.4044.138)\n  (Driver info: chromedriver=81.0.4044.138 (8c6c7ba89cc9453625af54f11fd83179e23450fa-refs/branch-heads/4044@{#999}),platform=Linux 5.8.0-1039-azure x86_64) (WARNING: The server did not provide any stacktrace information)\nCommand duration or timeout: 0 milliseconds\nBuild info: version: '3.141.59', revision: 'e82be7d358', time: '2018-11-14T08:17:03'\nSystem info: host: 'fv-az198-413', ip: '10.1.1.229', os.name: 'Linux', os.arch: 'amd64', os.version: '5.8.0-1039-azure', java.version: '15.0.4'\nDriver info: org.openqa.selenium.remote.RemoteWebDriver\nCapabilities {acceptInsecureCerts: false, acceptSslCerts: false, applicationCacheEnabled: false, browserConnectionEnabled: false, browserName: chrome, chrome: {chromedriverVersion: 81.0.4044.138 (8c6c7ba89cc9..., userDataDir: /tmp/.com.google.Chrome.YHPryt}, cssSelectorsEnabled: true, databaseEnabled: false, goog:chromeOptions: {debuggerAddress: localhost:45987}, handlesAlerts: true, hasTouchScreen: false, javascriptEnabled: true, locationContextEnabled: true, mobileEmulationEnabled: false, nativeEvents: true, networkConnectionEnabled: false, pageLoadStrategy: normal, platform: LINUX, platformName: LINUX, proxy: Proxy(), rotatable: false, setWindowRect: true, strictFileInteractability: false, takesHeapSnapshot: true, takesScreenshot: true, timeouts: {implicit: 0, pageLoad: 300000, script: 30000}, unexpectedAlertBehaviour: ignore, unhandledPromptBehavior: ignore, version: 81.0.4044.138, webStorageEnabled: true, webauthn:virtualAuthenticators: true, webdriver.remote.sessionid: bc6fb387aa66ae6651543636a73...}\nSession ID: bc6fb387aa66ae6651543636a73ac226\n\tat java.base/jdk.internal.reflect.NativeConstructorAccessorImpl.newInstance0(Native Method)\n\tat java.base/jdk.internal.reflect.NativeConstructorAccessorImpl.newInstance(NativeConstructorAccessorImpl.java:64)\n\tat java.base/jdk.internal.reflect.DelegatingConstructorAccessorImpl.newInstance(DelegatingConstructorAccessorImpl.java:45)\n\tat java.base/java.lang.reflect.Constructor.newInstanceWithCaller(Constructor.java:500)\n\tat java.base/java.lang.reflect.Constructor.newInstance(Constructor.java:481)\n\tat org.openqa.selenium.remote.ErrorHandler.createThrowable(ErrorHandler.java:214)\n\tat org.openqa.selenium.remote.ErrorHandler.throwIfResponseFailed(ErrorHandler.java:166)\n\tat org.openqa.selenium.remote.http.JsonHttpResponseCodec.reconstructValue(JsonHttpResponseCodec.java:40)\n\tat org.openqa.selenium.remote.http.AbstractHttpResponseCodec.decode(AbstractHttpResponseCodec.java:80)\n\tat org.openqa.selenium.remote.http.AbstractHttpResponseCodec.decode(AbstractHttpResponseCodec.java:44)\n\tat org.openqa.selenium.remote.HttpCommandExecutor.execute(HttpCommandExecutor.java:158)\n\tat org.openqa.selenium.remote.RemoteWebDriver.execute(RemoteWebDriver.java:552)\n\tat org.openqa.selenium.remote.RemoteWebDriver.get(RemoteWebDriver.java:277)\n\tat org.openqa.selenium.remote.RemoteWebDriver$RemoteNavigation.to(RemoteWebDriver.java:857)\n\tat com.shaft.gui.browser.WebDriverBrowserActions.navigateToNewURL(WebDriverBrowserActions.java:661)\n\t... 37 more\n",
  "flaky" : false,
  "newFailed" : true,
  "beforeStages" : [ {
    "name" : "beforeMethod",
    "time" : {
      "start" : 1628215046820,
      "stop" : 1628215047053,
      "duration" : 233
    },
    "description" : "",
    "status" : "passed",
    "steps" : [ {
      "name" : "Attempting to run remotely on: [Linux-64], [GoogleChrome], [http://localhost:4444/wd/hub], Headless Execution.",
      "time" : {
        "start" : 1628215046821,
        "stop" : 1628215046821,
        "duration" : 0
      },
      "status" : "passed",
      "steps" : [ ],
      "attachments" : [ ],
      "parameters" : [ {
        "name" : "actionCounter",
        "value" : "470"
      }, {
        "name" : "logText",
        "value" : "Attempting to run remotely on: [Linux-64], [GoogleChrome], [http://localhost:4444/wd/hub], Headless Execution."
      } ],
      "stepsCount" : 0,
      "attachmentsCount" : 0,
      "shouldDisplayMessage" : false,
      "hasContent" : true
    }, {
      "name" : "Successfully Opened [GoogleChrome].",
      "time" : {
        "start" : 1628215047043,
        "stop" : 1628215047043,
        "duration" : 0
      },
      "status" : "passed",
      "steps" : [ ],
      "attachments" : [ ],
      "parameters" : [ {
        "name" : "actionCounter",
        "value" : "471"
      }, {
        "name" : "logText",
        "value" : "Successfully Opened [GoogleChrome]."
      } ],
      "stepsCount" : 0,
      "attachmentsCount" : 0,
      "shouldDisplayMessage" : false,
      "hasContent" : true
    } ],
    "attachments" : [ ],
    "parameters" : [ ],
    "stepsCount" : 2,
    "attachmentsCount" : 0,
    "shouldDisplayMessage" : false,
    "hasContent" : true
  } ],
  "testStage" : {
    "status" : "failed",
    "statusMessage" : "Browser Action [NavigateToNewURL] failed. With the following test data [https://jqueryui.com/resources/demos/draggable/default.html].",
    "statusTrace" : "java.lang.AssertionError: Browser Action [NavigateToNewURL] failed. With the following test data [https://jqueryui.com/resources/demos/draggable/default.html].\n\tat org.testng.Assert.fail(Assert.java:87)\n\tat com.shaft.gui.browser.WebDriverBrowserActions.failAction(WebDriverBrowserActions.java:610)\n\tat com.shaft.gui.browser.WebDriverBrowserActions.failAction(WebDriverBrowserActions.java:603)\n\tat com.shaft.gui.browser.WebDriverBrowserActions.navigateToNewURL(WebDriverBrowserActions.java:663)\n\tat com.shaft.gui.browser.WebDriverBrowserActions.navigateToURL(WebDriverBrowserActions.java:285)\n\tat com.shaft.gui.browser.WebDriverBrowserActions.navigateToURL(WebDriverBrowserActions.java:217)\n\tat com.shaft.gui.browser.BrowserActions.navigateToURL(BrowserActions.java:90)\n\tat testPackage01.Test_dragAndDrop.dragAndDropByOffset(Test_dragAndDrop.java:39)\n\tat java.base/jdk.internal.reflect.NativeMethodAccessorImpl.invoke0(Native Method)\n\tat java.base/jdk.internal.reflect.NativeMethodAccessorImpl.invoke(NativeMethodAccessorImpl.java:64)\n\tat java.base/jdk.internal.reflect.DelegatingMethodAccessorImpl.invoke(DelegatingMethodAccessorImpl.java:43)\n\tat java.base/java.lang.reflect.Method.invoke(Method.java:564)\n\tat org.testng.internal.MethodInvocationHelper.invokeMethod(MethodInvocationHelper.java:133)\n\tat org.testng.internal.TestInvoker.invokeMethod(TestInvoker.java:598)\n\tat org.testng.internal.TestInvoker.invokeTestMethod(TestInvoker.java:173)\n\tat org.testng.internal.MethodRunner.runInSequence(MethodRunner.java:46)\n\tat org.testng.internal.TestInvoker$MethodInvocationAgent.invoke(TestInvoker.java:824)\n\tat org.testng.internal.TestInvoker.invokeTestMethods(TestInvoker.java:146)\n\tat org.testng.internal.TestMethodWorker.invokeTestMethods(TestMethodWorker.java:146)\n\tat org.testng.internal.TestMethodWorker.run(TestMethodWorker.java:128)\n\tat java.base/java.util.ArrayList.forEach(ArrayList.java:1511)\n\tat org.testng.TestRunner.privateRun(TestRunner.java:794)\n\tat org.testng.TestRunner.run(TestRunner.java:596)\n\tat org.testng.SuiteRunner.runTest(SuiteRunner.java:377)\n\tat org.testng.SuiteRunner.runSequentially(SuiteRunner.java:371)\n\tat org.testng.SuiteRunner.privateRun(SuiteRunner.java:332)\n\tat org.testng.SuiteRunner.run(SuiteRunner.java:276)\n\tat org.testng.SuiteRunnerWorker.runSuite(SuiteRunnerWorker.java:53)\n\tat org.testng.SuiteRunnerWorker.run(SuiteRunnerWorker.java:96)\n\tat org.testng.TestNG.runSuitesSequentially(TestNG.java:1212)\n\tat org.testng.TestNG.runSuitesLocally(TestNG.java:1134)\n\tat org.testng.TestNG.runSuites(TestNG.java:1063)\n\tat org.testng.TestNG.run(TestNG.java:1031)\n\tat org.apache.maven.surefire.testng.TestNGExecutor.run(TestNGExecutor.java:136)\n\tat org.apache.maven.surefire.testng.TestNGDirectoryTestSuite.executeMulti(TestNGDirectoryTestSuite.java:193)\n\tat org.apache.maven.surefire.testng.TestNGDirectoryTestSuite.execute(TestNGDirectoryTestSuite.java:94)\n\tat org.apache.maven.surefire.testng.TestNGProvider.invoke(TestNGProvider.java:145)\n\tat org.apache.maven.surefire.booter.ForkedBooter.runSuitesInProcess(ForkedBooter.java:428)\n\tat org.apache.maven.surefire.booter.ForkedBooter.execute(ForkedBooter.java:162)\n\tat org.apache.maven.surefire.booter.ForkedBooter.run(ForkedBooter.java:562)\n\tat org.apache.maven.surefire.booter.ForkedBooter.main(ForkedBooter.java:548)\nCaused by: org.openqa.selenium.TimeoutException: timeout: Timed out receiving message from renderer: -0.000\n  (Session info: headless chrome=81.0.4044.138)\n  (Driver info: chromedriver=81.0.4044.138 (8c6c7ba89cc9453625af54f11fd83179e23450fa-refs/branch-heads/4044@{#999}),platform=Linux 5.8.0-1039-azure x86_64) (WARNING: The server did not provide any stacktrace information)\nCommand duration or timeout: 0 milliseconds\nBuild info: version: '3.141.59', revision: 'e82be7d358', time: '2018-11-14T08:17:03'\nSystem info: host: 'fv-az198-413', ip: '10.1.1.229', os.name: 'Linux', os.arch: 'amd64', os.version: '5.8.0-1039-azure', java.version: '15.0.4'\nDriver info: org.openqa.selenium.remote.RemoteWebDriver\nCapabilities {acceptInsecureCerts: false, acceptSslCerts: false, applicationCacheEnabled: false, browserConnectionEnabled: false, browserName: chrome, chrome: {chromedriverVersion: 81.0.4044.138 (8c6c7ba89cc9..., userDataDir: /tmp/.com.google.Chrome.YHPryt}, cssSelectorsEnabled: true, databaseEnabled: false, goog:chromeOptions: {debuggerAddress: localhost:45987}, handlesAlerts: true, hasTouchScreen: false, javascriptEnabled: true, locationContextEnabled: true, mobileEmulationEnabled: false, nativeEvents: true, networkConnectionEnabled: false, pageLoadStrategy: normal, platform: LINUX, platformName: LINUX, proxy: Proxy(), rotatable: false, setWindowRect: true, strictFileInteractability: false, takesHeapSnapshot: true, takesScreenshot: true, timeouts: {implicit: 0, pageLoad: 300000, script: 30000}, unexpectedAlertBehaviour: ignore, unhandledPromptBehavior: ignore, version: 81.0.4044.138, webStorageEnabled: true, webauthn:virtualAuthenticators: true, webdriver.remote.sessionid: bc6fb387aa66ae6651543636a73...}\nSession ID: bc6fb387aa66ae6651543636a73ac226\n\tat java.base/jdk.internal.reflect.NativeConstructorAccessorImpl.newInstance0(Native Method)\n\tat java.base/jdk.internal.reflect.NativeConstructorAccessorImpl.newInstance(NativeConstructorAccessorImpl.java:64)\n\tat java.base/jdk.internal.reflect.DelegatingConstructorAccessorImpl.newInstance(DelegatingConstructorAccessorImpl.java:45)\n\tat java.base/java.lang.reflect.Constructor.newInstanceWithCaller(Constructor.java:500)\n\tat java.base/java.lang.reflect.Constructor.newInstance(Constructor.java:481)\n\tat org.openqa.selenium.remote.ErrorHandler.createThrowable(ErrorHandler.java:214)\n\tat org.openqa.selenium.remote.ErrorHandler.throwIfResponseFailed(ErrorHandler.java:166)\n\tat org.openqa.selenium.remote.http.JsonHttpResponseCodec.reconstructValue(JsonHttpResponseCodec.java:40)\n\tat org.openqa.selenium.remote.http.AbstractHttpResponseCodec.decode(AbstractHttpResponseCodec.java:80)\n\tat org.openqa.selenium.remote.http.AbstractHttpResponseCodec.decode(AbstractHttpResponseCodec.java:44)\n\tat org.openqa.selenium.remote.HttpCommandExecutor.execute(HttpCommandExecutor.java:158)\n\tat org.openqa.selenium.remote.RemoteWebDriver.execute(RemoteWebDriver.java:552)\n\tat org.openqa.selenium.remote.RemoteWebDriver.get(RemoteWebDriver.java:277)\n\tat org.openqa.selenium.remote.RemoteWebDriver$RemoteNavigation.to(RemoteWebDriver.java:857)\n\tat com.shaft.gui.browser.WebDriverBrowserActions.navigateToNewURL(WebDriverBrowserActions.java:661)\n\t... 37 more\n",
    "steps" : [ {
      "name" : "Browser Action [NavigateToNewURL] failed. With the following test data [https://jqueryui.com/resources/demos/draggable/default.html].",
      "time" : {
        "start" : 1628215077112,
        "stop" : 1628215077112,
        "duration" : 0
      },
      "status" : "passed",
      "steps" : [ ],
      "attachments" : [ ],
      "parameters" : [ {
        "name" : "actionCounter",
        "value" : "472"
      }, {
        "name" : "logText",
        "value" : "Browser Action [NavigateToNewURL] failed. With the following test data [https://jqueryui.com/resources/demos/draggable/default.html]."
      }, {
        "name" : "attachments",
        "value" : "[null]"
      } ],
      "stepsCount" : 0,
      "attachmentsCount" : 0,
      "shouldDisplayMessage" : false,
      "hasContent" : true
    } ],
    "attachments" : [ {
      "uid" : "aaa1907c57427dc3",
      "name" : "Attachment: SHAFT Engine Logs - Current Method log: dragAndDropByOffset",
      "source" : "aaa1907c57427dc3.txt",
      "type" : "text/plain",
      "size" : 857
    } ],
    "parameters" : [ ],
    "stepsCount" : 1,
    "attachmentsCount" : 1,
    "shouldDisplayMessage" : true,
    "hasContent" : true
  },
  "afterStages" : [ {
    "name" : "afterMethod",
    "time" : {
      "start" : 1628215077115,
      "stop" : 1628215077193,
      "duration" : 78
    },
    "description" : "",
    "status" : "passed",
    "steps" : [ {
      "name" : "Browser Action [CloseCurrentWindow] successfully performed. With the following test data [<html><head></head><body></body></html>].",
      "time" : {
        "start" : 1628215077193,
        "stop" : 1628215077193,
        "duration" : 0
      },
      "status" : "passed",
      "steps" : [ ],
      "attachments" : [ ],
      "parameters" : [ {
        "name" : "actionCounter",
        "value" : "473"
      }, {
        "name" : "logText",
        "value" : "Browser Action [CloseCurrentWindow] successfully performed. With the following test data [<html><head></head><body></body></html>]."
      } ],
      "stepsCount" : 0,
      "attachmentsCount" : 0,
      "shouldDisplayMessage" : false,
      "hasContent" : true
    } ],
    "attachments" : [ {
      "uid" : "bce89b4b566ce4d5",
      "name" : "Attachment: Selenium WebDriver Logs - server",
      "source" : "bce89b4b566ce4d5.txt",
      "type" : "text/plain",
      "size" : 1288
    }, {
      "uid" : "8853cd3a03eb3a08",
      "name" : "Attachment: Selenium WebDriver Logs - performance",
      "source" : "8853cd3a03eb3a08.txt",
      "type" : "text/plain",
      "size" : 2691
    }, {
      "uid" : "b69555a8f3f7acea",
      "name" : "Attachment: Selenium WebDriver Logs - driver",
      "source" : "b69555a8f3f7acea.txt",
      "type" : "text/plain",
      "size" : 41854
    } ],
    "parameters" : [ ],
    "stepsCount" : 1,
    "attachmentsCount" : 3,
    "shouldDisplayMessage" : false,
    "hasContent" : true
  }, {
    "name" : "closureActivities",
    "time" : {
      "start" : 1628215157966,
      "stop" : 1628215158939,
      "duration" : 973
    },
    "description" : "",
    "status" : "passed",
    "steps" : [ {
      "name" : "Successfully Closed All Drivers.",
      "time" : {
        "start" : 1628215158323,
        "stop" : 1628215158323,
        "duration" : 0
      },
      "status" : "passed",
      "steps" : [ ],
      "attachments" : [ ],
      "parameters" : [ {
        "name" : "actionCounter",
        "value" : "517"
      }, {
        "name" : "logText",
        "value" : "Successfully Closed All Drivers."
      } ],
      "stepsCount" : 0,
      "attachmentsCount" : 0,
      "shouldDisplayMessage" : false,
      "hasContent" : true
    }, {
      "name" : "Issue Summary: Total Issues = 6, New issues for Failed Tests = 4, Open issues for Passed Tests = 2, Open issues for Failed Tests = 0. Kindly check the attached Issue details.",
      "time" : {
        "start" : 1628215158332,
        "stop" : 1628215158332,
        "duration" : 0
      },
      "status" : "passed",
      "steps" : [ ],
      "attachments" : [ {
        "uid" : "835350668b0c6af9",
        "name" : "Attachment: SHAFT Engine Logs - Issues log CSV: 20210806-015918",
        "source" : "835350668b0c6af9.csv",
        "type" : "text/csv",
        "size" : 726
      } ],
      "parameters" : [ {
        "name" : "actionCounter",
        "value" : "518"
      }, {
        "name" : "logText",
        "value" : "Issue Summary: Total Issues = 6, New issues for Failed Tests = 4, Open issues for Passed Tests = 2, Open issues for Failed Tests = 0. Kindly check the attached Issue details."
      }, {
        "name" : "attachments",
        "value" : "[[SHAFT Engine Logs, Issues log CSV: 20210806-015918, java.io.ByteArrayInputStream@42fa2142]]"
      } ],
      "stepsCount" : 0,
      "attachmentsCount" : 1,
      "shouldDisplayMessage" : false,
      "hasContent" : true
    } ],
    "attachments" : [ {
      "uid" : "c1e0c4250db4881b",
      "name" : "Attachment: Selenium WebDriver Logs - server",
      "source" : "c1e0c4250db4881b.txt",
      "type" : "text/plain",
      "size" : 1288
    }, {
      "uid" : "47c0db79f625c979",
      "name" : "Attachment: Selenium WebDriver Logs - performance",
      "source" : "47c0db79f625c979.txt",
      "type" : "text/plain",
      "size" : 7432
    }, {
      "uid" : "3289a23d6cb29bb",
      "name" : "Attachment: Selenium WebDriver Logs - browser",
      "source" : "3289a23d6cb29bb.txt",
      "type" : "text/plain",
      "size" : 236
    }, {
      "uid" : "144cc0a74792e6a4",
      "name" : "Attachment: Selenium WebDriver Logs - driver",
      "source" : "144cc0a74792e6a4.txt",
      "type" : "text/plain",
      "size" : 146799
    }, {
      "uid" : "6b58e5b3ae75f55",
      "name" : "Attachment: Selenium WebDriver Logs - server",
      "source" : "6b58e5b3ae75f55.txt",
      "type" : "text/plain",
      "size" : 1288
    }, {
      "uid" : "978ef05601cc8b22",
      "name" : "Attachment: Selenium WebDriver Logs - performance",
      "source" : "978ef05601cc8b22.txt",
      "type" : "text/plain",
      "size" : 7273
    }, {
      "uid" : "e9c7d106e9564e03",
      "name" : "Attachment: Selenium WebDriver Logs - browser",
      "source" : "e9c7d106e9564e03.txt",
      "type" : "text/plain",
      "size" : 210
    }, {
      "uid" : "e9c3f16176d84580",
      "name" : "Attachment: Selenium WebDriver Logs - driver",
      "source" : "e9c3f16176d84580.txt",
      "type" : "text/plain",
      "size" : 148709
    }, {
      "uid" : "18ec808644e626e4",
      "name" : "Attachment: SHAFT Engine Logs - Execution log: 20210806-015918",
      "source" : "18ec808644e626e4.txt",
      "type" : "text/plain",
      "size" : 254425
    }, {
      "uid" : "8e8b316e703330e6",
      "name" : "Attachment: HTML - Extent Emailable Execution Report",
      "source" : "8e8b316e703330e6.html",
      "type" : "text/html",
      "size" : 8183118
    } ],
    "parameters" : [ ],
    "stepsCount" : 2,
    "attachmentsCount" : 11,
    "shouldDisplayMessage" : false,
    "hasContent" : true
  } ],
  "labels" : [ {
    "name" : "package",
    "value" : "testPackage01.Test_dragAndDrop"
  }, {
    "name" : "testClass",
    "value" : "testPackage01.Test_dragAndDrop"
  }, {
    "name" : "testMethod",
    "value" : "dragAndDropByOffset"
  }, {
    "name" : "parentSuite",
    "value" : "SHAFT: Custom Suite"
  }, {
    "name" : "suite",
    "value" : "SHAFT: Custom Test"
  }, {
    "name" : "subSuite",
    "value" : "testPackage01.Test_dragAndDrop"
  }, {
    "name" : "host",
    "value" : "fv-az198-413"
  }, {
    "name" : "thread",
    "value" : "3817@fv-az198-413.main(1)"
  }, {
    "name" : "framework",
    "value" : "testng"
  }, {
    "name" : "language",
    "value" : "java"
  }, {
    "name" : "resultFormat",
    "value" : "allure2"
  } ],
  "parameters" : [ ],
  "links" : [ ],
  "hidden" : false,
  "retry" : false,
  "extra" : {
    "severity" : "normal",
    "retries" : [ ],
    "categories" : [ {
      "name" : "Product defects",
      "matchedStatuses" : [ ],
      "flaky" : false
    } ],
    "history" : {
      "statistic" : {
        "failed" : 3,
        "broken" : 0,
        "skipped" : 0,
        "passed" : 109,
        "unknown" : 0,
        "total" : 112
      },
      "items" : [ {
        "uid" : "1c02c5697e1aab06",
        "reportUrl" : "https://MohabMohie.github.io/SHAFT_ENGINE/allure/610//#testresult/1c02c5697e1aab06",
        "status" : "passed",
        "time" : {
          "start" : 1628128529997,
          "stop" : 1628128530772,
          "duration" : 775
        }
      }, {
        "uid" : "a95b2f601e428c1a",
        "reportUrl" : "https://MohabMohie.github.io/SHAFT_ENGINE/allure/609//#testresult/a95b2f601e428c1a",
        "status" : "passed",
        "time" : {
          "start" : 1628042259759,
          "stop" : 1628042260304,
          "duration" : 545
        }
      }, {
        "uid" : "b899153c541595a1",
        "reportUrl" : "https://MohabMohie.github.io/SHAFT_ENGINE/allure/608//#testresult/b899153c541595a1",
        "status" : "passed",
        "time" : {
          "start" : 1627956232852,
          "stop" : 1627956233352,
          "duration" : 500
        }
      }, {
        "uid" : "feedd3d3db2b95b0",
        "reportUrl" : "https://MohabMohie.github.io/SHAFT_ENGINE/allure/607//#testresult/feedd3d3db2b95b0",
        "status" : "passed",
        "time" : {
          "start" : 1627869398215,
          "stop" : 1627869398762,
          "duration" : 547
        }
      }, {
        "uid" : "86f34b63fb13c657",
        "reportUrl" : "https://MohabMohie.github.io/SHAFT_ENGINE/allure/606//#testresult/86f34b63fb13c657",
        "status" : "passed",
        "time" : {
          "start" : 1627783414051,
          "stop" : 1627783414624,
          "duration" : 573
        }
      }, {
        "uid" : "a0ecbc22b8c92580",
        "reportUrl" : "https://MohabMohie.github.io/SHAFT_ENGINE/allure/605//#testresult/a0ecbc22b8c92580",
        "status" : "passed",
        "time" : {
          "start" : 1627696637288,
          "stop" : 1627696638019,
          "duration" : 731
        }
      }, {
        "uid" : "99c15e308f86d5cf",
        "reportUrl" : "https://MohabMohie.github.io/SHAFT_ENGINE/allure/604//#testresult/99c15e308f86d5cf",
        "status" : "passed",
        "time" : {
          "start" : 1627610653758,
          "stop" : 1627610654318,
          "duration" : 560
        }
      }, {
        "uid" : "57927f2baee0d132",
        "reportUrl" : "https://MohabMohie.github.io/SHAFT_ENGINE/allure/603//#testresult/57927f2baee0d132",
        "status" : "passed",
        "time" : {
          "start" : 1627523852411,
          "stop" : 1627523852895,
          "duration" : 484
        }
      }, {
        "uid" : "ec07a7ff772d96a",
        "reportUrl" : "https://MohabMohie.github.io/SHAFT_ENGINE/allure/602//#testresult/ec07a7ff772d96a",
        "status" : "passed",
        "time" : {
          "start" : 1627437604356,
          "stop" : 1627437604845,
          "duration" : 489
        }
      }, {
        "uid" : "9188495ca0461449",
        "reportUrl" : "https://MohabMohie.github.io/SHAFT_ENGINE/allure/601//#testresult/9188495ca0461449",
        "status" : "passed",
        "time" : {
          "start" : 1627351374612,
          "stop" : 1627351375466,
          "duration" : 854
        }
      }, {
        "uid" : "d0a92134b6580f31",
        "reportUrl" : "https://MohabMohie.github.io/SHAFT_ENGINE/allure/600//#testresult/d0a92134b6580f31",
        "status" : "passed",
        "time" : {
          "start" : 1627302914611,
          "stop" : 1627302915336,
          "duration" : 725
        }
      }, {
        "uid" : "6267b0e880d0c1e9",
        "reportUrl" : "https://MohabMohie.github.io/SHAFT_ENGINE/allure/598//#testresult/6267b0e880d0c1e9",
        "status" : "passed",
        "time" : {
          "start" : 1627302770148,
          "stop" : 1627302770646,
          "duration" : 498
        }
      }, {
        "uid" : "c5be0db86aedaa8a",
        "reportUrl" : "https://MohabMohie.github.io/SHAFT_ENGINE/allure/597//#testresult/c5be0db86aedaa8a",
        "status" : "passed",
        "time" : {
          "start" : 1627264751863,
          "stop" : 1627264752328,
          "duration" : 465
        }
      }, {
        "uid" : "4abaca8da409699b",
        "reportUrl" : "https://MohabMohie.github.io/SHAFT_ENGINE/allure/596//#testresult/4abaca8da409699b",
        "status" : "passed",
        "time" : {
          "start" : 1627178231504,
          "stop" : 1627178232102,
          "duration" : 598
        }
      }, {
        "uid" : "a9d1efba11334bf9",
        "reportUrl" : "https://MohabMohie.github.io/SHAFT_ENGINE/allure/595//#testresult/a9d1efba11334bf9",
        "status" : "passed",
        "time" : {
          "start" : 1627091755495,
          "stop" : 1627091756194,
          "duration" : 699
        }
      }, {
        "uid" : "cb2787593af3ff29",
        "reportUrl" : "https://MohabMohie.github.io/SHAFT_ENGINE/allure/594//#testresult/cb2787593af3ff29",
        "status" : "passed",
        "time" : {
          "start" : 1627005526528,
          "stop" : 1627005527226,
          "duration" : 698
        }
      }, {
        "uid" : "d153975f8ee6d745",
        "reportUrl" : "https://MohabMohie.github.io/SHAFT_ENGINE/allure/592//#testresult/d153975f8ee6d745",
        "status" : "passed",
        "time" : {
          "start" : 1626919265098,
          "stop" : 1626919265726,
          "duration" : 628
        }
      }, {
        "uid" : "b8cf0dd5ba9466a",
        "reportUrl" : "https://MohabMohie.github.io/SHAFT_ENGINE/allure/590//#testresult/b8cf0dd5ba9466a",
        "status" : "passed",
        "time" : {
          "start" : 1626832781460,
          "stop" : 1626832782306,
          "duration" : 846
        }
      }, {
        "uid" : "688ecc37051b2255",
        "reportUrl" : "https://MohabMohie.github.io/SHAFT_ENGINE/allure/588//#testresult/688ecc37051b2255",
        "status" : "passed",
        "time" : {
          "start" : 1626746500354,
          "stop" : 1626746500936,
          "duration" : 582
        }
      }, {
        "uid" : "b48970009e48568f",
        "reportUrl" : "https://MohabMohie.github.io/SHAFT_ENGINE/allure/587//#testresult/b48970009e48568f",
        "status" : "passed",
        "time" : {
          "start" : 1626659827487,
          "stop" : 1626659828053,
          "duration" : 566
        }
      } ]
    },
    "tags" : [ ]
  },
  "source" : "c1f20997775b7788.json",
  "parameterValues" : [ ]
}